src/components/FocusableField.test.tsx(40,1): error TS2593: Cannot find name 'describe'. Do you need to install type definitions for a test runner? Try `npm i --save-dev @types/jest` or `npm i --save-dev @types/mocha` and then add 'jest' or 'mocha' to the types field in your tsconfig.
src/components/FocusableField.test.tsx(41,3): error TS2593: Cannot find name 'describe'. Do you need to install type definitions for a test runner? Try `npm i --save-dev @types/jest` or `npm i --save-dev @types/mocha` and then add 'jest' or 'mocha' to the types field in your tsconfig.
src/components/FocusableField.test.tsx(42,5): error TS2593: Cannot find name 'it'. Do you need to install type definitions for a test runner? Try `npm i --save-dev @types/jest` or `npm i --save-dev @types/mocha` and then add 'jest' or 'mocha' to the types field in your tsconfig.
src/components/FocusableField.test.tsx(55,9): error TS2304: Cannot find name 'expect'.
src/components/FocusableField.test.tsx(59,7): error TS2304: Cannot find name 'expect'.
src/components/FocusableField.test.tsx(60,7): error TS2304: Cannot find name 'expect'.
src/components/FocusableField.test.tsx(63,5): error TS2593: Cannot find name 'it'. Do you need to install type definitions for a test runner? Try `npm i --save-dev @types/jest` or `npm i --save-dev @types/mocha` and then add 'jest' or 'mocha' to the types field in your tsconfig.
src/components/FocusableField.test.tsx(76,9): error TS2304: Cannot find name 'expect'.
src/components/FocusableField.test.tsx(82,9): error TS2304: Cannot find name 'expect'.
src/components/FocusableField.test.tsx(86,5): error TS2593: Cannot find name 'it'. Do you need to install type definitions for a test runner? Try `npm i --save-dev @types/jest` or `npm i --save-dev @types/mocha` and then add 'jest' or 'mocha' to the types field in your tsconfig.
src/components/FocusableField.test.tsx(99,9): error TS2304: Cannot find name 'expect'.
src/components/FocusableField.test.tsx(102,7): error TS2304: Cannot find name 'expect'.
src/components/FocusableField.test.tsx(106,3): error TS2593: Cannot find name 'describe'. Do you need to install type definitions for a test runner? Try `npm i --save-dev @types/jest` or `npm i --save-dev @types/mocha` and then add 'jest' or 'mocha' to the types field in your tsconfig.
src/components/FocusableField.test.tsx(107,5): error TS2593: Cannot find name 'it'. Do you need to install type definitions for a test runner? Try `npm i --save-dev @types/jest` or `npm i --save-dev @types/mocha` and then add 'jest' or 'mocha' to the types field in your tsconfig.
src/components/FocusableField.test.tsx(108,31): error TS2708: Cannot use namespace 'jest' as a value.
src/components/FocusableField.test.tsx(121,7): error TS2304: Cannot find name 'expect'.
src/components/FocusableField.test.tsx(127,5): error TS2593: Cannot find name 'it'. Do you need to install type definitions for a test runner? Try `npm i --save-dev @types/jest` or `npm i --save-dev @types/mocha` and then add 'jest' or 'mocha' to the types field in your tsconfig.
src/components/FocusableField.test.tsx(128,29): error TS2708: Cannot use namespace 'jest' as a value.
src/components/FocusableField.test.tsx(129,26): error TS2708: Cannot use namespace 'jest' as a value.
src/components/FocusableField.test.tsx(156,7): error TS2304: Cannot find name 'expect'.
src/components/FocusableField.test.tsx(157,7): error TS2304: Cannot find name 'expect'.
src/components/FocusableField.test.tsx(160,7): error TS2304: Cannot find name 'expect'.
src/components/FocusableField.test.tsx(163,5): error TS2593: Cannot find name 'it'. Do you need to install type definitions for a test runner? Try `npm i --save-dev @types/jest` or `npm i --save-dev @types/mocha` and then add 'jest' or 'mocha' to the types field in your tsconfig.
src/components/FocusableField.test.tsx(164,29): error TS2708: Cannot use namespace 'jest' as a value.
src/components/FocusableField.test.tsx(165,26): error TS2708: Cannot use namespace 'jest' as a value.
src/components/FocusableField.test.tsx(188,7): error TS2304: Cannot find name 'expect'.
src/components/FocusableField.test.tsx(189,7): error TS2304: Cannot find name 'expect'.
src/components/FocusableField.test.tsx(193,3): error TS2593: Cannot find name 'describe'. Do you need to install type definitions for a test runner? Try `npm i --save-dev @types/jest` or `npm i --save-dev @types/mocha` and then add 'jest' or 'mocha' to the types field in your tsconfig.
src/components/FocusableField.test.tsx(194,5): error TS2593: Cannot find name 'it'. Do you need to install type definitions for a test runner? Try `npm i --save-dev @types/jest` or `npm i --save-dev @types/mocha` and then add 'jest' or 'mocha' to the types field in your tsconfig.
src/components/FocusableField.test.tsx(195,26): error TS2708: Cannot use namespace 'jest' as a value.
src/components/FocusableField.test.tsx(211,7): error TS2304: Cannot find name 'expect'.
src/components/FocusableField.test.tsx(214,5): error TS2593: Cannot find name 'it'. Do you need to install type definitions for a test runner? Try `npm i --save-dev @types/jest` or `npm i --save-dev @types/mocha` and then add 'jest' or 'mocha' to the types field in your tsconfig.
src/components/FocusableField.test.tsx(215,26): error TS2708: Cannot use namespace 'jest' as a value.
src/components/FocusableField.test.tsx(231,7): error TS2304: Cannot find name 'expect'.
src/components/FocusableField.test.tsx(234,5): error TS2593: Cannot find name 'it'. Do you need to install type definitions for a test runner? Try `npm i --save-dev @types/jest` or `npm i --save-dev @types/mocha` and then add 'jest' or 'mocha' to the types field in your tsconfig.
src/components/FocusableField.test.tsx(235,26): error TS2708: Cannot use namespace 'jest' as a value.
src/components/FocusableField.test.tsx(251,7): error TS2304: Cannot find name 'expect'.
src/components/FocusableField.test.tsx(254,5): error TS2593: Cannot find name 'it'. Do you need to install type definitions for a test runner? Try `npm i --save-dev @types/jest` or `npm i --save-dev @types/mocha` and then add 'jest' or 'mocha' to the types field in your tsconfig.
src/components/FocusableField.test.tsx(255,29): error TS2708: Cannot use namespace 'jest' as a value.
src/components/FocusableField.test.tsx(270,33): error TS2708: Cannot use namespace 'jest' as a value.
src/components/FocusableField.test.tsx(274,7): error TS2304: Cannot find name 'expect'.
src/components/FocusableField.test.tsx(278,3): error TS2593: Cannot find name 'describe'. Do you need to install type definitions for a test runner? Try `npm i --save-dev @types/jest` or `npm i --save-dev @types/mocha` and then add 'jest' or 'mocha' to the types field in your tsconfig.
src/components/FocusableField.test.tsx(279,5): error TS2593: Cannot find name 'it'. Do you need to install type definitions for a test runner? Try `npm i --save-dev @types/jest` or `npm i --save-dev @types/mocha` and then add 'jest' or 'mocha' to the types field in your tsconfig.
src/components/FocusableField.test.tsx(280,26): error TS2708: Cannot use namespace 'jest' as a value.
src/components/FocusableField.test.tsx(300,7): error TS2304: Cannot find name 'expect'.
src/components/FocusableField.test.tsx(303,5): error TS2593: Cannot find name 'it'. Do you need to install type definitions for a test runner? Try `npm i --save-dev @types/jest` or `npm i --save-dev @types/mocha` and then add 'jest' or 'mocha' to the types field in your tsconfig.
src/components/FocusableField.test.tsx(314,7): error TS2304: Cannot find name 'expect'.
src/components/FocusableField.test.tsx(317,5): error TS2593: Cannot find name 'it'. Do you need to install type definitions for a test runner? Try `npm i --save-dev @types/jest` or `npm i --save-dev @types/mocha` and then add 'jest' or 'mocha' to the types field in your tsconfig.
src/components/FocusableField.test.tsx(328,7): error TS2304: Cannot find name 'expect'.
src/components/FocusableField.test.tsx(331,5): error TS2593: Cannot find name 'it'. Do you need to install type definitions for a test runner? Try `npm i --save-dev @types/jest` or `npm i --save-dev @types/mocha` and then add 'jest' or 'mocha' to the types field in your tsconfig.
src/components/FocusableField.test.tsx(332,30): error TS2708: Cannot use namespace 'jest' as a value.
src/components/FocusableField.test.tsx(351,7): error TS2304: Cannot find name 'expect'.
src/components/FocusableField.test.tsx(355,3): error TS2593: Cannot find name 'describe'. Do you need to install type definitions for a test runner? Try `npm i --save-dev @types/jest` or `npm i --save-dev @types/mocha` and then add 'jest' or 'mocha' to the types field in your tsconfig.
src/components/FocusableField.test.tsx(356,5): error TS2593: Cannot find name 'it'. Do you need to install type definitions for a test runner? Try `npm i --save-dev @types/jest` or `npm i --save-dev @types/mocha` and then add 'jest' or 'mocha' to the types field in your tsconfig.
src/components/FocusableField.test.tsx(377,9): error TS2304: Cannot find name 'expect'.
src/components/FocusableField.test.tsx(381,7): error TS2304: Cannot find name 'expect'.
src/components/FocusableField.test.tsx(382,7): error TS2304: Cannot find name 'expect'.
src/components/FocusableField.test.tsx(383,7): error TS2304: Cannot find name 'expect'.
src/components/FocusableField.test.tsx(384,7): error TS2304: Cannot find name 'expect'.
src/components/FocusableField.test.tsx(388,3): error TS2593: Cannot find name 'describe'. Do you need to install type definitions for a test runner? Try `npm i --save-dev @types/jest` or `npm i --save-dev @types/mocha` and then add 'jest' or 'mocha' to the types field in your tsconfig.
src/components/FocusableField.test.tsx(389,5): error TS2593: Cannot find name 'it'. Do you need to install type definitions for a test runner? Try `npm i --save-dev @types/jest` or `npm i --save-dev @types/mocha` and then add 'jest' or 'mocha' to the types field in your tsconfig.
src/components/FocusableField.test.tsx(403,7): error TS2304: Cannot find name 'expect'.
src/components/FocusableField.test.tsx(404,7): error TS2304: Cannot find name 'expect'.
src/components/FocusableField.test.tsx(405,7): error TS2304: Cannot find name 'expect'.
src/components/FocusableField.test.tsx(406,7): error TS2304: Cannot find name 'expect'.
src/components/FocusableField.test.tsx(407,7): error TS2304: Cannot find name 'expect'.
src/components/FocusableField.test.tsx(408,7): error TS2304: Cannot find name 'expect'.
src/components/FocusableField.test.tsx(412,3): error TS2593: Cannot find name 'describe'. Do you need to install type definitions for a test runner? Try `npm i --save-dev @types/jest` or `npm i --save-dev @types/mocha` and then add 'jest' or 'mocha' to the types field in your tsconfig.
src/components/FocusableField.test.tsx(413,5): error TS2593: Cannot find name 'it'. Do you need to install type definitions for a test runner? Try `npm i --save-dev @types/jest` or `npm i --save-dev @types/mocha` and then add 'jest' or 'mocha' to the types field in your tsconfig.
src/components/FocusableField.test.tsx(414,27): error TS2708: Cannot use namespace 'jest' as a value.
src/components/FocusableField.test.tsx(415,27): error TS2708: Cannot use namespace 'jest' as a value.
src/components/FocusableField.test.tsx(436,7): error TS2304: Cannot find name 'expect'.
src/components/FocusableField.test.tsx(439,5): error TS2593: Cannot find name 'it'. Do you need to install type definitions for a test runner? Try `npm i --save-dev @types/jest` or `npm i --save-dev @types/mocha` and then add 'jest' or 'mocha' to the types field in your tsconfig.
src/components/FocusableField.test.tsx(462,7): error TS2304: Cannot find name 'expect'.
src/components/FocusableField.test.tsx(474,7): error TS2304: Cannot find name 'expect'.
src/components/FocusableField.tsx(166,7): error TS2322: Type 'RefObject<HTMLDivElement | null>' is not assignable to type 'RefObject<HTMLElement>'.
  Type 'HTMLDivElement | null' is not assignable to type 'HTMLElement'.
    Type 'null' is not assignable to type 'HTMLElement'.
src/components/__tests__/FocusableField.test.tsx(15,1): error TS2708: Cannot use namespace 'jest' as a value.
src/components/__tests__/FocusableField.test.tsx(16,21): error TS2708: Cannot use namespace 'jest' as a value.
src/components/__tests__/FocusableField.test.tsx(17,22): error TS2708: Cannot use namespace 'jest' as a value.
src/components/__tests__/FocusableField.test.tsx(17,31): error TS7006: Parameter 'prefix' implicitly has an 'any' type.
src/components/__tests__/FocusableField.test.tsx(244,1): error TS2593: Cannot find name 'describe'. Do you need to install type definitions for a test runner? Try `npm i --save-dev @types/jest` or `npm i --save-dev @types/mocha` and then add 'jest' or 'mocha' to the types field in your tsconfig.
src/components/__tests__/FocusableField.test.tsx(245,3): error TS2304: Cannot find name 'beforeEach'.
src/components/__tests__/FocusableField.test.tsx(246,5): error TS2708: Cannot use namespace 'jest' as a value.
src/components/__tests__/FocusableField.test.tsx(247,5): error TS2708: Cannot use namespace 'jest' as a value.
src/components/__tests__/FocusableField.test.tsx(250,3): error TS2304: Cannot find name 'afterEach'.
src/components/__tests__/FocusableField.test.tsx(251,5): error TS2708: Cannot use namespace 'jest' as a value.
src/components/__tests__/FocusableField.test.tsx(254,3): error TS2593: Cannot find name 'describe'. Do you need to install type definitions for a test runner? Try `npm i --save-dev @types/jest` or `npm i --save-dev @types/mocha` and then add 'jest' or 'mocha' to the types field in your tsconfig.
src/components/__tests__/FocusableField.test.tsx(255,5): error TS2593: Cannot find name 'it'. Do you need to install type definitions for a test runner? Try `npm i --save-dev @types/jest` or `npm i --save-dev @types/mocha` and then add 'jest' or 'mocha' to the types field in your tsconfig.
src/components/__tests__/FocusableField.test.tsx(258,7): error TS2304: Cannot find name 'expect'.
src/components/__tests__/FocusableField.test.tsx(259,7): error TS2304: Cannot find name 'expect'.
src/components/__tests__/FocusableField.test.tsx(262,5): error TS2593: Cannot find name 'it'. Do you need to install type definitions for a test runner? Try `npm i --save-dev @types/jest` or `npm i --save-dev @types/mocha` and then add 'jest' or 'mocha' to the types field in your tsconfig.
src/components/__tests__/FocusableField.test.tsx(265,7): error TS2304: Cannot find name 'expect'.
src/components/__tests__/FocusableField.test.tsx(268,5): error TS2593: Cannot find name 'it'. Do you need to install type definitions for a test runner? Try `npm i --save-dev @types/jest` or `npm i --save-dev @types/mocha` and then add 'jest' or 'mocha' to the types field in your tsconfig.
src/components/__tests__/FocusableField.test.tsx(271,7): error TS2304: Cannot find name 'expect'.
src/components/__tests__/FocusableField.test.tsx(277,5): error TS2593: Cannot find name 'it'. Do you need to install type definitions for a test runner? Try `npm i --save-dev @types/jest` or `npm i --save-dev @types/mocha` and then add 'jest' or 'mocha' to the types field in your tsconfig.
src/components/__tests__/FocusableField.test.tsx(286,7): error TS2304: Cannot find name 'expect'.
src/components/__tests__/FocusableField.test.tsx(287,7): error TS2304: Cannot find name 'expect'.
src/components/__tests__/FocusableField.test.tsx(290,5): error TS2593: Cannot find name 'it'. Do you need to install type definitions for a test runner? Try `npm i --save-dev @types/jest` or `npm i --save-dev @types/mocha` and then add 'jest' or 'mocha' to the types field in your tsconfig.
src/components/__tests__/FocusableField.test.tsx(299,7): error TS2304: Cannot find name 'expect'.
src/components/__tests__/FocusableField.test.tsx(300,7): error TS2304: Cannot find name 'expect'.
src/components/__tests__/FocusableField.test.tsx(301,7): error TS2304: Cannot find name 'expect'.
src/components/__tests__/FocusableField.test.tsx(302,7): error TS2304: Cannot find name 'expect'.
src/components/__tests__/FocusableField.test.tsx(305,5): error TS2593: Cannot find name 'it'. Do you need to install type definitions for a test runner? Try `npm i --save-dev @types/jest` or `npm i --save-dev @types/mocha` and then add 'jest' or 'mocha' to the types field in your tsconfig.
src/components/__tests__/FocusableField.test.tsx(310,7): error TS2304: Cannot find name 'expect'.
src/components/__tests__/FocusableField.test.tsx(313,5): error TS2593: Cannot find name 'it'. Do you need to install type definitions for a test runner? Try `npm i --save-dev @types/jest` or `npm i --save-dev @types/mocha` and then add 'jest' or 'mocha' to the types field in your tsconfig.
src/components/__tests__/FocusableField.test.tsx(320,7): error TS2304: Cannot find name 'expect'.
src/components/__tests__/FocusableField.test.tsx(323,5): error TS2593: Cannot find name 'it'. Do you need to install type definitions for a test runner? Try `npm i --save-dev @types/jest` or `npm i --save-dev @types/mocha` and then add 'jest' or 'mocha' to the types field in your tsconfig.
src/components/__tests__/FocusableField.test.tsx(328,7): error TS2304: Cannot find name 'expect'.
src/components/__tests__/FocusableField.test.tsx(331,5): error TS2593: Cannot find name 'it'. Do you need to install type definitions for a test runner? Try `npm i --save-dev @types/jest` or `npm i --save-dev @types/mocha` and then add 'jest' or 'mocha' to the types field in your tsconfig.
src/components/__tests__/FocusableField.test.tsx(336,7): error TS2304: Cannot find name 'expect'.
src/components/__tests__/FocusableField.test.tsx(339,5): error TS2593: Cannot find name 'it'. Do you need to install type definitions for a test runner? Try `npm i --save-dev @types/jest` or `npm i --save-dev @types/mocha` and then add 'jest' or 'mocha' to the types field in your tsconfig.
src/components/__tests__/FocusableField.test.tsx(344,7): error TS2304: Cannot find name 'expect'.
src/components/__tests__/FocusableField.test.tsx(347,5): error TS2593: Cannot find name 'it'. Do you need to install type definitions for a test runner? Try `npm i --save-dev @types/jest` or `npm i --save-dev @types/mocha` and then add 'jest' or 'mocha' to the types field in your tsconfig.
src/components/__tests__/FocusableField.test.tsx(352,7): error TS2304: Cannot find name 'expect'.
src/components/__tests__/FocusableField.test.tsx(356,3): error TS2593: Cannot find name 'describe'. Do you need to install type definitions for a test runner? Try `npm i --save-dev @types/jest` or `npm i --save-dev @types/mocha` and then add 'jest' or 'mocha' to the types field in your tsconfig.
src/components/__tests__/FocusableField.test.tsx(357,5): error TS2593: Cannot find name 'it'. Do you need to install type definitions for a test runner? Try `npm i --save-dev @types/jest` or `npm i --save-dev @types/mocha` and then add 'jest' or 'mocha' to the types field in your tsconfig.
src/components/__tests__/FocusableField.test.tsx(360,7): error TS2304: Cannot find name 'expect'.
src/components/__tests__/FocusableField.test.tsx(363,7): error TS2304: Cannot find name 'expect'.
src/components/__tests__/FocusableField.test.tsx(367,7): error TS2304: Cannot find name 'expect'.
src/components/__tests__/FocusableField.test.tsx(370,5): error TS2593: Cannot find name 'it'. Do you need to install type definitions for a test runner? Try `npm i --save-dev @types/jest` or `npm i --save-dev @types/mocha` and then add 'jest' or 'mocha' to the types field in your tsconfig.
src/components/__tests__/FocusableField.test.tsx(373,7): error TS2304: Cannot find name 'expect'.
src/components/__tests__/FocusableField.test.tsx(377,7): error TS2304: Cannot find name 'expect'.
src/components/__tests__/FocusableField.test.tsx(380,5): error TS2593: Cannot find name 'it'. Do you need to install type definitions for a test runner? Try `npm i --save-dev @types/jest` or `npm i --save-dev @types/mocha` and then add 'jest' or 'mocha' to the types field in your tsconfig.
src/components/__tests__/FocusableField.test.tsx(400,7): error TS2304: Cannot find name 'expect'.
src/components/__tests__/FocusableField.test.tsx(404,3): error TS2593: Cannot find name 'describe'. Do you need to install type definitions for a test runner? Try `npm i --save-dev @types/jest` or `npm i --save-dev @types/mocha` and then add 'jest' or 'mocha' to the types field in your tsconfig.
src/components/__tests__/FocusableField.test.tsx(405,5): error TS2593: Cannot find name 'it'. Do you need to install type definitions for a test runner? Try `npm i --save-dev @types/jest` or `npm i --save-dev @types/mocha` and then add 'jest' or 'mocha' to the types field in your tsconfig.
src/components/__tests__/FocusableField.test.tsx(408,7): error TS2304: Cannot find name 'expect'.
src/components/__tests__/FocusableField.test.tsx(414,9): error TS2304: Cannot find name 'expect'.
src/components/__tests__/FocusableField.test.tsx(418,5): error TS2593: Cannot find name 'it'. Do you need to install type definitions for a test runner? Try `npm i --save-dev @types/jest` or `npm i --save-dev @types/mocha` and then add 'jest' or 'mocha' to the types field in your tsconfig.
src/components/__tests__/FocusableField.test.tsx(427,7): error TS2304: Cannot find name 'expect'.
src/components/__tests__/FocusableField.test.tsx(430,5): error TS2593: Cannot find name 'it'. Do you need to install type definitions for a test runner? Try `npm i --save-dev @types/jest` or `npm i --save-dev @types/mocha` and then add 'jest' or 'mocha' to the types field in your tsconfig.
src/components/__tests__/FocusableField.test.tsx(434,7): error TS2304: Cannot find name 'expect'.
src/components/__tests__/FocusableField.test.tsx(437,5): error TS2593: Cannot find name 'it'. Do you need to install type definitions for a test runner? Try `npm i --save-dev @types/jest` or `npm i --save-dev @types/mocha` and then add 'jest' or 'mocha' to the types field in your tsconfig.
src/components/__tests__/FocusableField.test.tsx(439,36): error TS2708: Cannot use namespace 'jest' as a value.
src/components/__tests__/FocusableField.test.tsx(462,7): error TS2304: Cannot find name 'expect'.
src/components/__tests__/FocusableField.test.tsx(466,3): error TS2593: Cannot find name 'describe'. Do you need to install type definitions for a test runner? Try `npm i --save-dev @types/jest` or `npm i --save-dev @types/mocha` and then add 'jest' or 'mocha' to the types field in your tsconfig.
src/components/__tests__/FocusableField.test.tsx(467,5): error TS2593: Cannot find name 'it'. Do you need to install type definitions for a test runner? Try `npm i --save-dev @types/jest` or `npm i --save-dev @types/mocha` and then add 'jest' or 'mocha' to the types field in your tsconfig.
src/components/__tests__/FocusableField.test.tsx(470,7): error TS2304: Cannot find name 'expect'.
src/components/__tests__/FocusableField.test.tsx(473,5): error TS2593: Cannot find name 'it'. Do you need to install type definitions for a test runner? Try `npm i --save-dev @types/jest` or `npm i --save-dev @types/mocha` and then add 'jest' or 'mocha' to the types field in your tsconfig.
src/components/__tests__/FocusableField.test.tsx(479,7): error TS2304: Cannot find name 'expect'.
src/components/__tests__/FocusableField.test.tsx(480,7): error TS2304: Cannot find name 'expect'.
src/components/__tests__/FocusableField.test.tsx(483,5): error TS2593: Cannot find name 'it'. Do you need to install type definitions for a test runner? Try `npm i --save-dev @types/jest` or `npm i --save-dev @types/mocha` and then add 'jest' or 'mocha' to the types field in your tsconfig.
src/components/__tests__/FocusableField.test.tsx(487,7): error TS2304: Cannot find name 'expect'.
src/components/__tests__/FocusableField.test.tsx(490,5): error TS2593: Cannot find name 'it'. Do you need to install type definitions for a test runner? Try `npm i --save-dev @types/jest` or `npm i --save-dev @types/mocha` and then add 'jest' or 'mocha' to the types field in your tsconfig.
src/components/__tests__/FocusableField.test.tsx(512,7): error TS2304: Cannot find name 'expect'.
src/components/__tests__/FocusableField.test.tsx(516,3): error TS2593: Cannot find name 'describe'. Do you need to install type definitions for a test runner? Try `npm i --save-dev @types/jest` or `npm i --save-dev @types/mocha` and then add 'jest' or 'mocha' to the types field in your tsconfig.
src/components/__tests__/FocusableField.test.tsx(517,5): error TS2593: Cannot find name 'it'. Do you need to install type definitions for a test runner? Try `npm i --save-dev @types/jest` or `npm i --save-dev @types/mocha` and then add 'jest' or 'mocha' to the types field in your tsconfig.
src/components/__tests__/FocusableField.test.tsx(526,9): error TS2304: Cannot find name 'expect'.
src/components/__tests__/FocusableField.test.tsx(530,5): error TS2593: Cannot find name 'it'. Do you need to install type definitions for a test runner? Try `npm i --save-dev @types/jest` or `npm i --save-dev @types/mocha` and then add 'jest' or 'mocha' to the types field in your tsconfig.
src/components/__tests__/FocusableField.test.tsx(539,9): error TS2304: Cannot find name 'expect'.
src/components/__tests__/FocusableField.test.tsx(543,5): error TS2593: Cannot find name 'it'. Do you need to install type definitions for a test runner? Try `npm i --save-dev @types/jest` or `npm i --save-dev @types/mocha` and then add 'jest' or 'mocha' to the types field in your tsconfig.
src/components/__tests__/FocusableField.test.tsx(551,55): error TS2708: Cannot use namespace 'jest' as a value.
src/components/__tests__/FocusableField.test.tsx(555,7): error TS2304: Cannot find name 'expect'.
src/components/__tests__/FocusableField.test.tsx(558,5): error TS2593: Cannot find name 'it'. Do you need to install type definitions for a test runner? Try `npm i --save-dev @types/jest` or `npm i --save-dev @types/mocha` and then add 'jest' or 'mocha' to the types field in your tsconfig.
src/components/__tests__/FocusableField.test.tsx(566,7): error TS2304: Cannot find name 'expect'.
src/components/__tests__/FocusableField.test.tsx(569,5): error TS2593: Cannot find name 'it'. Do you need to install type definitions for a test runner? Try `npm i --save-dev @types/jest` or `npm i --save-dev @types/mocha` and then add 'jest' or 'mocha' to the types field in your tsconfig.
src/components/__tests__/FocusableField.test.tsx(578,7): error TS2304: Cannot find name 'expect'.
src/components/__tests__/FocusableField.test.tsx(581,5): error TS2593: Cannot find name 'it'. Do you need to install type definitions for a test runner? Try `npm i --save-dev @types/jest` or `npm i --save-dev @types/mocha` and then add 'jest' or 'mocha' to the types field in your tsconfig.
src/components/__tests__/FocusableField.test.tsx(588,55): error TS2708: Cannot use namespace 'jest' as a value.
src/components/__tests__/FocusableField.test.tsx(592,7): error TS2304: Cannot find name 'expect'.
src/components/__tests__/FocusableField.test.tsx(596,3): error TS2593: Cannot find name 'describe'. Do you need to install type definitions for a test runner? Try `npm i --save-dev @types/jest` or `npm i --save-dev @types/mocha` and then add 'jest' or 'mocha' to the types field in your tsconfig.
src/components/__tests__/FocusableField.test.tsx(597,5): error TS2593: Cannot find name 'it'. Do you need to install type definitions for a test runner? Try `npm i --save-dev @types/jest` or `npm i --save-dev @types/mocha` and then add 'jest' or 'mocha' to the types field in your tsconfig.
src/components/__tests__/FocusableField.test.tsx(604,7): error TS2304: Cannot find name 'expect'.
src/components/__tests__/FocusableField.test.tsx(607,5): error TS2593: Cannot find name 'it'. Do you need to install type definitions for a test runner? Try `npm i --save-dev @types/jest` or `npm i --save-dev @types/mocha` and then add 'jest' or 'mocha' to the types field in your tsconfig.
src/components/__tests__/FocusableField.test.tsx(637,7): error TS2304: Cannot find name 'expect'.
src/components/__tests__/FocusableField.test.tsx(640,5): error TS2593: Cannot find name 'it'. Do you need to install type definitions for a test runner? Try `npm i --save-dev @types/jest` or `npm i --save-dev @types/mocha` and then add 'jest' or 'mocha' to the types field in your tsconfig.
src/components/__tests__/FocusableField.test.tsx(673,7): error TS2304: Cannot find name 'expect'.
src/components/__tests__/FocusableField.test.tsx(677,3): error TS2593: Cannot find name 'describe'. Do you need to install type definitions for a test runner? Try `npm i --save-dev @types/jest` or `npm i --save-dev @types/mocha` and then add 'jest' or 'mocha' to the types field in your tsconfig.
src/components/__tests__/FocusableField.test.tsx(678,5): error TS2593: Cannot find name 'it'. Do you need to install type definitions for a test runner? Try `npm i --save-dev @types/jest` or `npm i --save-dev @types/mocha` and then add 'jest' or 'mocha' to the types field in your tsconfig.
src/components/__tests__/FocusableField.test.tsx(687,7): error TS2304: Cannot find name 'expect'.
src/components/__tests__/FocusableField.test.tsx(690,5): error TS2593: Cannot find name 'it'. Do you need to install type definitions for a test runner? Try `npm i --save-dev @types/jest` or `npm i --save-dev @types/mocha` and then add 'jest' or 'mocha' to the types field in your tsconfig.
src/components/__tests__/FocusableField.test.tsx(699,7): error TS2304: Cannot find name 'expect'.
src/components/__tests__/FocusableField.test.tsx(702,5): error TS2593: Cannot find name 'it'. Do you need to install type definitions for a test runner? Try `npm i --save-dev @types/jest` or `npm i --save-dev @types/mocha` and then add 'jest' or 'mocha' to the types field in your tsconfig.
src/components/__tests__/FocusableField.test.tsx(710,7): error TS2304: Cannot find name 'expect'.
src/components/__tests__/FocusableField.test.tsx(714,7): error TS2304: Cannot find name 'expect'.
src/components/__tests__/FocusableField.test.tsx(717,5): error TS2593: Cannot find name 'it'. Do you need to install type definitions for a test runner? Try `npm i --save-dev @types/jest` or `npm i --save-dev @types/mocha` and then add 'jest' or 'mocha' to the types field in your tsconfig.
src/components/__tests__/FocusableField.test.tsx(727,7): error TS2304: Cannot find name 'expect'.
src/components/__tests__/FocusableField.test.tsx(731,3): error TS2593: Cannot find name 'describe'. Do you need to install type definitions for a test runner? Try `npm i --save-dev @types/jest` or `npm i --save-dev @types/mocha` and then add 'jest' or 'mocha' to the types field in your tsconfig.
src/components/__tests__/FocusableField.test.tsx(732,5): error TS2593: Cannot find name 'it'. Do you need to install type definitions for a test runner? Try `npm i --save-dev @types/jest` or `npm i --save-dev @types/mocha` and then add 'jest' or 'mocha' to the types field in your tsconfig.
src/components/__tests__/FocusableField.test.tsx(753,7): error TS2304: Cannot find name 'expect'.
src/components/__tests__/FocusableField.test.tsx(756,5): error TS2593: Cannot find name 'it'. Do you need to install type definitions for a test runner? Try `npm i --save-dev @types/jest` or `npm i --save-dev @types/mocha` and then add 'jest' or 'mocha' to the types field in your tsconfig.
src/components/__tests__/FocusableField.test.tsx(778,7): error TS2304: Cannot find name 'expect'.
src/components/__tests__/FocusableField.test.tsx(781,5): error TS2593: Cannot find name 'it'. Do you need to install type definitions for a test runner? Try `npm i --save-dev @types/jest` or `npm i --save-dev @types/mocha` and then add 'jest' or 'mocha' to the types field in your tsconfig.
src/components/__tests__/FocusableField.test.tsx(802,7): error TS2304: Cannot find name 'expect'.
src/components/__tests__/FocusableField.test.tsx(805,5): error TS2593: Cannot find name 'it'. Do you need to install type definitions for a test runner? Try `npm i --save-dev @types/jest` or `npm i --save-dev @types/mocha` and then add 'jest' or 'mocha' to the types field in your tsconfig.
src/components/__tests__/FocusableField.test.tsx(823,7): error TS2304: Cannot find name 'expect'.
src/components/__tests__/FocusableField.test.tsx(826,5): error TS2593: Cannot find name 'it'. Do you need to install type definitions for a test runner? Try `npm i --save-dev @types/jest` or `npm i --save-dev @types/mocha` and then add 'jest' or 'mocha' to the types field in your tsconfig.
src/components/__tests__/FocusableField.test.tsx(856,7): error TS2304: Cannot find name 'expect'.
src/components/__tests__/FocusableField.test.tsx(859,5): error TS2593: Cannot find name 'it'. Do you need to install type definitions for a test runner? Try `npm i --save-dev @types/jest` or `npm i --save-dev @types/mocha` and then add 'jest' or 'mocha' to the types field in your tsconfig.
src/components/__tests__/FocusableField.test.tsx(877,7): error TS2304: Cannot find name 'expect'.
src/components/__tests__/FocusableField.test.tsx(880,5): error TS2593: Cannot find name 'it'. Do you need to install type definitions for a test runner? Try `npm i --save-dev @types/jest` or `npm i --save-dev @types/mocha` and then add 'jest' or 'mocha' to the types field in your tsconfig.
src/components/__tests__/FocusableField.test.tsx(882,26): error TS2708: Cannot use namespace 'jest' as a value.
src/components/__tests__/FocusableField.test.tsx(884,7): error TS2304: Cannot find name 'expect'.
src/components/__tests__/FocusableField.test.tsx(895,5): error TS2593: Cannot find name 'it'. Do you need to install type definitions for a test runner? Try `npm i --save-dev @types/jest` or `npm i --save-dev @types/mocha` and then add 'jest' or 'mocha' to the types field in your tsconfig.
src/components/__tests__/FocusableField.test.tsx(922,7): error TS2304: Cannot find name 'expect'.
src/components/__tests__/FocusableField.test.tsx(926,3): error TS2593: Cannot find name 'describe'. Do you need to install type definitions for a test runner? Try `npm i --save-dev @types/jest` or `npm i --save-dev @types/mocha` and then add 'jest' or 'mocha' to the types field in your tsconfig.
src/components/__tests__/FocusableField.test.tsx(927,5): error TS2593: Cannot find name 'it'. Do you need to install type definitions for a test runner? Try `npm i --save-dev @types/jest` or `npm i --save-dev @types/mocha` and then add 'jest' or 'mocha' to the types field in your tsconfig.
src/components/__tests__/FocusableField.test.tsx(956,7): error TS2304: Cannot find name 'expect'.
src/components/__tests__/FocusableField.test.tsx(963,19): error TS2304: Cannot find name 'expect'.
src/components/__tests__/FocusableField.test.tsx(970,5): error TS2593: Cannot find name 'it'. Do you need to install type definitions for a test runner? Try `npm i --save-dev @types/jest` or `npm i --save-dev @types/mocha` and then add 'jest' or 'mocha' to the types field in your tsconfig.
src/components/__tests__/FocusableField.test.tsx(1000,9): error TS2304: Cannot find name 'expect'.
src/components/__tests__/FocusableField.test.tsx(1004,5): error TS2593: Cannot find name 'it'. Do you need to install type definitions for a test runner? Try `npm i --save-dev @types/jest` or `npm i --save-dev @types/mocha` and then add 'jest' or 'mocha' to the types field in your tsconfig.
src/components/__tests__/FocusableField.test.tsx(1033,7): error TS2304: Cannot find name 'expect'.
src/components/__tests__/FocusableField.test.tsx(1034,7): error TS2304: Cannot find name 'expect'.
src/components/__tests__/FocusableField.test.tsx(1035,7): error TS2304: Cannot find name 'expect'.
src/components/focus/ManagedDialog.test.tsx(29,1): error TS2593: Cannot find name 'describe'. Do you need to install type definitions for a test runner? Try `npm i --save-dev @types/jest` or `npm i --save-dev @types/mocha` and then add 'jest' or 'mocha' to the types field in your tsconfig.
src/components/focus/ManagedDialog.test.tsx(30,3): error TS2593: Cannot find name 'describe'. Do you need to install type definitions for a test runner? Try `npm i --save-dev @types/jest` or `npm i --save-dev @types/mocha` and then add 'jest' or 'mocha' to the types field in your tsconfig.
src/components/focus/ManagedDialog.test.tsx(31,5): error TS2593: Cannot find name 'it'. Do you need to install type definitions for a test runner? Try `npm i --save-dev @types/jest` or `npm i --save-dev @types/mocha` and then add 'jest' or 'mocha' to the types field in your tsconfig.
src/components/focus/ManagedDialog.test.tsx(44,7): error TS2304: Cannot find name 'expect'.
src/components/focus/ManagedDialog.test.tsx(47,7): error TS2304: Cannot find name 'expect'.
src/components/focus/ManagedDialog.test.tsx(48,7): error TS2304: Cannot find name 'expect'.
src/components/focus/ManagedDialog.test.tsx(51,5): error TS2593: Cannot find name 'it'. Do you need to install type definitions for a test runner? Try `npm i --save-dev @types/jest` or `npm i --save-dev @types/mocha` and then add 'jest' or 'mocha' to the types field in your tsconfig.
src/components/focus/ManagedDialog.test.tsx(67,9): error TS2304: Cannot find name 'expect'.
src/components/focus/ManagedDialog.test.tsx(68,9): error TS2304: Cannot find name 'expect'.
src/components/focus/ManagedDialog.test.tsx(72,5): error TS2593: Cannot find name 'it'. Do you need to install type definitions for a test runner? Try `npm i --save-dev @types/jest` or `npm i --save-dev @types/mocha` and then add 'jest' or 'mocha' to the types field in your tsconfig.
src/components/focus/ManagedDialog.test.tsx(79,33): error TS2322: Type '{ children: Element; asChild: true; }' is not assignable to type 'IntrinsicAttributes & ButtonHTMLAttributes<HTMLButtonElement>'.
  Property 'asChild' does not exist on type 'IntrinsicAttributes & ButtonHTMLAttributes<HTMLButtonElement>'.
src/components/focus/ManagedDialog.test.tsx(93,9): error TS2304: Cannot find name 'expect'.
src/components/focus/ManagedDialog.test.tsx(101,9): error TS2304: Cannot find name 'expect'.
src/components/focus/ManagedDialog.test.tsx(106,3): error TS2593: Cannot find name 'describe'. Do you need to install type definitions for a test runner? Try `npm i --save-dev @types/jest` or `npm i --save-dev @types/mocha` and then add 'jest' or 'mocha' to the types field in your tsconfig.
src/components/focus/ManagedDialog.test.tsx(107,5): error TS2593: Cannot find name 'it'. Do you need to install type definitions for a test runner? Try `npm i --save-dev @types/jest` or `npm i --save-dev @types/mocha` and then add 'jest' or 'mocha' to the types field in your tsconfig.
src/components/focus/ManagedDialog.test.tsx(114,33): error TS2322: Type '{ children: Element; asChild: true; }' is not assignable to type 'IntrinsicAttributes & ButtonHTMLAttributes<HTMLButtonElement>'.
  Property 'asChild' does not exist on type 'IntrinsicAttributes & ButtonHTMLAttributes<HTMLButtonElement>'.
src/components/focus/ManagedDialog.test.tsx(127,7): error TS2304: Cannot find name 'expect'.
src/components/focus/ManagedDialog.test.tsx(135,9): error TS2304: Cannot find name 'expect'.
src/components/focus/ManagedDialog.test.tsx(144,9): error TS2304: Cannot find name 'expect'.
src/components/focus/ManagedDialog.test.tsx(148,5): error TS2593: Cannot find name 'it'. Do you need to install type definitions for a test runner? Try `npm i --save-dev @types/jest` or `npm i --save-dev @types/mocha` and then add 'jest' or 'mocha' to the types field in your tsconfig.
src/components/focus/ManagedDialog.test.tsx(158,35): error TS2322: Type '{ children: Element; asChild: true; }' is not assignable to type 'IntrinsicAttributes & ButtonHTMLAttributes<HTMLButtonElement>'.
  Property 'asChild' does not exist on type 'IntrinsicAttributes & ButtonHTMLAttributes<HTMLButtonElement>'.
src/components/focus/ManagedDialog.test.tsx(176,9): error TS2304: Cannot find name 'expect'.
src/components/focus/ManagedDialog.test.tsx(184,9): error TS2304: Cannot find name 'expect'.
src/components/focus/ManagedDialog.test.tsx(189,3): error TS2593: Cannot find name 'describe'. Do you need to install type definitions for a test runner? Try `npm i --save-dev @types/jest` or `npm i --save-dev @types/mocha` and then add 'jest' or 'mocha' to the types field in your tsconfig.
src/components/focus/ManagedDialog.test.tsx(190,5): error TS2593: Cannot find name 'it'. Do you need to install type definitions for a test runner? Try `npm i --save-dev @types/jest` or `npm i --save-dev @types/mocha` and then add 'jest' or 'mocha' to the types field in your tsconfig.
src/components/focus/ManagedDialog.test.tsx(204,37): error TS2322: Type '{ children: Element; asChild: true; }' is not assignable to type 'IntrinsicAttributes & ButtonHTMLAttributes<HTMLButtonElement>'.
  Property 'asChild' does not exist on type 'IntrinsicAttributes & ButtonHTMLAttributes<HTMLButtonElement>'.
src/components/focus/ManagedDialog.test.tsx(211,33): error TS2322: Type '{ children: Element; asChild: true; }' is not assignable to type 'IntrinsicAttributes & ButtonHTMLAttributes<HTMLButtonElement>'.
  Property 'asChild' does not exist on type 'IntrinsicAttributes & ButtonHTMLAttributes<HTMLButtonElement>'.
src/components/focus/ManagedDialog.test.tsx(222,9): error TS2304: Cannot find name 'expect'.
src/components/focus/ManagedDialog.test.tsx(229,9): error TS2304: Cannot find name 'expect'.
src/components/focus/ManagedDialog.test.tsx(233,7): error TS2304: Cannot find name 'expect'.
src/components/focus/ManagedDialog.test.tsx(234,7): error TS2304: Cannot find name 'expect'.
src/components/focus/ManagedDialog.test.tsx(240,9): error TS2304: Cannot find name 'expect'.
src/components/focus/ManagedDialog.test.tsx(244,7): error TS2304: Cannot find name 'expect'.
src/components/focus/ManagedDialog.test.tsx(250,9): error TS2304: Cannot find name 'expect'.
src/components/focus/ManagedDialog.test.tsx(255,3): error TS2593: Cannot find name 'describe'. Do you need to install type definitions for a test runner? Try `npm i --save-dev @types/jest` or `npm i --save-dev @types/mocha` and then add 'jest' or 'mocha' to the types field in your tsconfig.
src/components/focus/ManagedDialog.test.tsx(256,5): error TS2593: Cannot find name 'it'. Do you need to install type definitions for a test runner? Try `npm i --save-dev @types/jest` or `npm i --save-dev @types/mocha` and then add 'jest' or 'mocha' to the types field in your tsconfig.
src/components/focus/ManagedDialog.test.tsx(272,9): error TS2304: Cannot find name 'expect'.
src/components/focus/ManagedDialog.test.tsx(280,9): error TS2304: Cannot find name 'expect'.
src/components/focus/ManagedDialog.test.tsx(284,5): error TS2593: Cannot find name 'it'. Do you need to install type definitions for a test runner? Try `npm i --save-dev @types/jest` or `npm i --save-dev @types/mocha` and then add 'jest' or 'mocha' to the types field in your tsconfig.
src/components/focus/ManagedDialog.test.tsx(300,9): error TS2304: Cannot find name 'expect'.
src/components/focus/ManagedDialog.test.tsx(308,9): error TS2304: Cannot find name 'expect'.
src/components/focus/ManagedDialog.test.tsx(313,3): error TS2593: Cannot find name 'describe'. Do you need to install type definitions for a test runner? Try `npm i --save-dev @types/jest` or `npm i --save-dev @types/mocha` and then add 'jest' or 'mocha' to the types field in your tsconfig.
src/components/focus/ManagedDialog.test.tsx(339,5): error TS2593: Cannot find name 'it'. Do you need to install type definitions for a test runner? Try `npm i --save-dev @types/jest` or `npm i --save-dev @types/mocha` and then add 'jest' or 'mocha' to the types field in your tsconfig.
src/components/focus/ManagedDialog.test.tsx(343,7): error TS2304: Cannot find name 'expect'.
src/components/focus/ManagedDialog.test.tsx(349,9): error TS2304: Cannot find name 'expect'.
src/components/focus/ManagedDialog.test.tsx(356,9): error TS2304: Cannot find name 'expect'.
src/components/focus/ManagedDialog.test.tsx(360,5): error TS2593: Cannot find name 'it'. Do you need to install type definitions for a test runner? Try `npm i --save-dev @types/jest` or `npm i --save-dev @types/mocha` and then add 'jest' or 'mocha' to the types field in your tsconfig.
src/components/focus/ManagedDialog.test.tsx(366,7): error TS2304: Cannot find name 'expect'.
src/components/focus/ManagedDialog.test.tsx(372,9): error TS2304: Cannot find name 'expect'.
src/components/focus/ManagedDialog.test.tsx(379,9): error TS2304: Cannot find name 'expect'.
src/components/focus/ManagedDialog.test.tsx(384,3): error TS2593: Cannot find name 'describe'. Do you need to install type definitions for a test runner? Try `npm i --save-dev @types/jest` or `npm i --save-dev @types/mocha` and then add 'jest' or 'mocha' to the types field in your tsconfig.
src/components/focus/ManagedDialog.test.tsx(385,5): error TS2593: Cannot find name 'it'. Do you need to install type definitions for a test runner? Try `npm i --save-dev @types/jest` or `npm i --save-dev @types/mocha` and then add 'jest' or 'mocha' to the types field in your tsconfig.
src/components/focus/ManagedDialog.test.tsx(386,26): error TS2708: Cannot use namespace 'jest' as a value.
src/components/focus/ManagedDialog.test.tsx(395,33): error TS2322: Type '{ children: Element; asChild: true; }' is not assignable to type 'IntrinsicAttributes & ButtonHTMLAttributes<HTMLButtonElement>'.
  Property 'asChild' does not exist on type 'IntrinsicAttributes & ButtonHTMLAttributes<HTMLButtonElement>'.
src/components/focus/ManagedDialog.test.tsx(408,9): error TS2304: Cannot find name 'expect'.
src/components/focus/ManagedDialog.test.tsx(412,7): error TS2304: Cannot find name 'expect'.
src/components/focus/ManagedDialog.test.tsx(419,9): error TS2304: Cannot find name 'expect'.
src/components/focus/ManagedDialog.tsx(117,28): error TS2554: Expected 1 arguments, but got 0.
src/components/focus/ManagedDialogDemo.tsx(180,35): error TS2322: Type '{ children: Element; asChild: true; }' is not assignable to type 'IntrinsicAttributes & ButtonHTMLAttributes<HTMLButtonElement>'.
  Property 'asChild' does not exist on type 'IntrinsicAttributes & ButtonHTMLAttributes<HTMLButtonElement>'.
src/components/focus/ManagedDialogDemo.tsx(231,37): error TS2322: Type '{ children: Element; asChild: true; }' is not assignable to type 'IntrinsicAttributes & ButtonHTMLAttributes<HTMLButtonElement>'.
  Property 'asChild' does not exist on type 'IntrinsicAttributes & ButtonHTMLAttributes<HTMLButtonElement>'.
src/components/focus/ManagedDialogDemo.tsx(234,37): error TS2322: Type '{ children: Element; asChild: true; }' is not assignable to type 'IntrinsicAttributes & ButtonHTMLAttributes<HTMLButtonElement>'.
  Property 'asChild' does not exist on type 'IntrinsicAttributes & ButtonHTMLAttributes<HTMLButtonElement>'.
src/components/focus/ManagedDialogDemo.tsx(277,41): error TS2322: Type '{ children: Element; asChild: true; }' is not assignable to type 'IntrinsicAttributes & ButtonHTMLAttributes<HTMLButtonElement>'.
  Property 'asChild' does not exist on type 'IntrinsicAttributes & ButtonHTMLAttributes<HTMLButtonElement>'.
src/components/focus/ManagedDialogDemo.tsx(297,37): error TS2322: Type '{ children: Element; asChild: true; }' is not assignable to type 'IntrinsicAttributes & ButtonHTMLAttributes<HTMLButtonElement>'.
  Property 'asChild' does not exist on type 'IntrinsicAttributes & ButtonHTMLAttributes<HTMLButtonElement>'.
src/components/focus/StepIndicator.test.tsx(15,1): error TS2708: Cannot use namespace 'jest' as a value.
src/components/focus/StepIndicator.test.tsx(17,1): error TS2593: Cannot find name 'describe'. Do you need to install type definitions for a test runner? Try `npm i --save-dev @types/jest` or `npm i --save-dev @types/mocha` and then add 'jest' or 'mocha' to the types field in your tsconfig.
src/components/focus/StepIndicator.test.tsx(50,22): error TS2708: Cannot use namespace 'jest' as a value.
src/components/focus/StepIndicator.test.tsx(51,28): error TS2708: Cannot use namespace 'jest' as a value.
src/components/focus/StepIndicator.test.tsx(52,20): error TS2708: Cannot use namespace 'jest' as a value.
src/components/focus/StepIndicator.test.tsx(52,29): error TS7006: Parameter 'id' implicitly has an 'any' type.
src/components/focus/StepIndicator.test.tsx(53,24): error TS2708: Cannot use namespace 'jest' as a value.
src/components/focus/StepIndicator.test.tsx(54,17): error TS2708: Cannot use namespace 'jest' as a value.
src/components/focus/StepIndicator.test.tsx(61,3): error TS2304: Cannot find name 'beforeEach'.
src/components/focus/StepIndicator.test.tsx(62,5): error TS2708: Cannot use namespace 'jest' as a value.
src/components/focus/StepIndicator.test.tsx(63,30): error TS2694: Namespace 'global.jest' has no exported member 'Mock'.
src/components/focus/StepIndicator.test.tsx(66,3): error TS2593: Cannot find name 'describe'. Do you need to install type definitions for a test runner? Try `npm i --save-dev @types/jest` or `npm i --save-dev @types/mocha` and then add 'jest' or 'mocha' to the types field in your tsconfig.
src/components/focus/StepIndicator.test.tsx(67,5): error TS2593: Cannot find name 'it'. Do you need to install type definitions for a test runner? Try `npm i --save-dev @types/jest` or `npm i --save-dev @types/mocha` and then add 'jest' or 'mocha' to the types field in your tsconfig.
src/components/focus/StepIndicator.test.tsx(74,7): error TS2304: Cannot find name 'expect'.
src/components/focus/StepIndicator.test.tsx(75,7): error TS2304: Cannot find name 'expect'.
src/components/focus/StepIndicator.test.tsx(76,7): error TS2304: Cannot find name 'expect'.
src/components/focus/StepIndicator.test.tsx(77,7): error TS2304: Cannot find name 'expect'.
src/components/focus/StepIndicator.test.tsx(80,5): error TS2593: Cannot find name 'it'. Do you need to install type definitions for a test runner? Try `npm i --save-dev @types/jest` or `npm i --save-dev @types/mocha` and then add 'jest' or 'mocha' to the types field in your tsconfig.
src/components/focus/StepIndicator.test.tsx(87,7): error TS2304: Cannot find name 'expect'.
src/components/focus/StepIndicator.test.tsx(88,7): error TS2304: Cannot find name 'expect'.
src/components/focus/StepIndicator.test.tsx(89,7): error TS2304: Cannot find name 'expect'.
src/components/focus/StepIndicator.test.tsx(90,7): error TS2304: Cannot find name 'expect'.
src/components/focus/StepIndicator.test.tsx(93,5): error TS2593: Cannot find name 'it'. Do you need to install type definitions for a test runner? Try `npm i --save-dev @types/jest` or `npm i --save-dev @types/mocha` and then add 'jest' or 'mocha' to the types field in your tsconfig.
src/components/focus/StepIndicator.test.tsx(100,7): error TS2304: Cannot find name 'expect'.
src/components/focus/StepIndicator.test.tsx(101,7): error TS2304: Cannot find name 'expect'.
src/components/focus/StepIndicator.test.tsx(104,5): error TS2593: Cannot find name 'it'. Do you need to install type definitions for a test runner? Try `npm i --save-dev @types/jest` or `npm i --save-dev @types/mocha` and then add 'jest' or 'mocha' to the types field in your tsconfig.
src/components/focus/StepIndicator.test.tsx(111,7): error TS2304: Cannot find name 'expect'.
src/components/focus/StepIndicator.test.tsx(112,7): error TS2304: Cannot find name 'expect'.
src/components/focus/StepIndicator.test.tsx(116,3): error TS2593: Cannot find name 'describe'. Do you need to install type definitions for a test runner? Try `npm i --save-dev @types/jest` or `npm i --save-dev @types/mocha` and then add 'jest' or 'mocha' to the types field in your tsconfig.
src/components/focus/StepIndicator.test.tsx(117,5): error TS2593: Cannot find name 'it'. Do you need to install type definitions for a test runner? Try `npm i --save-dev @types/jest` or `npm i --save-dev @types/mocha` and then add 'jest' or 'mocha' to the types field in your tsconfig.
src/components/focus/StepIndicator.test.tsx(125,7): error TS2304: Cannot find name 'expect'.
src/components/focus/StepIndicator.test.tsx(126,7): error TS2304: Cannot find name 'expect'.
src/components/focus/StepIndicator.test.tsx(129,5): error TS2593: Cannot find name 'it'. Do you need to install type definitions for a test runner? Try `npm i --save-dev @types/jest` or `npm i --save-dev @types/mocha` and then add 'jest' or 'mocha' to the types field in your tsconfig.
src/components/focus/StepIndicator.test.tsx(137,7): error TS2304: Cannot find name 'expect'.
src/components/focus/StepIndicator.test.tsx(138,7): error TS2304: Cannot find name 'expect'.
src/components/focus/StepIndicator.test.tsx(139,7): error TS2304: Cannot find name 'expect'.
src/components/focus/StepIndicator.test.tsx(140,7): error TS2304: Cannot find name 'expect'.
src/components/focus/StepIndicator.test.tsx(143,5): error TS2593: Cannot find name 'it'. Do you need to install type definitions for a test runner? Try `npm i --save-dev @types/jest` or `npm i --save-dev @types/mocha` and then add 'jest' or 'mocha' to the types field in your tsconfig.
src/components/focus/StepIndicator.test.tsx(151,7): error TS2304: Cannot find name 'expect'.
src/components/focus/StepIndicator.test.tsx(152,7): error TS2304: Cannot find name 'expect'.
src/components/focus/StepIndicator.test.tsx(155,5): error TS2593: Cannot find name 'it'. Do you need to install type definitions for a test runner? Try `npm i --save-dev @types/jest` or `npm i --save-dev @types/mocha` and then add 'jest' or 'mocha' to the types field in your tsconfig.
src/components/focus/StepIndicator.test.tsx(163,7): error TS2304: Cannot find name 'expect'.
src/components/focus/StepIndicator.test.tsx(164,7): error TS2304: Cannot find name 'expect'.
src/components/focus/StepIndicator.test.tsx(165,7): error TS2304: Cannot find name 'expect'.
src/components/focus/StepIndicator.test.tsx(166,7): error TS2304: Cannot find name 'expect'.
src/components/focus/StepIndicator.test.tsx(170,3): error TS2593: Cannot find name 'describe'. Do you need to install type definitions for a test runner? Try `npm i --save-dev @types/jest` or `npm i --save-dev @types/mocha` and then add 'jest' or 'mocha' to the types field in your tsconfig.
src/components/focus/StepIndicator.test.tsx(171,5): error TS2593: Cannot find name 'it'. Do you need to install type definitions for a test runner? Try `npm i --save-dev @types/jest` or `npm i --save-dev @types/mocha` and then add 'jest' or 'mocha' to the types field in your tsconfig.
src/components/focus/StepIndicator.test.tsx(172,27): error TS2708: Cannot use namespace 'jest' as a value.
src/components/focus/StepIndicator.test.tsx(183,7): error TS2304: Cannot find name 'expect'.
src/components/focus/StepIndicator.test.tsx(184,7): error TS2304: Cannot find name 'expect'.
src/components/focus/StepIndicator.test.tsx(185,7): error TS2304: Cannot find name 'expect'.
src/components/focus/StepIndicator.test.tsx(186,7): error TS2304: Cannot find name 'expect'.
src/components/focus/StepIndicator.test.tsx(189,5): error TS2593: Cannot find name 'it'. Do you need to install type definitions for a test runner? Try `npm i --save-dev @types/jest` or `npm i --save-dev @types/mocha` and then add 'jest' or 'mocha' to the types field in your tsconfig.
src/components/focus/StepIndicator.test.tsx(190,27): error TS2708: Cannot use namespace 'jest' as a value.
src/components/focus/StepIndicator.test.tsx(201,7): error TS2304: Cannot find name 'expect'.
src/components/focus/StepIndicator.test.tsx(202,7): error TS2304: Cannot find name 'expect'.
src/components/focus/StepIndicator.test.tsx(203,7): error TS2304: Cannot find name 'expect'.
src/components/focus/StepIndicator.test.tsx(206,5): error TS2593: Cannot find name 'it'. Do you need to install type definitions for a test runner? Try `npm i --save-dev @types/jest` or `npm i --save-dev @types/mocha` and then add 'jest' or 'mocha' to the types field in your tsconfig.
src/components/focus/StepIndicator.test.tsx(207,27): error TS2708: Cannot use namespace 'jest' as a value.
src/components/focus/StepIndicator.test.tsx(223,7): error TS2304: Cannot find name 'expect'.
src/components/focus/StepIndicator.test.tsx(223,85): error TS2304: Cannot find name 'expect'.
src/components/focus/StepIndicator.test.tsx(224,7): error TS2304: Cannot find name 'expect'.
src/components/focus/StepIndicator.test.tsx(225,7): error TS2304: Cannot find name 'expect'.
src/components/focus/StepIndicator.test.tsx(228,5): error TS2593: Cannot find name 'it'. Do you need to install type definitions for a test runner? Try `npm i --save-dev @types/jest` or `npm i --save-dev @types/mocha` and then add 'jest' or 'mocha' to the types field in your tsconfig.
src/components/focus/StepIndicator.test.tsx(238,7): error TS2304: Cannot find name 'expect'.
src/components/focus/StepIndicator.test.tsx(242,9): error TS2304: Cannot find name 'expect'.
src/components/focus/StepIndicator.test.tsx(247,3): error TS2593: Cannot find name 'describe'. Do you need to install type definitions for a test runner? Try `npm i --save-dev @types/jest` or `npm i --save-dev @types/mocha` and then add 'jest' or 'mocha' to the types field in your tsconfig.
src/components/focus/StepIndicator.test.tsx(248,5): error TS2593: Cannot find name 'it'. Do you need to install type definitions for a test runner? Try `npm i --save-dev @types/jest` or `npm i --save-dev @types/mocha` and then add 'jest' or 'mocha' to the types field in your tsconfig.
src/components/focus/StepIndicator.test.tsx(256,7): error TS2304: Cannot find name 'expect'.
src/components/focus/StepIndicator.test.tsx(259,5): error TS2593: Cannot find name 'it'. Do you need to install type definitions for a test runner? Try `npm i --save-dev @types/jest` or `npm i --save-dev @types/mocha` and then add 'jest' or 'mocha' to the types field in your tsconfig.
src/components/focus/StepIndicator.test.tsx(267,7): error TS2304: Cannot find name 'expect'.
src/components/focus/StepIndicator.test.tsx(270,5): error TS2593: Cannot find name 'it'. Do you need to install type definitions for a test runner? Try `npm i --save-dev @types/jest` or `npm i --save-dev @types/mocha` and then add 'jest' or 'mocha' to the types field in your tsconfig.
src/components/focus/StepIndicator.test.tsx(278,7): error TS2304: Cannot find name 'expect'.
src/components/focus/StepIndicator.test.tsx(282,3): error TS2593: Cannot find name 'describe'. Do you need to install type definitions for a test runner? Try `npm i --save-dev @types/jest` or `npm i --save-dev @types/mocha` and then add 'jest' or 'mocha' to the types field in your tsconfig.
src/components/focus/StepIndicator.test.tsx(283,5): error TS2593: Cannot find name 'it'. Do you need to install type definitions for a test runner? Try `npm i --save-dev @types/jest` or `npm i --save-dev @types/mocha` and then add 'jest' or 'mocha' to the types field in your tsconfig.
src/components/focus/StepIndicator.test.tsx(291,7): error TS2304: Cannot find name 'expect'.
src/components/focus/StepIndicator.test.tsx(294,5): error TS2593: Cannot find name 'it'. Do you need to install type definitions for a test runner? Try `npm i --save-dev @types/jest` or `npm i --save-dev @types/mocha` and then add 'jest' or 'mocha' to the types field in your tsconfig.
src/components/focus/StepIndicator.test.tsx(302,7): error TS2304: Cannot find name 'expect'.
src/components/focus/StepIndicator.test.tsx(305,5): error TS2593: Cannot find name 'it'. Do you need to install type definitions for a test runner? Try `npm i --save-dev @types/jest` or `npm i --save-dev @types/mocha` and then add 'jest' or 'mocha' to the types field in your tsconfig.
src/components/focus/StepIndicator.test.tsx(313,7): error TS2304: Cannot find name 'expect'.
src/components/focus/StepIndicator.test.tsx(314,7): error TS2304: Cannot find name 'expect'.
src/components/focus/StepIndicator.test.tsx(318,3): error TS2593: Cannot find name 'describe'. Do you need to install type definitions for a test runner? Try `npm i --save-dev @types/jest` or `npm i --save-dev @types/mocha` and then add 'jest' or 'mocha' to the types field in your tsconfig.
src/components/focus/StepIndicator.test.tsx(319,5): error TS2593: Cannot find name 'it'. Do you need to install type definitions for a test runner? Try `npm i --save-dev @types/jest` or `npm i --save-dev @types/mocha` and then add 'jest' or 'mocha' to the types field in your tsconfig.
src/components/focus/StepIndicator.test.tsx(327,7): error TS2304: Cannot find name 'expect'.
src/components/focus/StepIndicator.test.tsx(330,5): error TS2593: Cannot find name 'it'. Do you need to install type definitions for a test runner? Try `npm i --save-dev @types/jest` or `npm i --save-dev @types/mocha` and then add 'jest' or 'mocha' to the types field in your tsconfig.
src/components/focus/StepIndicator.test.tsx(338,7): error TS2304: Cannot find name 'expect'.
src/components/focus/StepIndicator.test.tsx(341,5): error TS2593: Cannot find name 'it'. Do you need to install type definitions for a test runner? Try `npm i --save-dev @types/jest` or `npm i --save-dev @types/mocha` and then add 'jest' or 'mocha' to the types field in your tsconfig.
src/components/focus/StepIndicator.test.tsx(349,7): error TS2304: Cannot find name 'expect'.
src/components/focus/StepIndicator.test.tsx(352,5): error TS2593: Cannot find name 'it'. Do you need to install type definitions for a test runner? Try `npm i --save-dev @types/jest` or `npm i --save-dev @types/mocha` and then add 'jest' or 'mocha' to the types field in your tsconfig.
src/components/focus/StepIndicator.test.tsx(359,7): error TS2304: Cannot find name 'expect'.
src/components/focus/StepIndicator.test.tsx(361,7): error TS2304: Cannot find name 'expect'.
src/components/focus/StepIndicator.test.tsx(365,3): error TS2593: Cannot find name 'describe'. Do you need to install type definitions for a test runner? Try `npm i --save-dev @types/jest` or `npm i --save-dev @types/mocha` and then add 'jest' or 'mocha' to the types field in your tsconfig.
src/components/focus/StepIndicator.test.tsx(366,5): error TS2593: Cannot find name 'it'. Do you need to install type definitions for a test runner? Try `npm i --save-dev @types/jest` or `npm i --save-dev @types/mocha` and then add 'jest' or 'mocha' to the types field in your tsconfig.
src/components/focus/StepIndicator.test.tsx(367,33): error TS2708: Cannot use namespace 'jest' as a value.
src/components/focus/StepIndicator.test.tsx(367,42): error TS7006: Parameter 'step' implicitly has an 'any' type.
src/components/focus/StepIndicator.test.tsx(367,48): error TS7006: Parameter 'index' implicitly has an 'any' type.
src/components/focus/StepIndicator.test.tsx(378,7): error TS2304: Cannot find name 'expect'.
src/components/focus/StepIndicator.test.tsx(379,7): error TS2304: Cannot find name 'expect'.
src/components/focus/StepIndicator.test.tsx(380,7): error TS2304: Cannot find name 'expect'.
src/components/focus/StepIndicator.test.tsx(381,7): error TS2304: Cannot find name 'expect'.
src/components/focus/StepIndicator.test.tsx(382,7): error TS2304: Cannot find name 'expect'.
src/components/focus/StepIndicator.test.tsx(385,5): error TS2593: Cannot find name 'it'. Do you need to install type definitions for a test runner? Try `npm i --save-dev @types/jest` or `npm i --save-dev @types/mocha` and then add 'jest' or 'mocha' to the types field in your tsconfig.
src/components/focus/StepIndicator.test.tsx(394,7): error TS2304: Cannot find name 'expect'.
src/components/focus/StepIndicator.test.tsx(397,5): error TS2593: Cannot find name 'it'. Do you need to install type definitions for a test runner? Try `npm i --save-dev @types/jest` or `npm i --save-dev @types/mocha` and then add 'jest' or 'mocha' to the types field in your tsconfig.
src/components/focus/StepIndicator.test.tsx(405,7): error TS2304: Cannot find name 'expect'.
src/components/focus/StepIndicator.test.tsx(408,7): error TS2304: Cannot find name 'expect'.
src/components/focus/StepIndicator.test.tsx(412,3): error TS2593: Cannot find name 'describe'. Do you need to install type definitions for a test runner? Try `npm i --save-dev @types/jest` or `npm i --save-dev @types/mocha` and then add 'jest' or 'mocha' to the types field in your tsconfig.
src/components/focus/StepIndicator.test.tsx(413,5): error TS2593: Cannot find name 'it'. Do you need to install type definitions for a test runner? Try `npm i --save-dev @types/jest` or `npm i --save-dev @types/mocha` and then add 'jest' or 'mocha' to the types field in your tsconfig.
src/components/focus/StepIndicator.test.tsx(421,7): error TS2304: Cannot find name 'expect'.
src/components/focus/StepIndicator.test.tsx(424,7): error TS2304: Cannot find name 'expect'.
src/components/focus/StepIndicator.test.tsx(427,7): error TS2304: Cannot find name 'expect'.
src/components/focus/StepIndicator.test.tsx(427,58): error TS2304: Cannot find name 'expect'.
src/components/focus/StepIndicator.test.tsx(430,7): error TS2304: Cannot find name 'expect'.
src/components/focus/StepIndicator.test.tsx(430,58): error TS2304: Cannot find name 'expect'.
src/components/focus/StepIndicator.test.tsx(433,5): error TS2593: Cannot find name 'it'. Do you need to install type definitions for a test runner? Try `npm i --save-dev @types/jest` or `npm i --save-dev @types/mocha` and then add 'jest' or 'mocha' to the types field in your tsconfig.
src/components/focus/StepIndicator.test.tsx(442,9): error TS2304: Cannot find name 'expect'.
src/components/focus/StepIndicator.test.tsx(446,5): error TS2593: Cannot find name 'it'. Do you need to install type definitions for a test runner? Try `npm i --save-dev @types/jest` or `npm i --save-dev @types/mocha` and then add 'jest' or 'mocha' to the types field in your tsconfig.
src/components/focus/StepIndicator.test.tsx(456,11): error TS2304: Cannot find name 'expect'.
src/components/focus/StepIndicator.test.tsx(458,11): error TS2304: Cannot find name 'expect'.
src/components/focus/StepIndicator.test.tsx(464,3): error TS2593: Cannot find name 'describe'. Do you need to install type definitions for a test runner? Try `npm i --save-dev @types/jest` or `npm i --save-dev @types/mocha` and then add 'jest' or 'mocha' to the types field in your tsconfig.
src/components/focus/StepIndicator.test.tsx(465,5): error TS2593: Cannot find name 'it'. Do you need to install type definitions for a test runner? Try `npm i --save-dev @types/jest` or `npm i --save-dev @types/mocha` and then add 'jest' or 'mocha' to the types field in your tsconfig.
src/components/focus/StepIndicator.test.tsx(499,7): error TS2304: Cannot find name 'expect'.
src/components/focus/StepIndicator.test.tsx(503,3): error TS2593: Cannot find name 'describe'. Do you need to install type definitions for a test runner? Try `npm i --save-dev @types/jest` or `npm i --save-dev @types/mocha` and then add 'jest' or 'mocha' to the types field in your tsconfig.
src/components/focus/StepIndicator.test.tsx(504,5): error TS2593: Cannot find name 'it'. Do you need to install type definitions for a test runner? Try `npm i --save-dev @types/jest` or `npm i --save-dev @types/mocha` and then add 'jest' or 'mocha' to the types field in your tsconfig.
src/components/focus/StepIndicator.test.tsx(512,7): error TS2304: Cannot find name 'expect'.
src/components/focus/StepIndicator.test.tsx(515,5): error TS2593: Cannot find name 'it'. Do you need to install type definitions for a test runner? Try `npm i --save-dev @types/jest` or `npm i --save-dev @types/mocha` and then add 'jest' or 'mocha' to the types field in your tsconfig.
src/components/focus/StepIndicator.test.tsx(523,7): error TS2304: Cannot find name 'expect'.
src/components/focus/__tests__/ManagedDialog.test.tsx(19,1): error TS2708: Cannot use namespace 'jest' as a value.
src/components/focus/__tests__/ManagedDialog.test.tsx(20,6): error TS2708: Cannot use namespace 'jest' as a value.
src/components/focus/__tests__/ManagedDialog.test.tsx(66,1): error TS2708: Cannot use namespace 'jest' as a value.
src/components/focus/__tests__/ManagedDialog.test.tsx(118,7): error TS2322: Type 'RefObject<HTMLButtonElement | null>' is not assignable to type 'RefObject<HTMLElement>'.
  Type 'HTMLButtonElement | null' is not assignable to type 'HTMLElement'.
    Type 'null' is not assignable to type 'HTMLElement'.
src/components/focus/__tests__/ManagedDialog.test.tsx(229,1): error TS2593: Cannot find name 'describe'. Do you need to install type definitions for a test runner? Try `npm i --save-dev @types/jest` or `npm i --save-dev @types/mocha` and then add 'jest' or 'mocha' to the types field in your tsconfig.
src/components/focus/__tests__/ManagedDialog.test.tsx(230,3): error TS2304: Cannot find name 'beforeEach'.
src/components/focus/__tests__/ManagedDialog.test.tsx(231,5): error TS2708: Cannot use namespace 'jest' as a value.
src/components/focus/__tests__/ManagedDialog.test.tsx(233,5): error TS2708: Cannot use namespace 'jest' as a value.
src/components/focus/__tests__/ManagedDialog.test.tsx(236,3): error TS2304: Cannot find name 'afterEach'.
src/components/focus/__tests__/ManagedDialog.test.tsx(237,5): error TS2708: Cannot use namespace 'jest' as a value.
src/components/focus/__tests__/ManagedDialog.test.tsx(240,3): error TS2593: Cannot find name 'describe'. Do you need to install type definitions for a test runner? Try `npm i --save-dev @types/jest` or `npm i --save-dev @types/mocha` and then add 'jest' or 'mocha' to the types field in your tsconfig.
src/components/focus/__tests__/ManagedDialog.test.tsx(241,5): error TS2593: Cannot find name 'it'. Do you need to install type definitions for a test runner? Try `npm i --save-dev @types/jest` or `npm i --save-dev @types/mocha` and then add 'jest' or 'mocha' to the types field in your tsconfig.
src/components/focus/__tests__/ManagedDialog.test.tsx(244,7): error TS2304: Cannot find name 'expect'.
src/components/focus/__tests__/ManagedDialog.test.tsx(245,7): error TS2304: Cannot find name 'expect'.
src/components/focus/__tests__/ManagedDialog.test.tsx(246,7): error TS2304: Cannot find name 'expect'.
src/components/focus/__tests__/ManagedDialog.test.tsx(249,5): error TS2593: Cannot find name 'it'. Do you need to install type definitions for a test runner? Try `npm i --save-dev @types/jest` or `npm i --save-dev @types/mocha` and then add 'jest' or 'mocha' to the types field in your tsconfig.
src/components/focus/__tests__/ManagedDialog.test.tsx(256,9): error TS2304: Cannot find name 'expect'.
src/components/focus/__tests__/ManagedDialog.test.tsx(260,5): error TS2593: Cannot find name 'it'. Do you need to install type definitions for a test runner? Try `npm i --save-dev @types/jest` or `npm i --save-dev @types/mocha` and then add 'jest' or 'mocha' to the types field in your tsconfig.
src/components/focus/__tests__/ManagedDialog.test.tsx(267,9): error TS2304: Cannot find name 'expect'.
src/components/focus/__tests__/ManagedDialog.test.tsx(275,9): error TS2304: Cannot find name 'expect'.
src/components/focus/__tests__/ManagedDialog.test.tsx(279,5): error TS2593: Cannot find name 'it'. Do you need to install type definitions for a test runner? Try `npm i --save-dev @types/jest` or `npm i --save-dev @types/mocha` and then add 'jest' or 'mocha' to the types field in your tsconfig.
src/components/focus/__tests__/ManagedDialog.test.tsx(286,9): error TS2304: Cannot find name 'expect'.
src/components/focus/__tests__/ManagedDialog.test.tsx(294,7): error TS2304: Cannot find name 'expect'.
src/components/focus/__tests__/ManagedDialog.test.tsx(297,5): error TS2593: Cannot find name 'it'. Do you need to install type definitions for a test runner? Try `npm i --save-dev @types/jest` or `npm i --save-dev @types/mocha` and then add 'jest' or 'mocha' to the types field in your tsconfig.
src/components/focus/__tests__/ManagedDialog.test.tsx(304,9): error TS2304: Cannot find name 'expect'.
src/components/focus/__tests__/ManagedDialog.test.tsx(312,9): error TS2304: Cannot find name 'expect'.
src/components/focus/__tests__/ManagedDialog.test.tsx(316,5): error TS2593: Cannot find name 'it'. Do you need to install type definitions for a test runner? Try `npm i --save-dev @types/jest` or `npm i --save-dev @types/mocha` and then add 'jest' or 'mocha' to the types field in your tsconfig.
src/components/focus/__tests__/ManagedDialog.test.tsx(323,9): error TS2304: Cannot find name 'expect'.
src/components/focus/__tests__/ManagedDialog.test.tsx(331,7): error TS2304: Cannot find name 'expect'.
src/components/focus/__tests__/ManagedDialog.test.tsx(335,3): error TS2593: Cannot find name 'describe'. Do you need to install type definitions for a test runner? Try `npm i --save-dev @types/jest` or `npm i --save-dev @types/mocha` and then add 'jest' or 'mocha' to the types field in your tsconfig.
src/components/focus/__tests__/ManagedDialog.test.tsx(336,5): error TS2593: Cannot find name 'it'. Do you need to install type definitions for a test runner? Try `npm i --save-dev @types/jest` or `npm i --save-dev @types/mocha` and then add 'jest' or 'mocha' to the types field in your tsconfig.
src/components/focus/__tests__/ManagedDialog.test.tsx(361,9): error TS2304: Cannot find name 'expect'.
src/components/focus/__tests__/ManagedDialog.test.tsx(362,9): error TS2304: Cannot find name 'expect'.
src/components/focus/__tests__/ManagedDialog.test.tsx(366,5): error TS2593: Cannot find name 'it'. Do you need to install type definitions for a test runner? Try `npm i --save-dev @types/jest` or `npm i --save-dev @types/mocha` and then add 'jest' or 'mocha' to the types field in your tsconfig.
src/components/focus/__tests__/ManagedDialog.test.tsx(398,9): error TS2304: Cannot find name 'expect'.
src/components/focus/__tests__/ManagedDialog.test.tsx(409,9): error TS2304: Cannot find name 'expect'.
src/components/focus/__tests__/ManagedDialog.test.tsx(413,5): error TS2593: Cannot find name 'it'. Do you need to install type definitions for a test runner? Try `npm i --save-dev @types/jest` or `npm i --save-dev @types/mocha` and then add 'jest' or 'mocha' to the types field in your tsconfig.
src/components/focus/__tests__/ManagedDialog.test.tsx(422,13): error TS2322: Type 'RefObject<HTMLButtonElement | null>' is not assignable to type 'RefObject<HTMLElement>'.
  Type 'HTMLButtonElement | null' is not assignable to type 'HTMLElement'.
    Type 'null' is not assignable to type 'HTMLElement'.
src/components/focus/__tests__/ManagedDialog.test.tsx(470,9): error TS2304: Cannot find name 'expect'.
src/components/focus/__tests__/ManagedDialog.test.tsx(474,5): error TS2593: Cannot find name 'it'. Do you need to install type definitions for a test runner? Try `npm i --save-dev @types/jest` or `npm i --save-dev @types/mocha` and then add 'jest' or 'mocha' to the types field in your tsconfig.
src/components/focus/__tests__/ManagedDialog.test.tsx(510,7): error TS2304: Cannot find name 'expect'.
src/components/focus/__tests__/ManagedDialog.test.tsx(514,3): error TS2593: Cannot find name 'describe'. Do you need to install type definitions for a test runner? Try `npm i --save-dev @types/jest` or `npm i --save-dev @types/mocha` and then add 'jest' or 'mocha' to the types field in your tsconfig.
src/components/focus/__tests__/ManagedDialog.test.tsx(515,5): error TS2593: Cannot find name 'it'. Do you need to install type definitions for a test runner? Try `npm i --save-dev @types/jest` or `npm i --save-dev @types/mocha` and then add 'jest' or 'mocha' to the types field in your tsconfig.
src/components/focus/__tests__/ManagedDialog.test.tsx(522,7): error TS2304: Cannot find name 'expect'.
src/components/focus/__tests__/ManagedDialog.test.tsx(523,7): error TS2304: Cannot find name 'expect'.
src/components/focus/__tests__/ManagedDialog.test.tsx(526,5): error TS2593: Cannot find name 'it'. Do you need to install type definitions for a test runner? Try `npm i --save-dev @types/jest` or `npm i --save-dev @types/mocha` and then add 'jest' or 'mocha' to the types field in your tsconfig.
src/components/focus/__tests__/ManagedDialog.test.tsx(533,7): error TS2304: Cannot find name 'expect'.
src/components/focus/__tests__/ManagedDialog.test.tsx(534,7): error TS2304: Cannot find name 'expect'.
src/components/focus/__tests__/ManagedDialog.test.tsx(537,5): error TS2593: Cannot find name 'it'. Do you need to install type definitions for a test runner? Try `npm i --save-dev @types/jest` or `npm i --save-dev @types/mocha` and then add 'jest' or 'mocha' to the types field in your tsconfig.
src/components/focus/__tests__/ManagedDialog.test.tsx(545,7): error TS2304: Cannot find name 'expect'.
src/components/focus/__tests__/ManagedDialog.test.tsx(548,5): error TS2593: Cannot find name 'it'. Do you need to install type definitions for a test runner? Try `npm i --save-dev @types/jest` or `npm i --save-dev @types/mocha` and then add 'jest' or 'mocha' to the types field in your tsconfig.
src/components/focus/__tests__/ManagedDialog.test.tsx(564,7): error TS2304: Cannot find name 'expect'.
src/components/focus/__tests__/ManagedDialog.test.tsx(565,7): error TS2304: Cannot find name 'expect'.
src/components/focus/__tests__/ManagedDialog.test.tsx(566,7): error TS2304: Cannot find name 'expect'.
src/components/focus/__tests__/ManagedDialog.test.tsx(569,5): error TS2593: Cannot find name 'it'. Do you need to install type definitions for a test runner? Try `npm i --save-dev @types/jest` or `npm i --save-dev @types/mocha` and then add 'jest' or 'mocha' to the types field in your tsconfig.
src/components/focus/__tests__/ManagedDialog.test.tsx(583,7): error TS2304: Cannot find name 'expect'.
src/components/focus/__tests__/ManagedDialog.test.tsx(584,7): error TS2304: Cannot find name 'expect'.
src/components/focus/__tests__/ManagedDialog.test.tsx(588,3): error TS2593: Cannot find name 'describe'. Do you need to install type definitions for a test runner? Try `npm i --save-dev @types/jest` or `npm i --save-dev @types/mocha` and then add 'jest' or 'mocha' to the types field in your tsconfig.
src/components/focus/__tests__/ManagedDialog.test.tsx(589,5): error TS2593: Cannot find name 'it'. Do you need to install type definitions for a test runner? Try `npm i --save-dev @types/jest` or `npm i --save-dev @types/mocha` and then add 'jest' or 'mocha' to the types field in your tsconfig.
src/components/focus/__tests__/ManagedDialog.test.tsx(590,26): error TS2708: Cannot use namespace 'jest' as a value.
src/components/focus/__tests__/ManagedDialog.test.tsx(600,9): error TS2304: Cannot find name 'expect'.
src/components/focus/__tests__/ManagedDialog.test.tsx(604,5): error TS2593: Cannot find name 'it'. Do you need to install type definitions for a test runner? Try `npm i --save-dev @types/jest` or `npm i --save-dev @types/mocha` and then add 'jest' or 'mocha' to the types field in your tsconfig.
src/components/focus/__tests__/ManagedDialog.test.tsx(605,28): error TS2708: Cannot use namespace 'jest' as a value.
src/components/focus/__tests__/ManagedDialog.test.tsx(614,9): error TS2304: Cannot find name 'expect'.
src/components/focus/__tests__/ManagedDialog.test.tsx(620,9): error TS2304: Cannot find name 'expect'.
src/components/focus/__tests__/ManagedDialog.test.tsx(624,5): error TS2593: Cannot find name 'it'. Do you need to install type definitions for a test runner? Try `npm i --save-dev @types/jest` or `npm i --save-dev @types/mocha` and then add 'jest' or 'mocha' to the types field in your tsconfig.
src/components/focus/__tests__/ManagedDialog.test.tsx(649,7): error TS2304: Cannot find name 'expect'.
src/components/focus/__tests__/ManagedDialog.test.tsx(653,3): error TS2593: Cannot find name 'describe'. Do you need to install type definitions for a test runner? Try `npm i --save-dev @types/jest` or `npm i --save-dev @types/mocha` and then add 'jest' or 'mocha' to the types field in your tsconfig.
src/components/focus/__tests__/ManagedDialog.test.tsx(654,5): error TS2593: Cannot find name 'it'. Do you need to install type definitions for a test runner? Try `npm i --save-dev @types/jest` or `npm i --save-dev @types/mocha` and then add 'jest' or 'mocha' to the types field in your tsconfig.
src/components/focus/__tests__/ManagedDialog.test.tsx(663,7): error TS2304: Cannot find name 'expect'.
src/components/focus/__tests__/ManagedDialog.test.tsx(666,5): error TS2593: Cannot find name 'it'. Do you need to install type definitions for a test runner? Try `npm i --save-dev @types/jest` or `npm i --save-dev @types/mocha` and then add 'jest' or 'mocha' to the types field in your tsconfig.
src/components/focus/__tests__/ManagedDialog.test.tsx(676,7): error TS2304: Cannot find name 'expect'.
src/components/focus/__tests__/ManagedDialog.test.tsx(679,5): error TS2593: Cannot find name 'it'. Do you need to install type definitions for a test runner? Try `npm i --save-dev @types/jest` or `npm i --save-dev @types/mocha` and then add 'jest' or 'mocha' to the types field in your tsconfig.
src/components/focus/__tests__/ManagedDialog.test.tsx(680,23): error TS2708: Cannot use namespace 'jest' as a value.
src/components/focus/__tests__/ManagedDialog.test.tsx(692,7): error TS2304: Cannot find name 'expect'.
src/components/focus/__tests__/ManagedDialog.test.tsx(696,3): error TS2593: Cannot find name 'describe'. Do you need to install type definitions for a test runner? Try `npm i --save-dev @types/jest` or `npm i --save-dev @types/mocha` and then add 'jest' or 'mocha' to the types field in your tsconfig.
src/components/focus/__tests__/ManagedDialog.test.tsx(697,5): error TS2593: Cannot find name 'it'. Do you need to install type definitions for a test runner? Try `npm i --save-dev @types/jest` or `npm i --save-dev @types/mocha` and then add 'jest' or 'mocha' to the types field in your tsconfig.
src/components/focus/__tests__/ManagedDialog.test.tsx(700,7): error TS2304: Cannot find name 'expect'.
src/components/focus/__tests__/ManagedDialog.test.tsx(703,7): error TS2304: Cannot find name 'expect'.
src/components/focus/__tests__/ManagedDialog.test.tsx(706,7): error TS2304: Cannot find name 'expect'.
src/components/focus/__tests__/ManagedDialog.test.tsx(709,5): error TS2593: Cannot find name 'it'. Do you need to install type definitions for a test runner? Try `npm i --save-dev @types/jest` or `npm i --save-dev @types/mocha` and then add 'jest' or 'mocha' to the types field in your tsconfig.
src/components/focus/__tests__/ManagedDialog.test.tsx(712,7): error TS2304: Cannot find name 'expect'.
src/components/focus/__tests__/ManagedDialog.test.tsx(715,7): error TS2304: Cannot find name 'expect'.
src/components/focus/__tests__/ManagedDialog.test.tsx(718,7): error TS2304: Cannot find name 'expect'.
src/components/focus/__tests__/ManagedDialog.test.tsx(721,5): error TS2593: Cannot find name 'it'. Do you need to install type definitions for a test runner? Try `npm i --save-dev @types/jest` or `npm i --save-dev @types/mocha` and then add 'jest' or 'mocha' to the types field in your tsconfig.
src/components/focus/__tests__/ManagedDialog.test.tsx(741,7): error TS2304: Cannot find name 'expect'.
src/components/focus/__tests__/ManagedDialog.test.tsx(742,7): error TS2304: Cannot find name 'expect'.
src/components/focus/__tests__/ManagedDialog.test.tsx(745,7): error TS2304: Cannot find name 'expect'.
src/components/focus/__tests__/ManagedDialog.test.tsx(749,3): error TS2593: Cannot find name 'describe'. Do you need to install type definitions for a test runner? Try `npm i --save-dev @types/jest` or `npm i --save-dev @types/mocha` and then add 'jest' or 'mocha' to the types field in your tsconfig.
src/components/focus/__tests__/ManagedDialog.test.tsx(750,5): error TS2593: Cannot find name 'it'. Do you need to install type definitions for a test runner? Try `npm i --save-dev @types/jest` or `npm i --save-dev @types/mocha` and then add 'jest' or 'mocha' to the types field in your tsconfig.
src/components/focus/__tests__/ManagedDialog.test.tsx(752,26): error TS2708: Cannot use namespace 'jest' as a value.
src/components/focus/__tests__/ManagedDialog.test.tsx(754,7): error TS2304: Cannot find name 'expect'.
src/components/focus/__tests__/ManagedDialog.test.tsx(769,5): error TS2593: Cannot find name 'it'. Do you need to install type definitions for a test runner? Try `npm i --save-dev @types/jest` or `npm i --save-dev @types/mocha` and then add 'jest' or 'mocha' to the types field in your tsconfig.
src/components/focus/__tests__/ManagedDialog.test.tsx(802,9): error TS2304: Cannot find name 'expect'.
src/components/focus/__tests__/ManagedDialog.test.tsx(806,5): error TS2593: Cannot find name 'it'. Do you need to install type definitions for a test runner? Try `npm i --save-dev @types/jest` or `npm i --save-dev @types/mocha` and then add 'jest' or 'mocha' to the types field in your tsconfig.
src/components/focus/__tests__/ManagedDialog.test.tsx(825,7): error TS2304: Cannot find name 'expect'.
src/components/focus/__tests__/ManagedDialog.test.tsx(828,5): error TS2593: Cannot find name 'it'. Do you need to install type definitions for a test runner? Try `npm i --save-dev @types/jest` or `npm i --save-dev @types/mocha` and then add 'jest' or 'mocha' to the types field in your tsconfig.
src/components/focus/__tests__/ManagedDialog.test.tsx(859,9): error TS2304: Cannot find name 'expect'.
src/components/focus/__tests__/ManagedDialog.test.tsx(863,5): error TS2593: Cannot find name 'it'. Do you need to install type definitions for a test runner? Try `npm i --save-dev @types/jest` or `npm i --save-dev @types/mocha` and then add 'jest' or 'mocha' to the types field in your tsconfig.
src/components/focus/__tests__/ManagedDialog.test.tsx(894,9): error TS2304: Cannot find name 'expect'.
src/components/focus/__tests__/ManagedDialog.test.tsx(898,5): error TS2593: Cannot find name 'it'. Do you need to install type definitions for a test runner? Try `npm i --save-dev @types/jest` or `npm i --save-dev @types/mocha` and then add 'jest' or 'mocha' to the types field in your tsconfig.
src/components/focus/__tests__/ManagedDialog.test.tsx(939,7): error TS2304: Cannot find name 'expect'.
src/components/focus/__tests__/ManagedDialog.test.tsx(943,3): error TS2593: Cannot find name 'describe'. Do you need to install type definitions for a test runner? Try `npm i --save-dev @types/jest` or `npm i --save-dev @types/mocha` and then add 'jest' or 'mocha' to the types field in your tsconfig.
src/components/focus/__tests__/ManagedDialog.test.tsx(944,5): error TS2593: Cannot find name 'it'. Do you need to install type definitions for a test runner? Try `npm i --save-dev @types/jest` or `npm i --save-dev @types/mocha` and then add 'jest' or 'mocha' to the types field in your tsconfig.
src/components/focus/__tests__/ManagedDialog.test.tsx(979,7): error TS2304: Cannot find name 'expect'.
src/components/focus/__tests__/ManagedDialog.test.tsx(984,9): error TS2304: Cannot find name 'expect'.
src/components/focus/__tests__/ManagedDialog.test.tsx(990,9): error TS2304: Cannot find name 'expect'.
src/components/focus/__tests__/ManagedDialog.test.tsx(994,5): error TS2593: Cannot find name 'it'. Do you need to install type definitions for a test runner? Try `npm i --save-dev @types/jest` or `npm i --save-dev @types/mocha` and then add 'jest' or 'mocha' to the types field in your tsconfig.
src/components/focus/__tests__/ManagedDialog.test.tsx(1030,7): error TS2304: Cannot find name 'expect'.
src/components/focus/__tests__/StepIndicator.test.tsx(20,1): error TS2708: Cannot use namespace 'jest' as a value.
src/components/focus/__tests__/StepIndicator.test.tsx(216,1): error TS2593: Cannot find name 'describe'. Do you need to install type definitions for a test runner? Try `npm i --save-dev @types/jest` or `npm i --save-dev @types/mocha` and then add 'jest' or 'mocha' to the types field in your tsconfig.
src/components/focus/__tests__/StepIndicator.test.tsx(217,3): error TS2304: Cannot find name 'beforeEach'.
src/components/focus/__tests__/StepIndicator.test.tsx(218,5): error TS2708: Cannot use namespace 'jest' as a value.
src/components/focus/__tests__/StepIndicator.test.tsx(219,5): error TS2708: Cannot use namespace 'jest' as a value.
src/components/focus/__tests__/StepIndicator.test.tsx(222,3): error TS2304: Cannot find name 'afterEach'.
src/components/focus/__tests__/StepIndicator.test.tsx(223,5): error TS2708: Cannot use namespace 'jest' as a value.
src/components/focus/__tests__/StepIndicator.test.tsx(226,3): error TS2593: Cannot find name 'describe'. Do you need to install type definitions for a test runner? Try `npm i --save-dev @types/jest` or `npm i --save-dev @types/mocha` and then add 'jest' or 'mocha' to the types field in your tsconfig.
src/components/focus/__tests__/StepIndicator.test.tsx(227,5): error TS2593: Cannot find name 'it'. Do you need to install type definitions for a test runner? Try `npm i --save-dev @types/jest` or `npm i --save-dev @types/mocha` and then add 'jest' or 'mocha' to the types field in your tsconfig.
src/components/focus/__tests__/StepIndicator.test.tsx(230,7): error TS2304: Cannot find name 'expect'.
src/components/focus/__tests__/StepIndicator.test.tsx(231,7): error TS2304: Cannot find name 'expect'.
src/components/focus/__tests__/StepIndicator.test.tsx(234,9): error TS2304: Cannot find name 'expect'.
src/components/focus/__tests__/StepIndicator.test.tsx(238,5): error TS2593: Cannot find name 'it'. Do you need to install type definitions for a test runner? Try `npm i --save-dev @types/jest` or `npm i --save-dev @types/mocha` and then add 'jest' or 'mocha' to the types field in your tsconfig.
src/components/focus/__tests__/StepIndicator.test.tsx(242,7): error TS2304: Cannot find name 'expect'.
src/components/focus/__tests__/StepIndicator.test.tsx(245,5): error TS2593: Cannot find name 'it'. Do you need to install type definitions for a test runner? Try `npm i --save-dev @types/jest` or `npm i --save-dev @types/mocha` and then add 'jest' or 'mocha' to the types field in your tsconfig.
src/components/focus/__tests__/StepIndicator.test.tsx(249,7): error TS2304: Cannot find name 'expect'.
src/components/focus/__tests__/StepIndicator.test.tsx(252,5): error TS2593: Cannot find name 'it'. Do you need to install type definitions for a test runner? Try `npm i --save-dev @types/jest` or `npm i --save-dev @types/mocha` and then add 'jest' or 'mocha' to the types field in your tsconfig.
src/components/focus/__tests__/StepIndicator.test.tsx(255,33): error TS2339: Property 'container' does not exist on type 'Screen<typeof import("/home/lars/dev/A4C-FrontEnd/node_modules/@testing-library/dom/types/queries")>'.
src/components/focus/__tests__/StepIndicator.test.tsx(257,7): error TS2304: Cannot find name 'expect'.
src/components/focus/__tests__/StepIndicator.test.tsx(260,5): error TS2593: Cannot find name 'it'. Do you need to install type definitions for a test runner? Try `npm i --save-dev @types/jest` or `npm i --save-dev @types/mocha` and then add 'jest' or 'mocha' to the types field in your tsconfig.
src/components/focus/__tests__/StepIndicator.test.tsx(263,33): error TS2339: Property 'container' does not exist on type 'Screen<typeof import("/home/lars/dev/A4C-FrontEnd/node_modules/@testing-library/dom/types/queries")>'.
src/components/focus/__tests__/StepIndicator.test.tsx(264,7): error TS2304: Cannot find name 'expect'.
src/components/focus/__tests__/StepIndicator.test.tsx(267,5): error TS2593: Cannot find name 'it'. Do you need to install type definitions for a test runner? Try `npm i --save-dev @types/jest` or `npm i --save-dev @types/mocha` and then add 'jest' or 'mocha' to the types field in your tsconfig.
src/components/focus/__tests__/StepIndicator.test.tsx(272,11): error TS2304: Cannot find name 'expect'.
src/components/focus/__tests__/StepIndicator.test.tsx(277,5): error TS2593: Cannot find name 'it'. Do you need to install type definitions for a test runner? Try `npm i --save-dev @types/jest` or `npm i --save-dev @types/mocha` and then add 'jest' or 'mocha' to the types field in your tsconfig.
src/components/focus/__tests__/StepIndicator.test.tsx(282,11): error TS2304: Cannot find name 'expect'.
src/components/focus/__tests__/StepIndicator.test.tsx(287,5): error TS2593: Cannot find name 'it'. Do you need to install type definitions for a test runner? Try `npm i --save-dev @types/jest` or `npm i --save-dev @types/mocha` and then add 'jest' or 'mocha' to the types field in your tsconfig.
src/components/focus/__tests__/StepIndicator.test.tsx(291,7): error TS2304: Cannot find name 'expect'.
src/components/focus/__tests__/StepIndicator.test.tsx(295,3): error TS2593: Cannot find name 'describe'. Do you need to install type definitions for a test runner? Try `npm i --save-dev @types/jest` or `npm i --save-dev @types/mocha` and then add 'jest' or 'mocha' to the types field in your tsconfig.
src/components/focus/__tests__/StepIndicator.test.tsx(296,5): error TS2593: Cannot find name 'it'. Do you need to install type definitions for a test runner? Try `npm i --save-dev @types/jest` or `npm i --save-dev @types/mocha` and then add 'jest' or 'mocha' to the types field in your tsconfig.
src/components/focus/__tests__/StepIndicator.test.tsx(300,7): error TS2304: Cannot find name 'expect'.
src/components/focus/__tests__/StepIndicator.test.tsx(301,7): error TS2304: Cannot find name 'expect'.
src/components/focus/__tests__/StepIndicator.test.tsx(305,7): error TS2304: Cannot find name 'expect'.
src/components/focus/__tests__/StepIndicator.test.tsx(308,5): error TS2593: Cannot find name 'it'. Do you need to install type definitions for a test runner? Try `npm i --save-dev @types/jest` or `npm i --save-dev @types/mocha` and then add 'jest' or 'mocha' to the types field in your tsconfig.
src/components/focus/__tests__/StepIndicator.test.tsx(312,7): error TS2304: Cannot find name 'expect'.
src/components/focus/__tests__/StepIndicator.test.tsx(313,7): error TS2304: Cannot find name 'expect'.
src/components/focus/__tests__/StepIndicator.test.tsx(314,7): error TS2304: Cannot find name 'expect'.
src/components/focus/__tests__/StepIndicator.test.tsx(317,5): error TS2593: Cannot find name 'it'. Do you need to install type definitions for a test runner? Try `npm i --save-dev @types/jest` or `npm i --save-dev @types/mocha` and then add 'jest' or 'mocha' to the types field in your tsconfig.
src/components/focus/__tests__/StepIndicator.test.tsx(321,7): error TS2304: Cannot find name 'expect'.
src/components/focus/__tests__/StepIndicator.test.tsx(322,7): error TS2304: Cannot find name 'expect'.
src/components/focus/__tests__/StepIndicator.test.tsx(323,7): error TS2304: Cannot find name 'expect'.
src/components/focus/__tests__/StepIndicator.test.tsx(326,5): error TS2593: Cannot find name 'it'. Do you need to install type definitions for a test runner? Try `npm i --save-dev @types/jest` or `npm i --save-dev @types/mocha` and then add 'jest' or 'mocha' to the types field in your tsconfig.
src/components/focus/__tests__/StepIndicator.test.tsx(330,7): error TS2304: Cannot find name 'expect'.
src/components/focus/__tests__/StepIndicator.test.tsx(331,7): error TS2304: Cannot find name 'expect'.
src/components/focus/__tests__/StepIndicator.test.tsx(332,7): error TS2304: Cannot find name 'expect'.
src/components/focus/__tests__/StepIndicator.test.tsx(335,5): error TS2593: Cannot find name 'it'. Do you need to install type definitions for a test runner? Try `npm i --save-dev @types/jest` or `npm i --save-dev @types/mocha` and then add 'jest' or 'mocha' to the types field in your tsconfig.
src/components/focus/__tests__/StepIndicator.test.tsx(343,7): error TS2304: Cannot find name 'expect'.
src/components/focus/__tests__/StepIndicator.test.tsx(344,7): error TS2304: Cannot find name 'expect'.
src/components/focus/__tests__/StepIndicator.test.tsx(345,7): error TS2304: Cannot find name 'expect'.
src/components/focus/__tests__/StepIndicator.test.tsx(346,7): error TS2304: Cannot find name 'expect'.
src/components/focus/__tests__/StepIndicator.test.tsx(350,3): error TS2593: Cannot find name 'describe'. Do you need to install type definitions for a test runner? Try `npm i --save-dev @types/jest` or `npm i --save-dev @types/mocha` and then add 'jest' or 'mocha' to the types field in your tsconfig.
src/components/focus/__tests__/StepIndicator.test.tsx(351,5): error TS2593: Cannot find name 'it'. Do you need to install type definitions for a test runner? Try `npm i --save-dev @types/jest` or `npm i --save-dev @types/mocha` and then add 'jest' or 'mocha' to the types field in your tsconfig.
src/components/focus/__tests__/StepIndicator.test.tsx(354,28): error TS2339: Property 'container' does not exist on type 'Screen<typeof import("/home/lars/dev/A4C-FrontEnd/node_modules/@testing-library/dom/types/queries")>'.
src/components/focus/__tests__/StepIndicator.test.tsx(355,21): error TS7006: Parameter 'step' implicitly has an 'any' type.
src/components/focus/__tests__/StepIndicator.test.tsx(356,9): error TS2304: Cannot find name 'expect'.
src/components/focus/__tests__/StepIndicator.test.tsx(360,5): error TS2593: Cannot find name 'it'. Do you need to install type definitions for a test runner? Try `npm i --save-dev @types/jest` or `npm i --save-dev @types/mocha` and then add 'jest' or 'mocha' to the types field in your tsconfig.
src/components/focus/__tests__/StepIndicator.test.tsx(363,28): error TS2339: Property 'container' does not exist on type 'Screen<typeof import("/home/lars/dev/A4C-FrontEnd/node_modules/@testing-library/dom/types/queries")>'.
src/components/focus/__tests__/StepIndicator.test.tsx(364,21): error TS7006: Parameter 'step' implicitly has an 'any' type.
src/components/focus/__tests__/StepIndicator.test.tsx(365,9): error TS2304: Cannot find name 'expect'.
src/components/focus/__tests__/StepIndicator.test.tsx(369,5): error TS2593: Cannot find name 'it'. Do you need to install type definitions for a test runner? Try `npm i --save-dev @types/jest` or `npm i --save-dev @types/mocha` and then add 'jest' or 'mocha' to the types field in your tsconfig.
src/components/focus/__tests__/StepIndicator.test.tsx(372,28): error TS2339: Property 'container' does not exist on type 'Screen<typeof import("/home/lars/dev/A4C-FrontEnd/node_modules/@testing-library/dom/types/queries")>'.
src/components/focus/__tests__/StepIndicator.test.tsx(373,21): error TS7006: Parameter 'step' implicitly has an 'any' type.
src/components/focus/__tests__/StepIndicator.test.tsx(374,9): error TS2304: Cannot find name 'expect'.
src/components/focus/__tests__/StepIndicator.test.tsx(379,3): error TS2593: Cannot find name 'describe'. Do you need to install type definitions for a test runner? Try `npm i --save-dev @types/jest` or `npm i --save-dev @types/mocha` and then add 'jest' or 'mocha' to the types field in your tsconfig.
src/components/focus/__tests__/StepIndicator.test.tsx(380,5): error TS2593: Cannot find name 'it'. Do you need to install type definitions for a test runner? Try `npm i --save-dev @types/jest` or `npm i --save-dev @types/mocha` and then add 'jest' or 'mocha' to the types field in your tsconfig.
src/components/focus/__tests__/StepIndicator.test.tsx(388,9): error TS2304: Cannot find name 'expect'.
src/components/focus/__tests__/StepIndicator.test.tsx(392,5): error TS2593: Cannot find name 'it'. Do you need to install type definitions for a test runner? Try `npm i --save-dev @types/jest` or `npm i --save-dev @types/mocha` and then add 'jest' or 'mocha' to the types field in your tsconfig.
src/components/focus/__tests__/StepIndicator.test.tsx(400,7): error TS2304: Cannot find name 'expect'.
src/components/focus/__tests__/StepIndicator.test.tsx(403,5): error TS2593: Cannot find name 'it'. Do you need to install type definitions for a test runner? Try `npm i --save-dev @types/jest` or `npm i --save-dev @types/mocha` and then add 'jest' or 'mocha' to the types field in your tsconfig.
src/components/focus/__tests__/StepIndicator.test.tsx(411,7): error TS2304: Cannot find name 'expect'.
src/components/focus/__tests__/StepIndicator.test.tsx(415,9): error TS2304: Cannot find name 'expect'.
src/components/focus/__tests__/StepIndicator.test.tsx(419,5): error TS2593: Cannot find name 'it'. Do you need to install type definitions for a test runner? Try `npm i --save-dev @types/jest` or `npm i --save-dev @types/mocha` and then add 'jest' or 'mocha' to the types field in your tsconfig.
src/components/focus/__tests__/StepIndicator.test.tsx(430,7): error TS2304: Cannot find name 'expect'.
src/components/focus/__tests__/StepIndicator.test.tsx(433,5): error TS2593: Cannot find name 'it'. Do you need to install type definitions for a test runner? Try `npm i --save-dev @types/jest` or `npm i --save-dev @types/mocha` and then add 'jest' or 'mocha' to the types field in your tsconfig.
src/components/focus/__tests__/StepIndicator.test.tsx(456,7): error TS2304: Cannot find name 'expect'.
src/components/focus/__tests__/StepIndicator.test.tsx(459,5): error TS2593: Cannot find name 'it'. Do you need to install type definitions for a test runner? Try `npm i --save-dev @types/jest` or `npm i --save-dev @types/mocha` and then add 'jest' or 'mocha' to the types field in your tsconfig.
src/components/focus/__tests__/StepIndicator.test.tsx(465,7): error TS2304: Cannot find name 'expect'.
src/components/focus/__tests__/StepIndicator.test.tsx(468,5): error TS2593: Cannot find name 'it'. Do you need to install type definitions for a test runner? Try `npm i --save-dev @types/jest` or `npm i --save-dev @types/mocha` and then add 'jest' or 'mocha' to the types field in your tsconfig.
src/components/focus/__tests__/StepIndicator.test.tsx(469,27): error TS2708: Cannot use namespace 'jest' as a value.
src/components/focus/__tests__/StepIndicator.test.tsx(484,7): error TS2304: Cannot find name 'expect'.
src/components/focus/__tests__/StepIndicator.test.tsx(488,3): error TS2593: Cannot find name 'describe'. Do you need to install type definitions for a test runner? Try `npm i --save-dev @types/jest` or `npm i --save-dev @types/mocha` and then add 'jest' or 'mocha' to the types field in your tsconfig.
src/components/focus/__tests__/StepIndicator.test.tsx(489,5): error TS2593: Cannot find name 'it'. Do you need to install type definitions for a test runner? Try `npm i --save-dev @types/jest` or `npm i --save-dev @types/mocha` and then add 'jest' or 'mocha' to the types field in your tsconfig.
src/components/focus/__tests__/StepIndicator.test.tsx(499,7): error TS2304: Cannot find name 'expect'.
src/components/focus/__tests__/StepIndicator.test.tsx(500,7): error TS2304: Cannot find name 'expect'.
src/components/focus/__tests__/StepIndicator.test.tsx(501,7): error TS2304: Cannot find name 'expect'.
src/components/focus/__tests__/StepIndicator.test.tsx(504,5): error TS2593: Cannot find name 'it'. Do you need to install type definitions for a test runner? Try `npm i --save-dev @types/jest` or `npm i --save-dev @types/mocha` and then add 'jest' or 'mocha' to the types field in your tsconfig.
src/components/focus/__tests__/StepIndicator.test.tsx(526,7): error TS2304: Cannot find name 'expect'.
src/components/focus/__tests__/StepIndicator.test.tsx(527,7): error TS2304: Cannot find name 'expect'.
src/components/focus/__tests__/StepIndicator.test.tsx(528,7): error TS2304: Cannot find name 'expect'.
src/components/focus/__tests__/StepIndicator.test.tsx(531,5): error TS2593: Cannot find name 'it'. Do you need to install type definitions for a test runner? Try `npm i --save-dev @types/jest` or `npm i --save-dev @types/mocha` and then add 'jest' or 'mocha' to the types field in your tsconfig.
src/components/focus/__tests__/StepIndicator.test.tsx(545,7): error TS2304: Cannot find name 'expect'.
src/components/focus/__tests__/StepIndicator.test.tsx(549,3): error TS2593: Cannot find name 'describe'. Do you need to install type definitions for a test runner? Try `npm i --save-dev @types/jest` or `npm i --save-dev @types/mocha` and then add 'jest' or 'mocha' to the types field in your tsconfig.
src/components/focus/__tests__/StepIndicator.test.tsx(550,5): error TS2593: Cannot find name 'it'. Do you need to install type definitions for a test runner? Try `npm i --save-dev @types/jest` or `npm i --save-dev @types/mocha` and then add 'jest' or 'mocha' to the types field in your tsconfig.
src/components/focus/__tests__/StepIndicator.test.tsx(553,7): error TS2304: Cannot find name 'expect'.
src/components/focus/__tests__/StepIndicator.test.tsx(554,7): error TS2304: Cannot find name 'expect'.
src/components/focus/__tests__/StepIndicator.test.tsx(557,5): error TS2593: Cannot find name 'it'. Do you need to install type definitions for a test runner? Try `npm i --save-dev @types/jest` or `npm i --save-dev @types/mocha` and then add 'jest' or 'mocha' to the types field in your tsconfig.
src/components/focus/__tests__/StepIndicator.test.tsx(561,28): error TS2339: Property 'container' does not exist on type 'Screen<typeof import("/home/lars/dev/A4C-FrontEnd/node_modules/@testing-library/dom/types/queries")>'.
src/components/focus/__tests__/StepIndicator.test.tsx(562,7): error TS2304: Cannot find name 'expect'.
src/components/focus/__tests__/StepIndicator.test.tsx(566,7): error TS2304: Cannot find name 'expect'.
src/components/focus/__tests__/StepIndicator.test.tsx(570,3): error TS2593: Cannot find name 'describe'. Do you need to install type definitions for a test runner? Try `npm i --save-dev @types/jest` or `npm i --save-dev @types/mocha` and then add 'jest' or 'mocha' to the types field in your tsconfig.
src/components/focus/__tests__/StepIndicator.test.tsx(571,5): error TS2593: Cannot find name 'it'. Do you need to install type definitions for a test runner? Try `npm i --save-dev @types/jest` or `npm i --save-dev @types/mocha` and then add 'jest' or 'mocha' to the types field in your tsconfig.
src/components/focus/__tests__/StepIndicator.test.tsx(575,7): error TS2304: Cannot find name 'expect'.
src/components/focus/__tests__/StepIndicator.test.tsx(579,9): error TS2304: Cannot find name 'expect'.
src/components/focus/__tests__/StepIndicator.test.tsx(580,9): error TS2304: Cannot find name 'expect'.
src/components/focus/__tests__/StepIndicator.test.tsx(583,11): error TS2304: Cannot find name 'expect'.
src/components/focus/__tests__/StepIndicator.test.tsx(588,5): error TS2593: Cannot find name 'it'. Do you need to install type definitions for a test runner? Try `npm i --save-dev @types/jest` or `npm i --save-dev @types/mocha` and then add 'jest' or 'mocha' to the types field in your tsconfig.
src/components/focus/__tests__/StepIndicator.test.tsx(594,11): error TS2304: Cannot find name 'expect'.
src/components/focus/__tests__/StepIndicator.test.tsx(599,5): error TS2593: Cannot find name 'it'. Do you need to install type definitions for a test runner? Try `npm i --save-dev @types/jest` or `npm i --save-dev @types/mocha` and then add 'jest' or 'mocha' to the types field in your tsconfig.
src/components/focus/__tests__/StepIndicator.test.tsx(606,7): error TS2304: Cannot find name 'expect'.
src/components/focus/__tests__/StepIndicator.test.tsx(614,3): error TS2593: Cannot find name 'describe'. Do you need to install type definitions for a test runner? Try `npm i --save-dev @types/jest` or `npm i --save-dev @types/mocha` and then add 'jest' or 'mocha' to the types field in your tsconfig.
src/components/focus/__tests__/StepIndicator.test.tsx(615,5): error TS2593: Cannot find name 'it'. Do you need to install type definitions for a test runner? Try `npm i --save-dev @types/jest` or `npm i --save-dev @types/mocha` and then add 'jest' or 'mocha' to the types field in your tsconfig.
src/components/focus/__tests__/StepIndicator.test.tsx(618,33): error TS2339: Property 'container' does not exist on type 'Screen<typeof import("/home/lars/dev/A4C-FrontEnd/node_modules/@testing-library/dom/types/queries")>'.
src/components/focus/__tests__/StepIndicator.test.tsx(621,7): error TS2304: Cannot find name 'expect'.
src/components/focus/__tests__/StepIndicator.test.tsx(624,7): error TS2304: Cannot find name 'expect'.
src/components/focus/__tests__/StepIndicator.test.tsx(627,5): error TS2593: Cannot find name 'it'. Do you need to install type definitions for a test runner? Try `npm i --save-dev @types/jest` or `npm i --save-dev @types/mocha` and then add 'jest' or 'mocha' to the types field in your tsconfig.
src/components/focus/__tests__/StepIndicator.test.tsx(630,33): error TS2339: Property 'container' does not exist on type 'Screen<typeof import("/home/lars/dev/A4C-FrontEnd/node_modules/@testing-library/dom/types/queries")>'.
src/components/focus/__tests__/StepIndicator.test.tsx(631,26): error TS7006: Parameter 'connector' implicitly has an 'any' type.
src/components/focus/__tests__/StepIndicator.test.tsx(633,9): error TS2304: Cannot find name 'expect'.
src/components/focus/__tests__/StepIndicator.test.tsx(637,5): error TS2593: Cannot find name 'it'. Do you need to install type definitions for a test runner? Try `npm i --save-dev @types/jest` or `npm i --save-dev @types/mocha` and then add 'jest' or 'mocha' to the types field in your tsconfig.
src/components/focus/__tests__/StepIndicator.test.tsx(640,33): error TS2339: Property 'container' does not exist on type 'Screen<typeof import("/home/lars/dev/A4C-FrontEnd/node_modules/@testing-library/dom/types/queries")>'.
src/components/focus/__tests__/StepIndicator.test.tsx(641,26): error TS7006: Parameter 'connector' implicitly has an 'any' type.
src/components/focus/__tests__/StepIndicator.test.tsx(642,9): error TS2304: Cannot find name 'expect'.
src/components/focus/__tests__/StepIndicator.test.tsx(647,3): error TS2593: Cannot find name 'describe'. Do you need to install type definitions for a test runner? Try `npm i --save-dev @types/jest` or `npm i --save-dev @types/mocha` and then add 'jest' or 'mocha' to the types field in your tsconfig.
src/components/focus/__tests__/StepIndicator.test.tsx(648,5): error TS2593: Cannot find name 'it'. Do you need to install type definitions for a test runner? Try `npm i --save-dev @types/jest` or `npm i --save-dev @types/mocha` and then add 'jest' or 'mocha' to the types field in your tsconfig.
src/components/focus/__tests__/StepIndicator.test.tsx(651,28): error TS2339: Property 'container' does not exist on type 'Screen<typeof import("/home/lars/dev/A4C-FrontEnd/node_modules/@testing-library/dom/types/queries")>'.
src/components/focus/__tests__/StepIndicator.test.tsx(652,21): error TS7006: Parameter 'step' implicitly has an 'any' type.
src/components/focus/__tests__/StepIndicator.test.tsx(653,9): error TS2304: Cannot find name 'expect'.
src/components/focus/__tests__/StepIndicator.test.tsx(657,5): error TS2593: Cannot find name 'it'. Do you need to install type definitions for a test runner? Try `npm i --save-dev @types/jest` or `npm i --save-dev @types/mocha` and then add 'jest' or 'mocha' to the types field in your tsconfig.
src/components/focus/__tests__/StepIndicator.test.tsx(660,28): error TS2339: Property 'container' does not exist on type 'Screen<typeof import("/home/lars/dev/A4C-FrontEnd/node_modules/@testing-library/dom/types/queries")>'.
src/components/focus/__tests__/StepIndicator.test.tsx(661,21): error TS7006: Parameter 'step' implicitly has an 'any' type.
src/components/focus/__tests__/StepIndicator.test.tsx(662,9): error TS2304: Cannot find name 'expect'.
src/components/focus/__tests__/StepIndicator.test.tsx(663,9): error TS2304: Cannot find name 'expect'.
src/components/focus/__tests__/StepIndicator.test.tsx(668,3): error TS2593: Cannot find name 'describe'. Do you need to install type definitions for a test runner? Try `npm i --save-dev @types/jest` or `npm i --save-dev @types/mocha` and then add 'jest' or 'mocha' to the types field in your tsconfig.
src/components/focus/__tests__/StepIndicator.test.tsx(669,5): error TS2593: Cannot find name 'it'. Do you need to install type definitions for a test runner? Try `npm i --save-dev @types/jest` or `npm i --save-dev @types/mocha` and then add 'jest' or 'mocha' to the types field in your tsconfig.
src/components/focus/__tests__/StepIndicator.test.tsx(677,7): error TS2304: Cannot find name 'expect'.
src/components/focus/__tests__/StepIndicator.test.tsx(680,5): error TS2593: Cannot find name 'it'. Do you need to install type definitions for a test runner? Try `npm i --save-dev @types/jest` or `npm i --save-dev @types/mocha` and then add 'jest' or 'mocha' to the types field in your tsconfig.
src/components/focus/__tests__/StepIndicator.test.tsx(690,11): error TS2304: Cannot find name 'expect'.
src/components/focus/__tests__/StepIndicator.test.tsx(695,28): error TS2339: Property 'container' does not exist on type 'Screen<typeof import("/home/lars/dev/A4C-FrontEnd/node_modules/@testing-library/dom/types/queries")>'.
src/components/focus/__tests__/StepIndicator.test.tsx(696,21): error TS7006: Parameter 'step' implicitly has an 'any' type.
src/components/focus/__tests__/StepIndicator.test.tsx(697,9): error TS2304: Cannot find name 'expect'.
src/components/focus/__tests__/StepIndicator.test.tsx(702,3): error TS2593: Cannot find name 'describe'. Do you need to install type definitions for a test runner? Try `npm i --save-dev @types/jest` or `npm i --save-dev @types/mocha` and then add 'jest' or 'mocha' to the types field in your tsconfig.
src/components/focus/__tests__/StepIndicator.test.tsx(703,5): error TS2593: Cannot find name 'it'. Do you need to install type definitions for a test runner? Try `npm i --save-dev @types/jest` or `npm i --save-dev @types/mocha` and then add 'jest' or 'mocha' to the types field in your tsconfig.
src/components/focus/__tests__/StepIndicator.test.tsx(711,7): error TS2304: Cannot find name 'expect'.
src/components/focus/__tests__/StepIndicator.test.tsx(712,7): error TS2304: Cannot find name 'expect'.
src/components/focus/__tests__/StepIndicator.test.tsx(715,5): error TS2593: Cannot find name 'it'. Do you need to install type definitions for a test runner? Try `npm i --save-dev @types/jest` or `npm i --save-dev @types/mocha` and then add 'jest' or 'mocha' to the types field in your tsconfig.
src/components/focus/__tests__/StepIndicator.test.tsx(716,26): error TS2708: Cannot use namespace 'jest' as a value.
src/components/focus/__tests__/StepIndicator.test.tsx(718,7): error TS2304: Cannot find name 'expect'.
src/components/focus/__tests__/StepIndicator.test.tsx(725,5): error TS2593: Cannot find name 'it'. Do you need to install type definitions for a test runner? Try `npm i --save-dev @types/jest` or `npm i --save-dev @types/mocha` and then add 'jest' or 'mocha' to the types field in your tsconfig.
src/components/focus/__tests__/StepIndicator.test.tsx(747,7): error TS2304: Cannot find name 'expect'.
src/components/focus/__tests__/StepIndicator.test.tsx(748,7): error TS2304: Cannot find name 'expect'.
src/components/focus/__tests__/StepIndicator.test.tsx(751,5): error TS2593: Cannot find name 'it'. Do you need to install type definitions for a test runner? Try `npm i --save-dev @types/jest` or `npm i --save-dev @types/mocha` and then add 'jest' or 'mocha' to the types field in your tsconfig.
src/components/focus/__tests__/StepIndicator.test.tsx(752,27): error TS2708: Cannot use namespace 'jest' as a value.
src/components/focus/__tests__/StepIndicator.test.tsx(772,9): error TS2304: Cannot find name 'expect'.
src/components/focus/__tests__/StepIndicator.test.tsx(776,5): error TS2593: Cannot find name 'it'. Do you need to install type definitions for a test runner? Try `npm i --save-dev @types/jest` or `npm i --save-dev @types/mocha` and then add 'jest' or 'mocha' to the types field in your tsconfig.
src/components/focus/__tests__/StepIndicator.test.tsx(793,7): error TS2304: Cannot find name 'expect'.
src/components/focus/__tests__/StepIndicator.test.tsx(796,5): error TS2593: Cannot find name 'it'. Do you need to install type definitions for a test runner? Try `npm i --save-dev @types/jest` or `npm i --save-dev @types/mocha` and then add 'jest' or 'mocha' to the types field in your tsconfig.
src/components/focus/__tests__/StepIndicator.test.tsx(810,25): error TS2708: Cannot use namespace 'jest' as a value.
src/components/focus/__tests__/StepIndicator.test.tsx(818,7): error TS2304: Cannot find name 'expect'.
src/components/focus/__tests__/StepIndicator.test.tsx(822,3): error TS2593: Cannot find name 'describe'. Do you need to install type definitions for a test runner? Try `npm i --save-dev @types/jest` or `npm i --save-dev @types/mocha` and then add 'jest' or 'mocha' to the types field in your tsconfig.
src/components/focus/__tests__/StepIndicator.test.tsx(823,5): error TS2593: Cannot find name 'it'. Do you need to install type definitions for a test runner? Try `npm i --save-dev @types/jest` or `npm i --save-dev @types/mocha` and then add 'jest' or 'mocha' to the types field in your tsconfig.
src/components/focus/__tests__/StepIndicator.test.tsx(849,7): error TS2304: Cannot find name 'expect'.
src/components/focus/__tests__/StepIndicator.test.tsx(850,7): error TS2304: Cannot find name 'expect'.
src/components/focus/__tests__/StepIndicator.test.tsx(851,7): error TS2304: Cannot find name 'expect'.
src/components/focus/__tests__/StepIndicator.test.tsx(855,7): error TS2304: Cannot find name 'expect'.
src/components/focus/__tests__/StepIndicator.test.tsx(858,5): error TS2593: Cannot find name 'it'. Do you need to install type definitions for a test runner? Try `npm i --save-dev @types/jest` or `npm i --save-dev @types/mocha` and then add 'jest' or 'mocha' to the types field in your tsconfig.
src/components/focus/__tests__/StepIndicator.test.tsx(888,7): error TS2304: Cannot find name 'expect'.
src/contexts/focus/FocusManager.test.tsx(151,1): error TS2593: Cannot find name 'describe'. Do you need to install type definitions for a test runner? Try `npm i --save-dev @types/jest` or `npm i --save-dev @types/mocha` and then add 'jest' or 'mocha' to the types field in your tsconfig.
src/contexts/focus/FocusManager.test.tsx(152,3): error TS2593: Cannot find name 'describe'. Do you need to install type definitions for a test runner? Try `npm i --save-dev @types/jest` or `npm i --save-dev @types/mocha` and then add 'jest' or 'mocha' to the types field in your tsconfig.
src/contexts/focus/FocusManager.test.tsx(153,5): error TS2593: Cannot find name 'it'. Do you need to install type definitions for a test runner? Try `npm i --save-dev @types/jest` or `npm i --save-dev @types/mocha` and then add 'jest' or 'mocha' to the types field in your tsconfig.
src/contexts/focus/FocusManager.test.tsx(167,7): error TS2304: Cannot find name 'expect'.
src/contexts/focus/FocusManager.test.tsx(172,9): error TS2304: Cannot find name 'expect'.
src/contexts/focus/FocusManager.test.tsx(178,9): error TS2304: Cannot find name 'expect'.
src/contexts/focus/FocusManager.test.tsx(182,5): error TS2593: Cannot find name 'it'. Do you need to install type definitions for a test runner? Try `npm i --save-dev @types/jest` or `npm i --save-dev @types/mocha` and then add 'jest' or 'mocha' to the types field in your tsconfig.
src/contexts/focus/FocusManager.test.tsx(195,7): error TS2304: Cannot find name 'expect'.
src/contexts/focus/FocusManager.test.tsx(200,9): error TS2304: Cannot find name 'expect'.
src/contexts/focus/FocusManager.test.tsx(204,5): error TS2593: Cannot find name 'it'. Do you need to install type definitions for a test runner? Try `npm i --save-dev @types/jest` or `npm i --save-dev @types/mocha` and then add 'jest' or 'mocha' to the types field in your tsconfig.
src/contexts/focus/FocusManager.test.tsx(217,9): error TS2304: Cannot find name 'expect'.
src/contexts/focus/FocusManager.test.tsx(222,3): error TS2593: Cannot find name 'describe'. Do you need to install type definitions for a test runner? Try `npm i --save-dev @types/jest` or `npm i --save-dev @types/mocha` and then add 'jest' or 'mocha' to the types field in your tsconfig.
src/contexts/focus/FocusManager.test.tsx(223,5): error TS2593: Cannot find name 'it'. Do you need to install type definitions for a test runner? Try `npm i --save-dev @types/jest` or `npm i --save-dev @types/mocha` and then add 'jest' or 'mocha' to the types field in your tsconfig.
src/contexts/focus/FocusManager.test.tsx(224,27): error TS2708: Cannot use namespace 'jest' as a value.
src/contexts/focus/FocusManager.test.tsx(245,9): error TS2304: Cannot find name 'expect'.
src/contexts/focus/FocusManager.test.tsx(249,5): error TS2593: Cannot find name 'it'. Do you need to install type definitions for a test runner? Try `npm i --save-dev @types/jest` or `npm i --save-dev @types/mocha` and then add 'jest' or 'mocha' to the types field in your tsconfig.
src/contexts/focus/FocusManager.test.tsx(250,27): error TS2708: Cannot use namespace 'jest' as a value.
src/contexts/focus/FocusManager.test.tsx(262,9): error TS2304: Cannot find name 'expect'.
src/contexts/focus/FocusManager.test.tsx(267,3): error TS2593: Cannot find name 'describe'. Do you need to install type definitions for a test runner? Try `npm i --save-dev @types/jest` or `npm i --save-dev @types/mocha` and then add 'jest' or 'mocha' to the types field in your tsconfig.
src/contexts/focus/FocusManager.test.tsx(268,5): error TS2593: Cannot find name 'it'. Do you need to install type definitions for a test runner? Try `npm i --save-dev @types/jest` or `npm i --save-dev @types/mocha` and then add 'jest' or 'mocha' to the types field in your tsconfig.
src/contexts/focus/FocusManager.test.tsx(285,9): error TS2304: Cannot find name 'expect'.
src/contexts/focus/FocusManager.test.tsx(294,9): error TS2304: Cannot find name 'expect'.
src/contexts/focus/FocusManager.test.tsx(299,3): error TS2593: Cannot find name 'describe'. Do you need to install type definitions for a test runner? Try `npm i --save-dev @types/jest` or `npm i --save-dev @types/mocha` and then add 'jest' or 'mocha' to the types field in your tsconfig.
src/contexts/focus/FocusManager.test.tsx(300,5): error TS2593: Cannot find name 'it'. Do you need to install type definitions for a test runner? Try `npm i --save-dev @types/jest` or `npm i --save-dev @types/mocha` and then add 'jest' or 'mocha' to the types field in your tsconfig.
src/contexts/focus/FocusManager.test.tsx(315,27): error TS2304: Cannot find name 'expect'.
src/contexts/focus/FocusManager.test.tsx(318,27): error TS2304: Cannot find name 'expect'.
src/contexts/focus/FocusManager.test.tsx(321,27): error TS2304: Cannot find name 'expect'.
src/contexts/focus/FocusManager.test.tsx(325,7): error TS2304: Cannot find name 'expect'.
src/contexts/focus/FocusManager.test.tsx(330,9): error TS2304: Cannot find name 'expect'.
src/contexts/focus/FocusManager.test.tsx(336,9): error TS2304: Cannot find name 'expect'.
src/contexts/focus/FocusManager.test.tsx(342,9): error TS2304: Cannot find name 'expect'.
src/contexts/focus/FocusManager.test.tsx(347,3): error TS2593: Cannot find name 'describe'. Do you need to install type definitions for a test runner? Try `npm i --save-dev @types/jest` or `npm i --save-dev @types/mocha` and then add 'jest' or 'mocha' to the types field in your tsconfig.
src/contexts/focus/FocusManager.test.tsx(348,5): error TS2593: Cannot find name 'it'. Do you need to install type definitions for a test runner? Try `npm i --save-dev @types/jest` or `npm i --save-dev @types/mocha` and then add 'jest' or 'mocha' to the types field in your tsconfig.
src/contexts/focus/FocusManager.test.tsx(366,9): error TS2304: Cannot find name 'expect'.
src/contexts/focus/FocusManager.test.tsx(370,5): error TS2593: Cannot find name 'it'. Do you need to install type definitions for a test runner? Try `npm i --save-dev @types/jest` or `npm i --save-dev @types/mocha` and then add 'jest' or 'mocha' to the types field in your tsconfig.
src/contexts/focus/FocusManager.test.tsx(388,9): error TS2304: Cannot find name 'expect'.
src/contexts/focus/FocusManager.test.tsx(393,3): error TS2593: Cannot find name 'describe'. Do you need to install type definitions for a test runner? Try `npm i --save-dev @types/jest` or `npm i --save-dev @types/mocha` and then add 'jest' or 'mocha' to the types field in your tsconfig.
src/contexts/focus/FocusManager.test.tsx(394,5): error TS2593: Cannot find name 'it'. Do you need to install type definitions for a test runner? Try `npm i --save-dev @types/jest` or `npm i --save-dev @types/mocha` and then add 'jest' or 'mocha' to the types field in your tsconfig.
src/contexts/focus/FocusManager.test.tsx(428,9): error TS2304: Cannot find name 'expect'.
src/contexts/focus/FocusManagerContext.tsx(567,5): error TS2322: Type 'Promise<boolean>' is not assignable to type 'boolean'.
src/contexts/focus/FocusManagerContext.tsx(578,5): error TS2322: Type 'Promise<boolean>' is not assignable to type 'boolean'.
src/contexts/focus/FocusManagerContext.tsx(739,37): error TS18048: 'node.mouseNavigation' is possibly 'undefined'.
src/contexts/focus/FocusManagerContext.tsx(917,5): error TS2322: Type '(options?: FocusNavigationOptions) => Promise<boolean>' is not assignable to type '(options?: FocusNavigationOptions | undefined) => boolean'.
  Type 'Promise<boolean>' is not assignable to type 'boolean'.
src/contexts/focus/FocusManagerContext.tsx(918,5): error TS2322: Type '(options?: FocusNavigationOptions) => Promise<boolean>' is not assignable to type '(options?: FocusNavigationOptions | undefined) => boolean'.
  Type 'Promise<boolean>' is not assignable to type 'boolean'.
src/contexts/focus/FocusManagerContext.tsx(919,5): error TS2322: Type '(id: string, reason?: FocusChangeReason) => Promise<boolean>' is not assignable to type '(id: string, reason?: FocusChangeReason | undefined) => boolean'.
  Type 'Promise<boolean>' is not assignable to type 'boolean'.
src/contexts/focus/FocusManagerContext.tsx(920,5): error TS2322: Type '(options?: FocusNavigationOptions) => Promise<boolean>' is not assignable to type '(options?: FocusNavigationOptions | undefined) => boolean'.
  Type 'Promise<boolean>' is not assignable to type 'boolean'.
src/contexts/focus/FocusManagerContext.tsx(921,5): error TS2322: Type '(options?: FocusNavigationOptions) => Promise<boolean>' is not assignable to type '(options?: FocusNavigationOptions | undefined) => boolean'.
  Type 'Promise<boolean>' is not assignable to type 'boolean'.
src/contexts/focus/MouseNavigation.test.tsx(36,7): error TS2322: Type 'RefObject<HTMLButtonElement | null>' is not assignable to type 'RefObject<HTMLElement>'.
  Type 'HTMLButtonElement | null' is not assignable to type 'HTMLElement'.
    Type 'null' is not assignable to type 'HTMLElement'.
src/contexts/focus/MouseNavigation.test.tsx(92,1): error TS2593: Cannot find name 'describe'. Do you need to install type definitions for a test runner? Try `npm i --save-dev @types/jest` or `npm i --save-dev @types/mocha` and then add 'jest' or 'mocha' to the types field in your tsconfig.
src/contexts/focus/MouseNavigation.test.tsx(93,3): error TS2593: Cannot find name 'describe'. Do you need to install type definitions for a test runner? Try `npm i --save-dev @types/jest` or `npm i --save-dev @types/mocha` and then add 'jest' or 'mocha' to the types field in your tsconfig.
src/contexts/focus/MouseNavigation.test.tsx(94,5): error TS2593: Cannot find name 'it'. Do you need to install type definitions for a test runner? Try `npm i --save-dev @types/jest` or `npm i --save-dev @types/mocha` and then add 'jest' or 'mocha' to the types field in your tsconfig.
src/contexts/focus/MouseNavigation.test.tsx(101,7): error TS2304: Cannot find name 'expect'.
src/contexts/focus/MouseNavigation.test.tsx(104,5): error TS2593: Cannot find name 'it'. Do you need to install type definitions for a test runner? Try `npm i --save-dev @types/jest` or `npm i --save-dev @types/mocha` and then add 'jest' or 'mocha' to the types field in your tsconfig.
src/contexts/focus/MouseNavigation.test.tsx(115,9): error TS2304: Cannot find name 'expect'.
src/contexts/focus/MouseNavigation.test.tsx(119,5): error TS2593: Cannot find name 'it'. Do you need to install type definitions for a test runner? Try `npm i --save-dev @types/jest` or `npm i --save-dev @types/mocha` and then add 'jest' or 'mocha' to the types field in your tsconfig.
src/contexts/focus/MouseNavigation.test.tsx(130,9): error TS2304: Cannot find name 'expect'.
src/contexts/focus/MouseNavigation.test.tsx(134,5): error TS2593: Cannot find name 'it'. Do you need to install type definitions for a test runner? Try `npm i --save-dev @types/jest` or `npm i --save-dev @types/mocha` and then add 'jest' or 'mocha' to the types field in your tsconfig.
src/contexts/focus/MouseNavigation.test.tsx(148,9): error TS2304: Cannot find name 'expect'.
src/contexts/focus/MouseNavigation.test.tsx(153,3): error TS2593: Cannot find name 'describe'. Do you need to install type definitions for a test runner? Try `npm i --save-dev @types/jest` or `npm i --save-dev @types/mocha` and then add 'jest' or 'mocha' to the types field in your tsconfig.
src/contexts/focus/MouseNavigation.test.tsx(154,5): error TS2593: Cannot find name 'it'. Do you need to install type definitions for a test runner? Try `npm i --save-dev @types/jest` or `npm i --save-dev @types/mocha` and then add 'jest' or 'mocha' to the types field in your tsconfig.
src/contexts/focus/MouseNavigation.test.tsx(155,25): error TS2708: Cannot use namespace 'jest' as a value.
src/contexts/focus/MouseNavigation.test.tsx(166,7): error TS2304: Cannot find name 'expect'.
src/contexts/focus/MouseNavigation.test.tsx(169,5): error TS2593: Cannot find name 'it'. Do you need to install type definitions for a test runner? Try `npm i --save-dev @types/jest` or `npm i --save-dev @types/mocha` and then add 'jest' or 'mocha' to the types field in your tsconfig.
src/contexts/focus/MouseNavigation.test.tsx(179,7): error TS2304: Cannot find name 'expect'.
src/contexts/focus/MouseNavigation.test.tsx(182,5): error TS2593: Cannot find name 'it'. Do you need to install type definitions for a test runner? Try `npm i --save-dev @types/jest` or `npm i --save-dev @types/mocha` and then add 'jest' or 'mocha' to the types field in your tsconfig.
src/contexts/focus/MouseNavigation.test.tsx(204,9): error TS2304: Cannot find name 'expect'.
src/contexts/focus/MouseNavigation.test.tsx(208,5): error TS2593: Cannot find name 'it'. Do you need to install type definitions for a test runner? Try `npm i --save-dev @types/jest` or `npm i --save-dev @types/mocha` and then add 'jest' or 'mocha' to the types field in your tsconfig.
src/contexts/focus/MouseNavigation.test.tsx(233,9): error TS2304: Cannot find name 'expect'.
src/contexts/focus/MouseNavigation.test.tsx(238,3): error TS2593: Cannot find name 'describe'. Do you need to install type definitions for a test runner? Try `npm i --save-dev @types/jest` or `npm i --save-dev @types/mocha` and then add 'jest' or 'mocha' to the types field in your tsconfig.
src/contexts/focus/MouseNavigation.test.tsx(239,5): error TS2593: Cannot find name 'it'. Do you need to install type definitions for a test runner? Try `npm i --save-dev @types/jest` or `npm i --save-dev @types/mocha` and then add 'jest' or 'mocha' to the types field in your tsconfig.
src/contexts/focus/MouseNavigation.test.tsx(249,7): error TS2304: Cannot find name 'expect'.
src/contexts/focus/MouseNavigation.test.tsx(250,7): error TS2304: Cannot find name 'expect'.
src/contexts/focus/MouseNavigation.test.tsx(251,7): error TS2304: Cannot find name 'expect'.
src/contexts/focus/MouseNavigation.test.tsx(254,5): error TS2593: Cannot find name 'it'. Do you need to install type definitions for a test runner? Try `npm i --save-dev @types/jest` or `npm i --save-dev @types/mocha` and then add 'jest' or 'mocha' to the types field in your tsconfig.
src/contexts/focus/MouseNavigation.test.tsx(264,7): error TS2304: Cannot find name 'expect'.
src/contexts/focus/MouseNavigation.test.tsx(265,7): error TS2304: Cannot find name 'expect'.
src/contexts/focus/MouseNavigation.test.tsx(272,9): error TS2304: Cannot find name 'expect'.
src/contexts/focus/MouseNavigation.test.tsx(276,5): error TS2593: Cannot find name 'it'. Do you need to install type definitions for a test runner? Try `npm i --save-dev @types/jest` or `npm i --save-dev @types/mocha` and then add 'jest' or 'mocha' to the types field in your tsconfig.
src/contexts/focus/MouseNavigation.test.tsx(291,9): error TS2304: Cannot find name 'expect'.
src/contexts/focus/MouseNavigation.test.tsx(295,5): error TS2593: Cannot find name 'it'. Do you need to install type definitions for a test runner? Try `npm i --save-dev @types/jest` or `npm i --save-dev @types/mocha` and then add 'jest' or 'mocha' to the types field in your tsconfig.
src/contexts/focus/MouseNavigation.test.tsx(305,7): error TS2304: Cannot find name 'expect'.
src/contexts/focus/MouseNavigation.test.tsx(309,3): error TS2593: Cannot find name 'describe'. Do you need to install type definitions for a test runner? Try `npm i --save-dev @types/jest` or `npm i --save-dev @types/mocha` and then add 'jest' or 'mocha' to the types field in your tsconfig.
src/contexts/focus/MouseNavigation.test.tsx(310,5): error TS2593: Cannot find name 'it'. Do you need to install type definitions for a test runner? Try `npm i --save-dev @types/jest` or `npm i --save-dev @types/mocha` and then add 'jest' or 'mocha' to the types field in your tsconfig.
src/contexts/focus/MouseNavigation.test.tsx(327,7): error TS2304: Cannot find name 'expect'.
src/contexts/focus/MouseNavigation.test.tsx(333,9): error TS2304: Cannot find name 'expect'.
src/contexts/focus/MouseNavigation.test.tsx(337,5): error TS2593: Cannot find name 'it'. Do you need to install type definitions for a test runner? Try `npm i --save-dev @types/jest` or `npm i --save-dev @types/mocha` and then add 'jest' or 'mocha' to the types field in your tsconfig.
src/contexts/focus/MouseNavigation.test.tsx(357,9): error TS2304: Cannot find name 'expect'.
src/contexts/focus/MouseNavigation.test.tsx(364,7): error TS2304: Cannot find name 'expect'.
src/contexts/focus/MouseNavigation.test.tsx(368,3): error TS2593: Cannot find name 'describe'. Do you need to install type definitions for a test runner? Try `npm i --save-dev @types/jest` or `npm i --save-dev @types/mocha` and then add 'jest' or 'mocha' to the types field in your tsconfig.
src/contexts/focus/MouseNavigation.test.tsx(369,5): error TS2593: Cannot find name 'it'. Do you need to install type definitions for a test runner? Try `npm i --save-dev @types/jest` or `npm i --save-dev @types/mocha` and then add 'jest' or 'mocha' to the types field in your tsconfig.
src/contexts/focus/MouseNavigation.test.tsx(370,29): error TS2708: Cannot use namespace 'jest' as a value.
src/contexts/focus/MouseNavigation.test.tsx(379,13): error TS2322: Type 'RefObject<HTMLButtonElement | null>' is not assignable to type 'RefObject<HTMLElement>'.
  Type 'HTMLButtonElement | null' is not assignable to type 'HTMLElement'.
    Type 'null' is not assignable to type 'HTMLElement'.
src/contexts/focus/MouseNavigation.test.tsx(409,9): error TS2304: Cannot find name 'expect'.
src/contexts/focus/MouseNavigation.test.tsx(413,5): error TS2593: Cannot find name 'it'. Do you need to install type definitions for a test runner? Try `npm i --save-dev @types/jest` or `npm i --save-dev @types/mocha` and then add 'jest' or 'mocha' to the types field in your tsconfig.
src/contexts/focus/MouseNavigation.test.tsx(421,13): error TS2322: Type 'RefObject<HTMLButtonElement | null>' is not assignable to type 'RefObject<HTMLElement>'.
  Type 'HTMLButtonElement | null' is not assignable to type 'HTMLElement'.
    Type 'null' is not assignable to type 'HTMLElement'.
src/contexts/focus/MouseNavigation.test.tsx(464,9): error TS2304: Cannot find name 'expect'.
src/contexts/focus/__tests__/FocusManagerContext.test.tsx(22,1): error TS2708: Cannot use namespace 'jest' as a value.
src/contexts/focus/__tests__/FocusManagerContext.test.tsx(23,26): error TS2708: Cannot use namespace 'jest' as a value.
src/contexts/focus/__tests__/FocusManagerContext.test.tsx(23,35): error TS7006: Parameter 'elements' implicitly has an 'any' type.
src/contexts/focus/__tests__/FocusManagerContext.test.tsx(23,45): error TS7006: Parameter 'scopeId' implicitly has an 'any' type.
src/contexts/focus/__tests__/FocusManagerContext.test.tsx(25,39): error TS18046: 'el' is of type 'unknown'.
src/contexts/focus/__tests__/FocusManagerContext.test.tsx(26,24): error TS18046: 'a' is of type 'unknown'.
src/contexts/focus/__tests__/FocusManagerContext.test.tsx(26,44): error TS18046: 'b' is of type 'unknown'.
src/contexts/focus/__tests__/FocusManagerContext.test.tsx(28,27): error TS2708: Cannot use namespace 'jest' as a value.
src/contexts/focus/__tests__/FocusManagerContext.test.tsx(28,36): error TS7006: Parameter 'elements' implicitly has an 'any' type.
src/contexts/focus/__tests__/FocusManagerContext.test.tsx(29,20): error TS2708: Cannot use namespace 'jest' as a value.
src/contexts/focus/__tests__/FocusManagerContext.test.tsx(30,17): error TS2708: Cannot use namespace 'jest' as a value.
src/contexts/focus/__tests__/FocusManagerContext.test.tsx(31,17): error TS2708: Cannot use namespace 'jest' as a value.
src/contexts/focus/__tests__/FocusManagerContext.test.tsx(31,26): error TS7006: Parameter 'current' implicitly has an 'any' type.
src/contexts/focus/__tests__/FocusManagerContext.test.tsx(31,35): error TS7006: Parameter 'length' implicitly has an 'any' type.
src/contexts/focus/__tests__/FocusManagerContext.test.tsx(31,43): error TS7006: Parameter 'wrap' implicitly has an 'any' type.
src/contexts/focus/__tests__/FocusManagerContext.test.tsx(35,21): error TS2708: Cannot use namespace 'jest' as a value.
src/contexts/focus/__tests__/FocusManagerContext.test.tsx(35,30): error TS7006: Parameter 'current' implicitly has an 'any' type.
src/contexts/focus/__tests__/FocusManagerContext.test.tsx(35,39): error TS7006: Parameter 'length' implicitly has an 'any' type.
src/contexts/focus/__tests__/FocusManagerContext.test.tsx(35,47): error TS7006: Parameter 'wrap' implicitly has an 'any' type.
src/contexts/focus/__tests__/FocusManagerContext.test.tsx(39,23): error TS2708: Cannot use namespace 'jest' as a value.
src/contexts/focus/__tests__/FocusManagerContext.test.tsx(39,32): error TS7006: Parameter 'id' implicitly has an 'any' type.
src/contexts/focus/__tests__/FocusManagerContext.test.tsx(39,36): error TS7006: Parameter 'scope' implicitly has an 'any' type.
src/contexts/focus/__tests__/FocusManagerContext.test.tsx(39,43): error TS7006: Parameter 'reason' implicitly has an 'any' type.
src/contexts/focus/__tests__/FocusManagerContext.test.tsx(39,51): error TS7006: Parameter 'prev' implicitly has an 'any' type.
src/contexts/focus/__tests__/FocusManagerContext.test.tsx(46,20): error TS2708: Cannot use namespace 'jest' as a value.
src/contexts/focus/__tests__/FocusManagerContext.test.tsx(47,20): error TS2708: Cannot use namespace 'jest' as a value.
src/contexts/focus/__tests__/FocusManagerContext.test.tsx(47,29): error TS7006: Parameter 'el' implicitly has an 'any' type.
src/contexts/focus/__tests__/FocusManagerContext.test.tsx(48,25): error TS2708: Cannot use namespace 'jest' as a value.
src/contexts/focus/__tests__/FocusManagerContext.test.tsx(49,13): error TS2708: Cannot use namespace 'jest' as a value.
src/contexts/focus/__tests__/FocusManagerContext.test.tsx(50,23): error TS2708: Cannot use namespace 'jest' as a value.
src/contexts/focus/__tests__/FocusManagerContext.test.tsx(51,17): error TS2708: Cannot use namespace 'jest' as a value.
src/contexts/focus/__tests__/FocusManagerContext.test.tsx(72,7): error TS2322: Type 'RefObject<HTMLButtonElement | null>' is not assignable to type 'RefObject<HTMLElement>'.
  Type 'HTMLButtonElement | null' is not assignable to type 'HTMLElement'.
    Type 'null' is not assignable to type 'HTMLElement'.
src/contexts/focus/__tests__/FocusManagerContext.test.tsx(82,7): error TS2322: Type 'RefObject<HTMLButtonElement | null>' is not assignable to type 'RefObject<HTMLElement>'.
  Type 'HTMLButtonElement | null' is not assignable to type 'HTMLElement'.
    Type 'null' is not assignable to type 'HTMLElement'.
src/contexts/focus/__tests__/FocusManagerContext.test.tsx(95,7): error TS2322: Type 'RefObject<HTMLButtonElement | null>' is not assignable to type 'RefObject<HTMLElement>'.
  Type 'HTMLButtonElement | null' is not assignable to type 'HTMLElement'.
    Type 'null' is not assignable to type 'HTMLElement'.
src/contexts/focus/__tests__/FocusManagerContext.test.tsx(214,1): error TS2593: Cannot find name 'describe'. Do you need to install type definitions for a test runner? Try `npm i --save-dev @types/jest` or `npm i --save-dev @types/mocha` and then add 'jest' or 'mocha' to the types field in your tsconfig.
src/contexts/focus/__tests__/FocusManagerContext.test.tsx(215,3): error TS2304: Cannot find name 'beforeEach'.
src/contexts/focus/__tests__/FocusManagerContext.test.tsx(216,5): error TS2708: Cannot use namespace 'jest' as a value.
src/contexts/focus/__tests__/FocusManagerContext.test.tsx(219,3): error TS2593: Cannot find name 'describe'. Do you need to install type definitions for a test runner? Try `npm i --save-dev @types/jest` or `npm i --save-dev @types/mocha` and then add 'jest' or 'mocha' to the types field in your tsconfig.
src/contexts/focus/__tests__/FocusManagerContext.test.tsx(220,5): error TS2593: Cannot find name 'it'. Do you need to install type definitions for a test runner? Try `npm i --save-dev @types/jest` or `npm i --save-dev @types/mocha` and then add 'jest' or 'mocha' to the types field in your tsconfig.
src/contexts/focus/__tests__/FocusManagerContext.test.tsx(229,7): error TS2304: Cannot find name 'expect'.
src/contexts/focus/__tests__/FocusManagerContext.test.tsx(230,19): error TS2304: Cannot find name 'expect'.
src/contexts/focus/__tests__/FocusManagerContext.test.tsx(231,18): error TS2304: Cannot find name 'expect'.
src/contexts/focus/__tests__/FocusManagerContext.test.tsx(245,5): error TS2593: Cannot find name 'it'. Do you need to install type definitions for a test runner? Try `npm i --save-dev @types/jest` or `npm i --save-dev @types/mocha` and then add 'jest' or 'mocha' to the types field in your tsconfig.
src/contexts/focus/__tests__/FocusManagerContext.test.tsx(254,7): error TS2304: Cannot find name 'expect'.
src/contexts/focus/__tests__/FocusManagerContext.test.tsx(255,7): error TS2304: Cannot find name 'expect'.
src/contexts/focus/__tests__/FocusManagerContext.test.tsx(258,5): error TS2593: Cannot find name 'it'. Do you need to install type definitions for a test runner? Try `npm i --save-dev @types/jest` or `npm i --save-dev @types/mocha` and then add 'jest' or 'mocha' to the types field in your tsconfig.
src/contexts/focus/__tests__/FocusManagerContext.test.tsx(260,26): error TS2708: Cannot use namespace 'jest' as a value.
src/contexts/focus/__tests__/FocusManagerContext.test.tsx(262,7): error TS2304: Cannot find name 'expect'.
src/contexts/focus/__tests__/FocusManagerContext.test.tsx(270,3): error TS2593: Cannot find name 'describe'. Do you need to install type definitions for a test runner? Try `npm i --save-dev @types/jest` or `npm i --save-dev @types/mocha` and then add 'jest' or 'mocha' to the types field in your tsconfig.
src/contexts/focus/__tests__/FocusManagerContext.test.tsx(271,5): error TS2593: Cannot find name 'it'. Do you need to install type definitions for a test runner? Try `npm i --save-dev @types/jest` or `npm i --save-dev @types/mocha` and then add 'jest' or 'mocha' to the types field in your tsconfig.
src/contexts/focus/__tests__/FocusManagerContext.test.tsx(281,7): error TS2304: Cannot find name 'expect'.
src/contexts/focus/__tests__/FocusManagerContext.test.tsx(284,5): error TS2593: Cannot find name 'it'. Do you need to install type definitions for a test runner? Try `npm i --save-dev @types/jest` or `npm i --save-dev @types/mocha` and then add 'jest' or 'mocha' to the types field in your tsconfig.
src/contexts/focus/__tests__/FocusManagerContext.test.tsx(295,7): error TS2304: Cannot find name 'expect'.
src/contexts/focus/__tests__/FocusManagerContext.test.tsx(298,7): error TS2304: Cannot find name 'expect'.
src/contexts/focus/__tests__/FocusManagerContext.test.tsx(301,5): error TS2593: Cannot find name 'it'. Do you need to install type definitions for a test runner? Try `npm i --save-dev @types/jest` or `npm i --save-dev @types/mocha` and then add 'jest' or 'mocha' to the types field in your tsconfig.
src/contexts/focus/__tests__/FocusManagerContext.test.tsx(333,7): error TS2304: Cannot find name 'expect'.
src/contexts/focus/__tests__/FocusManagerContext.test.tsx(336,5): error TS2593: Cannot find name 'it'. Do you need to install type definitions for a test runner? Try `npm i --save-dev @types/jest` or `npm i --save-dev @types/mocha` and then add 'jest' or 'mocha' to the types field in your tsconfig.
src/contexts/focus/__tests__/FocusManagerContext.test.tsx(350,29): error TS2708: Cannot use namespace 'jest' as a value.
src/contexts/focus/__tests__/FocusManagerContext.test.tsx(351,30): error TS2708: Cannot use namespace 'jest' as a value.
src/contexts/focus/__tests__/FocusManagerContext.test.tsx(352,28): error TS2708: Cannot use namespace 'jest' as a value.
src/contexts/focus/__tests__/FocusManagerContext.test.tsx(379,7): error TS2304: Cannot find name 'expect'.
src/contexts/focus/__tests__/FocusManagerContext.test.tsx(391,23): error TS2304: Cannot find name 'expect'.
src/contexts/focus/__tests__/FocusManagerContext.test.tsx(396,3): error TS2593: Cannot find name 'describe'. Do you need to install type definitions for a test runner? Try `npm i --save-dev @types/jest` or `npm i --save-dev @types/mocha` and then add 'jest' or 'mocha' to the types field in your tsconfig.
src/contexts/focus/__tests__/FocusManagerContext.test.tsx(397,5): error TS2593: Cannot find name 'it'. Do you need to install type definitions for a test runner? Try `npm i --save-dev @types/jest` or `npm i --save-dev @types/mocha` and then add 'jest' or 'mocha' to the types field in your tsconfig.
src/contexts/focus/__tests__/FocusManagerContext.test.tsx(411,7): error TS2304: Cannot find name 'expect'.
src/contexts/focus/__tests__/FocusManagerContext.test.tsx(412,7): error TS2304: Cannot find name 'expect'.
src/contexts/focus/__tests__/FocusManagerContext.test.tsx(424,7): error TS2304: Cannot find name 'expect'.
src/contexts/focus/__tests__/FocusManagerContext.test.tsx(425,7): error TS2304: Cannot find name 'expect'.
src/contexts/focus/__tests__/FocusManagerContext.test.tsx(432,7): error TS2304: Cannot find name 'expect'.
src/contexts/focus/__tests__/FocusManagerContext.test.tsx(433,7): error TS2304: Cannot find name 'expect'.
src/contexts/focus/__tests__/FocusManagerContext.test.tsx(436,5): error TS2593: Cannot find name 'it'. Do you need to install type definitions for a test runner? Try `npm i --save-dev @types/jest` or `npm i --save-dev @types/mocha` and then add 'jest' or 'mocha' to the types field in your tsconfig.
src/contexts/focus/__tests__/FocusManagerContext.test.tsx(455,7): error TS2304: Cannot find name 'expect'.
src/contexts/focus/__tests__/FocusManagerContext.test.tsx(456,7): error TS2304: Cannot find name 'expect'.
src/contexts/focus/__tests__/FocusManagerContext.test.tsx(459,5): error TS2593: Cannot find name 'it'. Do you need to install type definitions for a test runner? Try `npm i --save-dev @types/jest` or `npm i --save-dev @types/mocha` and then add 'jest' or 'mocha' to the types field in your tsconfig.
src/contexts/focus/__tests__/FocusManagerContext.test.tsx(474,7): error TS2304: Cannot find name 'expect'.
src/contexts/focus/__tests__/FocusManagerContext.test.tsx(480,5): error TS2593: Cannot find name 'it'. Do you need to install type definitions for a test runner? Try `npm i --save-dev @types/jest` or `npm i --save-dev @types/mocha` and then add 'jest' or 'mocha' to the types field in your tsconfig.
src/contexts/focus/__tests__/FocusManagerContext.test.tsx(485,34): error TS2554: Expected 1 arguments, but got 0.
src/contexts/focus/__tests__/FocusManagerContext.test.tsx(516,9): error TS2304: Cannot find name 'expect'.
src/contexts/focus/__tests__/FocusManagerContext.test.tsx(521,3): error TS2593: Cannot find name 'describe'. Do you need to install type definitions for a test runner? Try `npm i --save-dev @types/jest` or `npm i --save-dev @types/mocha` and then add 'jest' or 'mocha' to the types field in your tsconfig.
src/contexts/focus/__tests__/FocusManagerContext.test.tsx(522,5): error TS2304: Cannot find name 'beforeEach'.
src/contexts/focus/__tests__/FocusManagerContext.test.tsx(524,7): error TS2708: Cannot use namespace 'jest' as a value.
src/contexts/focus/__tests__/FocusManagerContext.test.tsx(527,5): error TS2593: Cannot find name 'it'. Do you need to install type definitions for a test runner? Try `npm i --save-dev @types/jest` or `npm i --save-dev @types/mocha` and then add 'jest' or 'mocha' to the types field in your tsconfig.
src/contexts/focus/__tests__/FocusManagerContext.test.tsx(540,9): error TS2304: Cannot find name 'expect'.
src/contexts/focus/__tests__/FocusManagerContext.test.tsx(544,5): error TS2593: Cannot find name 'it'. Do you need to install type definitions for a test runner? Try `npm i --save-dev @types/jest` or `npm i --save-dev @types/mocha` and then add 'jest' or 'mocha' to the types field in your tsconfig.
src/contexts/focus/__tests__/FocusManagerContext.test.tsx(556,9): error TS2304: Cannot find name 'expect'.
src/contexts/focus/__tests__/FocusManagerContext.test.tsx(562,9): error TS2304: Cannot find name 'expect'.
src/contexts/focus/__tests__/FocusManagerContext.test.tsx(566,5): error TS2593: Cannot find name 'it'. Do you need to install type definitions for a test runner? Try `npm i --save-dev @types/jest` or `npm i --save-dev @types/mocha` and then add 'jest' or 'mocha' to the types field in your tsconfig.
src/contexts/focus/__tests__/FocusManagerContext.test.tsx(578,9): error TS2304: Cannot find name 'expect'.
src/contexts/focus/__tests__/FocusManagerContext.test.tsx(584,9): error TS2304: Cannot find name 'expect'.
src/contexts/focus/__tests__/FocusManagerContext.test.tsx(588,5): error TS2593: Cannot find name 'it'. Do you need to install type definitions for a test runner? Try `npm i --save-dev @types/jest` or `npm i --save-dev @types/mocha` and then add 'jest' or 'mocha' to the types field in your tsconfig.
src/contexts/focus/__tests__/FocusManagerContext.test.tsx(599,9): error TS2304: Cannot find name 'expect'.
src/contexts/focus/__tests__/FocusManagerContext.test.tsx(603,5): error TS2593: Cannot find name 'it'. Do you need to install type definitions for a test runner? Try `npm i --save-dev @types/jest` or `npm i --save-dev @types/mocha` and then add 'jest' or 'mocha' to the types field in your tsconfig.
src/contexts/focus/__tests__/FocusManagerContext.test.tsx(614,9): error TS2304: Cannot find name 'expect'.
src/contexts/focus/__tests__/FocusManagerContext.test.tsx(618,5): error TS2593: Cannot find name 'it'. Do you need to install type definitions for a test runner? Try `npm i --save-dev @types/jest` or `npm i --save-dev @types/mocha` and then add 'jest' or 'mocha' to the types field in your tsconfig.
src/contexts/focus/__tests__/FocusManagerContext.test.tsx(628,7): error TS2304: Cannot find name 'expect'.
src/contexts/focus/__tests__/FocusManagerContext.test.tsx(633,7): error TS2304: Cannot find name 'expect'.
src/contexts/focus/__tests__/FocusManagerContext.test.tsx(636,5): error TS2593: Cannot find name 'it'. Do you need to install type definitions for a test runner? Try `npm i --save-dev @types/jest` or `npm i --save-dev @types/mocha` and then add 'jest' or 'mocha' to the types field in your tsconfig.
src/contexts/focus/__tests__/FocusManagerContext.test.tsx(646,7): error TS2304: Cannot find name 'expect'.
src/contexts/focus/__tests__/FocusManagerContext.test.tsx(649,5): error TS2593: Cannot find name 'it'. Do you need to install type definitions for a test runner? Try `npm i --save-dev @types/jest` or `npm i --save-dev @types/mocha` and then add 'jest' or 'mocha' to the types field in your tsconfig.
src/contexts/focus/__tests__/FocusManagerContext.test.tsx(677,7): error TS2304: Cannot find name 'expect'.
src/contexts/focus/__tests__/FocusManagerContext.test.tsx(681,3): error TS2593: Cannot find name 'describe'. Do you need to install type definitions for a test runner? Try `npm i --save-dev @types/jest` or `npm i --save-dev @types/mocha` and then add 'jest' or 'mocha' to the types field in your tsconfig.
src/contexts/focus/__tests__/FocusManagerContext.test.tsx(682,5): error TS2593: Cannot find name 'it'. Do you need to install type definitions for a test runner? Try `npm i --save-dev @types/jest` or `npm i --save-dev @types/mocha` and then add 'jest' or 'mocha' to the types field in your tsconfig.
src/contexts/focus/__tests__/FocusManagerContext.test.tsx(691,7): error TS2304: Cannot find name 'expect'.
src/contexts/focus/__tests__/FocusManagerContext.test.tsx(692,7): error TS2304: Cannot find name 'expect'.
src/contexts/focus/__tests__/FocusManagerContext.test.tsx(696,7): error TS2304: Cannot find name 'expect'.
src/contexts/focus/__tests__/FocusManagerContext.test.tsx(697,7): error TS2304: Cannot find name 'expect'.
src/contexts/focus/__tests__/FocusManagerContext.test.tsx(700,5): error TS2593: Cannot find name 'it'. Do you need to install type definitions for a test runner? Try `npm i --save-dev @types/jest` or `npm i --save-dev @types/mocha` and then add 'jest' or 'mocha' to the types field in your tsconfig.
src/contexts/focus/__tests__/FocusManagerContext.test.tsx(714,7): error TS2304: Cannot find name 'expect'.
src/contexts/focus/__tests__/FocusManagerContext.test.tsx(720,7): error TS2304: Cannot find name 'expect'.
src/contexts/focus/__tests__/FocusManagerContext.test.tsx(726,7): error TS2304: Cannot find name 'expect'.
src/contexts/focus/__tests__/FocusManagerContext.test.tsx(729,5): error TS2593: Cannot find name 'it'. Do you need to install type definitions for a test runner? Try `npm i --save-dev @types/jest` or `npm i --save-dev @types/mocha` and then add 'jest' or 'mocha' to the types field in your tsconfig.
src/contexts/focus/__tests__/FocusManagerContext.test.tsx(748,7): error TS2304: Cannot find name 'expect'.
src/contexts/focus/__tests__/FocusManagerContext.test.tsx(751,5): error TS2593: Cannot find name 'it'. Do you need to install type definitions for a test runner? Try `npm i --save-dev @types/jest` or `npm i --save-dev @types/mocha` and then add 'jest' or 'mocha' to the types field in your tsconfig.
src/contexts/focus/__tests__/FocusManagerContext.test.tsx(781,7): error TS2304: Cannot find name 'expect'.
src/contexts/focus/__tests__/FocusManagerContext.test.tsx(795,9): error TS2304: Cannot find name 'expect'.
src/contexts/focus/__tests__/FocusManagerContext.test.tsx(800,3): error TS2593: Cannot find name 'describe'. Do you need to install type definitions for a test runner? Try `npm i --save-dev @types/jest` or `npm i --save-dev @types/mocha` and then add 'jest' or 'mocha' to the types field in your tsconfig.
src/contexts/focus/__tests__/FocusManagerContext.test.tsx(801,5): error TS2593: Cannot find name 'it'. Do you need to install type definitions for a test runner? Try `npm i --save-dev @types/jest` or `npm i --save-dev @types/mocha` and then add 'jest' or 'mocha' to the types field in your tsconfig.
src/contexts/focus/__tests__/FocusManagerContext.test.tsx(812,9): error TS2304: Cannot find name 'expect'.
src/contexts/focus/__tests__/FocusManagerContext.test.tsx(817,9): error TS2304: Cannot find name 'expect'.
src/contexts/focus/__tests__/FocusManagerContext.test.tsx(821,5): error TS2593: Cannot find name 'it'. Do you need to install type definitions for a test runner? Try `npm i --save-dev @types/jest` or `npm i --save-dev @types/mocha` and then add 'jest' or 'mocha' to the types field in your tsconfig.
src/contexts/focus/__tests__/FocusManagerContext.test.tsx(832,9): error TS2304: Cannot find name 'expect'.
src/contexts/focus/__tests__/FocusManagerContext.test.tsx(837,7): error TS2304: Cannot find name 'expect'.
src/contexts/focus/__tests__/FocusManagerContext.test.tsx(840,5): error TS2593: Cannot find name 'it'. Do you need to install type definitions for a test runner? Try `npm i --save-dev @types/jest` or `npm i --save-dev @types/mocha` and then add 'jest' or 'mocha' to the types field in your tsconfig.
src/contexts/focus/__tests__/FocusManagerContext.test.tsx(886,7): error TS2304: Cannot find name 'expect'.
src/contexts/focus/__tests__/FocusManagerContext.test.tsx(890,7): error TS2304: Cannot find name 'expect'.
src/contexts/focus/__tests__/FocusManagerContext.test.tsx(891,7): error TS2304: Cannot find name 'expect'.
src/contexts/focus/__tests__/FocusManagerContext.test.tsx(894,5): error TS2593: Cannot find name 'it'. Do you need to install type definitions for a test runner? Try `npm i --save-dev @types/jest` or `npm i --save-dev @types/mocha` and then add 'jest' or 'mocha' to the types field in your tsconfig.
src/contexts/focus/__tests__/FocusManagerContext.test.tsx(942,7): error TS2304: Cannot find name 'expect'.
src/contexts/focus/__tests__/FocusManagerContext.test.tsx(946,7): error TS2304: Cannot find name 'expect'.
src/contexts/focus/__tests__/FocusManagerContext.test.tsx(947,7): error TS2304: Cannot find name 'expect'.
src/contexts/focus/__tests__/FocusManagerContext.test.tsx(950,5): error TS2593: Cannot find name 'it'. Do you need to install type definitions for a test runner? Try `npm i --save-dev @types/jest` or `npm i --save-dev @types/mocha` and then add 'jest' or 'mocha' to the types field in your tsconfig.
src/contexts/focus/__tests__/FocusManagerContext.test.tsx(965,7): error TS2304: Cannot find name 'expect'.
src/contexts/focus/__tests__/FocusManagerContext.test.tsx(968,5): error TS2593: Cannot find name 'it'. Do you need to install type definitions for a test runner? Try `npm i --save-dev @types/jest` or `npm i --save-dev @types/mocha` and then add 'jest' or 'mocha' to the types field in your tsconfig.
src/contexts/focus/__tests__/FocusManagerContext.test.tsx(983,7): error TS2304: Cannot find name 'expect'.
src/contexts/focus/__tests__/FocusManagerContext.test.tsx(986,5): error TS2593: Cannot find name 'it'. Do you need to install type definitions for a test runner? Try `npm i --save-dev @types/jest` or `npm i --save-dev @types/mocha` and then add 'jest' or 'mocha' to the types field in your tsconfig.
src/contexts/focus/__tests__/FocusManagerContext.test.tsx(1016,7): error TS2304: Cannot find name 'expect'.
src/contexts/focus/__tests__/FocusManagerContext.test.tsx(1017,7): error TS2304: Cannot find name 'expect'.
src/contexts/focus/__tests__/FocusManagerContext.test.tsx(1024,5): error TS2593: Cannot find name 'it'. Do you need to install type definitions for a test runner? Try `npm i --save-dev @types/jest` or `npm i --save-dev @types/mocha` and then add 'jest' or 'mocha' to the types field in your tsconfig.
src/contexts/focus/__tests__/FocusManagerContext.test.tsx(1057,7): error TS2304: Cannot find name 'expect'.
src/contexts/focus/__tests__/FocusManagerContext.test.tsx(1061,3): error TS2593: Cannot find name 'describe'. Do you need to install type definitions for a test runner? Try `npm i --save-dev @types/jest` or `npm i --save-dev @types/mocha` and then add 'jest' or 'mocha' to the types field in your tsconfig.
src/contexts/focus/__tests__/FocusManagerContext.test.tsx(1062,5): error TS2593: Cannot find name 'it'. Do you need to install type definitions for a test runner? Try `npm i --save-dev @types/jest` or `npm i --save-dev @types/mocha` and then add 'jest' or 'mocha' to the types field in your tsconfig.
src/contexts/focus/__tests__/FocusManagerContext.test.tsx(1076,7): error TS2304: Cannot find name 'expect'.
src/contexts/focus/__tests__/FocusManagerContext.test.tsx(1082,7): error TS2304: Cannot find name 'expect'.
src/contexts/focus/__tests__/FocusManagerContext.test.tsx(1085,5): error TS2593: Cannot find name 'it'. Do you need to install type definitions for a test runner? Try `npm i --save-dev @types/jest` or `npm i --save-dev @types/mocha` and then add 'jest' or 'mocha' to the types field in your tsconfig.
src/contexts/focus/__tests__/FocusManagerContext.test.tsx(1092,7): error TS2304: Cannot find name 'expect'.
src/contexts/focus/__tests__/FocusManagerContext.test.tsx(1098,9): error TS2304: Cannot find name 'expect'.
src/contexts/focus/__tests__/FocusManagerContext.test.tsx(1102,5): error TS2593: Cannot find name 'it'. Do you need to install type definitions for a test runner? Try `npm i --save-dev @types/jest` or `npm i --save-dev @types/mocha` and then add 'jest' or 'mocha' to the types field in your tsconfig.
src/contexts/focus/__tests__/FocusManagerContext.test.tsx(1113,9): error TS2304: Cannot find name 'expect'.
src/contexts/focus/__tests__/FocusManagerContext.test.tsx(1120,7): error TS2304: Cannot find name 'expect'.
src/contexts/focus/__tests__/FocusManagerContext.test.tsx(1124,3): error TS2593: Cannot find name 'describe'. Do you need to install type definitions for a test runner? Try `npm i --save-dev @types/jest` or `npm i --save-dev @types/mocha` and then add 'jest' or 'mocha' to the types field in your tsconfig.
src/contexts/focus/__tests__/FocusManagerContext.test.tsx(1125,5): error TS2593: Cannot find name 'it'. Do you need to install type definitions for a test runner? Try `npm i --save-dev @types/jest` or `npm i --save-dev @types/mocha` and then add 'jest' or 'mocha' to the types field in your tsconfig.
src/contexts/focus/__tests__/FocusManagerContext.test.tsx(1162,7): error TS2304: Cannot find name 'expect'.
src/contexts/focus/__tests__/FocusManagerContext.test.tsx(1163,7): error TS2304: Cannot find name 'expect'.
src/contexts/focus/__tests__/FocusManagerContext.test.tsx(1170,5): error TS2593: Cannot find name 'it'. Do you need to install type definitions for a test runner? Try `npm i --save-dev @types/jest` or `npm i --save-dev @types/mocha` and then add 'jest' or 'mocha' to the types field in your tsconfig.
src/contexts/focus/__tests__/FocusManagerContext.test.tsx(1199,7): error TS2304: Cannot find name 'expect'.
src/contexts/focus/__tests__/FocusManagerContext.test.tsx(1202,5): error TS2593: Cannot find name 'it'. Do you need to install type definitions for a test runner? Try `npm i --save-dev @types/jest` or `npm i --save-dev @types/mocha` and then add 'jest' or 'mocha' to the types field in your tsconfig.
src/contexts/focus/__tests__/FocusManagerContext.test.tsx(1229,7): error TS2304: Cannot find name 'expect'.
src/contexts/focus/__tests__/FocusManagerContext.test.tsx(1233,3): error TS2593: Cannot find name 'describe'. Do you need to install type definitions for a test runner? Try `npm i --save-dev @types/jest` or `npm i --save-dev @types/mocha` and then add 'jest' or 'mocha' to the types field in your tsconfig.
src/contexts/focus/__tests__/FocusManagerContext.test.tsx(1234,5): error TS2593: Cannot find name 'it'. Do you need to install type definitions for a test runner? Try `npm i --save-dev @types/jest` or `npm i --save-dev @types/mocha` and then add 'jest' or 'mocha' to the types field in your tsconfig.
src/contexts/focus/__tests__/FocusManagerContext.test.tsx(1275,7): error TS2304: Cannot find name 'expect'.
src/contexts/focus/__tests__/FocusManagerContext.test.tsx(1276,7): error TS2304: Cannot find name 'expect'.
src/contexts/focus/__tests__/FocusManagerContext.test.tsx(1278,7): error TS2304: Cannot find name 'expect'.
src/contexts/focus/__tests__/FocusManagerContext.test.tsx(1279,7): error TS2304: Cannot find name 'expect'.
src/contexts/focus/__tests__/FocusManagerContext.test.tsx(1282,5): error TS2593: Cannot find name 'it'. Do you need to install type definitions for a test runner? Try `npm i --save-dev @types/jest` or `npm i --save-dev @types/mocha` and then add 'jest' or 'mocha' to the types field in your tsconfig.
src/contexts/focus/__tests__/FocusManagerContext.test.tsx(1316,7): error TS2304: Cannot find name 'expect'.
src/contexts/focus/__tests__/FocusManagerContext.test.tsx(1317,7): error TS2304: Cannot find name 'expect'.
src/contexts/focus/__tests__/FocusManagerContext.test.tsx(1318,7): error TS2304: Cannot find name 'expect'.
src/contexts/focus/__tests__/FocusManagerContext.test.tsx(1321,5): error TS2593: Cannot find name 'it'. Do you need to install type definitions for a test runner? Try `npm i --save-dev @types/jest` or `npm i --save-dev @types/mocha` and then add 'jest' or 'mocha' to the types field in your tsconfig.
src/contexts/focus/__tests__/FocusManagerContext.test.tsx(1328,7): error TS2304: Cannot find name 'expect'.
src/contexts/focus/__tests__/FocusManagerContext.test.tsx(1332,7): error TS2304: Cannot find name 'expect'.
src/contexts/focus/__tests__/FocusManagerContext.test.tsx(1335,5): error TS2593: Cannot find name 'it'. Do you need to install type definitions for a test runner? Try `npm i --save-dev @types/jest` or `npm i --save-dev @types/mocha` and then add 'jest' or 'mocha' to the types field in your tsconfig.
src/contexts/focus/__tests__/FocusManagerContext.test.tsx(1342,7): error TS2304: Cannot find name 'expect'.
src/contexts/focus/__tests__/FocusManagerContext.test.tsx(1346,7): error TS2304: Cannot find name 'expect'.
src/contexts/focus/__tests__/FocusManagerContext.test.tsx(1350,3): error TS2593: Cannot find name 'describe'. Do you need to install type definitions for a test runner? Try `npm i --save-dev @types/jest` or `npm i --save-dev @types/mocha` and then add 'jest' or 'mocha' to the types field in your tsconfig.
src/contexts/focus/__tests__/FocusManagerContext.test.tsx(1351,5): error TS2593: Cannot find name 'it'. Do you need to install type definitions for a test runner? Try `npm i --save-dev @types/jest` or `npm i --save-dev @types/mocha` and then add 'jest' or 'mocha' to the types field in your tsconfig.
src/contexts/focus/__tests__/FocusManagerContext.test.tsx(1402,7): error TS2304: Cannot find name 'expect'.
src/contexts/focus/__tests__/FocusManagerContext.test.tsx(1404,7): error TS2304: Cannot find name 'expect'.
src/contexts/focus/__tests__/FocusManagerContext.test.tsx(1412,7): error TS2304: Cannot find name 'expect'.
src/contexts/focus/__tests__/FocusManagerContext.test.tsx(1421,5): error TS2593: Cannot find name 'it'. Do you need to install type definitions for a test runner? Try `npm i --save-dev @types/jest` or `npm i --save-dev @types/mocha` and then add 'jest' or 'mocha' to the types field in your tsconfig.
src/contexts/focus/__tests__/FocusManagerContext.test.tsx(1451,7): error TS2304: Cannot find name 'expect'.
src/contexts/focus/__tests__/FocusManagerContext.test.tsx(1459,7): error TS2304: Cannot find name 'expect'.
src/contexts/focus/__tests__/FocusManagerContext.test.tsx(1463,3): error TS2593: Cannot find name 'describe'. Do you need to install type definitions for a test runner? Try `npm i --save-dev @types/jest` or `npm i --save-dev @types/mocha` and then add 'jest' or 'mocha' to the types field in your tsconfig.
src/contexts/focus/__tests__/FocusManagerContext.test.tsx(1464,5): error TS2593: Cannot find name 'it'. Do you need to install type definitions for a test runner? Try `npm i --save-dev @types/jest` or `npm i --save-dev @types/mocha` and then add 'jest' or 'mocha' to the types field in your tsconfig.
src/contexts/focus/__tests__/FocusManagerContext.test.tsx(1483,7): error TS2304: Cannot find name 'expect'.
src/contexts/focus/__tests__/FocusManagerContext.test.tsx(1488,7): error TS2304: Cannot find name 'expect'.
src/contexts/focus/__tests__/FocusManagerContext.test.tsx(1491,5): error TS2593: Cannot find name 'it'. Do you need to install type definitions for a test runner? Try `npm i --save-dev @types/jest` or `npm i --save-dev @types/mocha` and then add 'jest' or 'mocha' to the types field in your tsconfig.
src/contexts/focus/__tests__/FocusManagerContext.test.tsx(1538,33): error TS2708: Cannot use namespace 'jest' as a value.
src/contexts/focus/__tests__/FocusManagerContext.test.tsx(1542,7): error TS2304: Cannot find name 'expect'.
src/contexts/focus/__tests__/FocusManagerContext.test.tsx(1545,5): error TS2593: Cannot find name 'it'. Do you need to install type definitions for a test runner? Try `npm i --save-dev @types/jest` or `npm i --save-dev @types/mocha` and then add 'jest' or 'mocha' to the types field in your tsconfig.
src/contexts/focus/__tests__/FocusManagerContext.test.tsx(1554,33): error TS2708: Cannot use namespace 'jest' as a value.
src/contexts/focus/__tests__/FocusManagerContext.test.tsx(1558,7): error TS2304: Cannot find name 'expect'.
src/contexts/focus/__tests__/FocusManagerContext.test.tsx(1562,3): error TS2593: Cannot find name 'describe'. Do you need to install type definitions for a test runner? Try `npm i --save-dev @types/jest` or `npm i --save-dev @types/mocha` and then add 'jest' or 'mocha' to the types field in your tsconfig.
src/contexts/focus/__tests__/FocusManagerContext.test.tsx(1563,5): error TS2593: Cannot find name 'it'. Do you need to install type definitions for a test runner? Try `npm i --save-dev @types/jest` or `npm i --save-dev @types/mocha` and then add 'jest' or 'mocha' to the types field in your tsconfig.
src/contexts/focus/__tests__/FocusManagerContext.test.tsx(1581,7): error TS2304: Cannot find name 'expect'.
src/contexts/focus/__tests__/FocusManagerContext.test.tsx(1584,5): error TS2593: Cannot find name 'it'. Do you need to install type definitions for a test runner? Try `npm i --save-dev @types/jest` or `npm i --save-dev @types/mocha` and then add 'jest' or 'mocha' to the types field in your tsconfig.
src/contexts/focus/__tests__/FocusManagerContext.test.tsx(1605,7): error TS2304: Cannot find name 'expect'.
src/contexts/focus/__tests__/FocusManagerContext.test.tsx(1608,5): error TS2593: Cannot find name 'it'. Do you need to install type definitions for a test runner? Try `npm i --save-dev @types/jest` or `npm i --save-dev @types/mocha` and then add 'jest' or 'mocha' to the types field in your tsconfig.
src/contexts/focus/__tests__/FocusManagerContext.test.tsx(1629,7): error TS2304: Cannot find name 'expect'.
src/contexts/focus/__tests__/FocusManagerContext.test.tsx(1632,5): error TS2593: Cannot find name 'it'. Do you need to install type definitions for a test runner? Try `npm i --save-dev @types/jest` or `npm i --save-dev @types/mocha` and then add 'jest' or 'mocha' to the types field in your tsconfig.
src/contexts/focus/__tests__/FocusManagerContext.test.tsx(1664,7): error TS2304: Cannot find name 'expect'.
src/contexts/focus/__tests__/FocusManagerContext.test.tsx(1667,5): error TS2593: Cannot find name 'it'. Do you need to install type definitions for a test runner? Try `npm i --save-dev @types/jest` or `npm i --save-dev @types/mocha` and then add 'jest' or 'mocha' to the types field in your tsconfig.
src/contexts/focus/__tests__/FocusManagerContext.test.tsx(1681,7): error TS2304: Cannot find name 'expect'.
src/contexts/focus/__tests__/FocusManagerContext.test.tsx(1684,5): error TS2593: Cannot find name 'it'. Do you need to install type definitions for a test runner? Try `npm i --save-dev @types/jest` or `npm i --save-dev @types/mocha` and then add 'jest' or 'mocha' to the types field in your tsconfig.
src/contexts/focus/__tests__/FocusManagerContext.test.tsx(1703,7): error TS2304: Cannot find name 'expect'.
src/contexts/focus/__tests__/FocusManagerContext.test.tsx(1709,7): error TS2304: Cannot find name 'expect'.
src/contexts/focus/__tests__/mouseNavigation.test.tsx(10,33): error TS2307: Cannot find module '../hooks' or its corresponding type declarations.
src/contexts/focus/__tests__/mouseNavigation.test.tsx(147,32): error TS7006: Parameter 'step' implicitly has an 'any' type.
src/contexts/focus/__tests__/mouseNavigation.test.tsx(157,1): error TS2593: Cannot find name 'describe'. Do you need to install type definitions for a test runner? Try `npm i --save-dev @types/jest` or `npm i --save-dev @types/mocha` and then add 'jest' or 'mocha' to the types field in your tsconfig.
src/contexts/focus/__tests__/mouseNavigation.test.tsx(158,3): error TS2593: Cannot find name 'it'. Do you need to install type definitions for a test runner? Try `npm i --save-dev @types/jest` or `npm i --save-dev @types/mocha` and then add 'jest' or 'mocha' to the types field in your tsconfig.
src/contexts/focus/__tests__/mouseNavigation.test.tsx(166,5): error TS2304: Cannot find name 'expect'.
src/contexts/focus/__tests__/mouseNavigation.test.tsx(173,7): error TS2304: Cannot find name 'expect'.
src/contexts/focus/__tests__/mouseNavigation.test.tsx(180,5): error TS2304: Cannot find name 'expect'.
src/contexts/focus/__tests__/mouseNavigation.test.tsx(183,3): error TS2593: Cannot find name 'it'. Do you need to install type definitions for a test runner? Try `npm i --save-dev @types/jest` or `npm i --save-dev @types/mocha` and then add 'jest' or 'mocha' to the types field in your tsconfig.
src/contexts/focus/__tests__/mouseNavigation.test.tsx(194,7): error TS2304: Cannot find name 'expect'.
src/contexts/focus/__tests__/mouseNavigation.test.tsx(198,5): error TS2304: Cannot find name 'expect'.
src/contexts/focus/__tests__/mouseNavigation.test.tsx(201,3): error TS2593: Cannot find name 'it'. Do you need to install type definitions for a test runner? Try `npm i --save-dev @types/jest` or `npm i --save-dev @types/mocha` and then add 'jest' or 'mocha' to the types field in your tsconfig.
src/contexts/focus/__tests__/mouseNavigation.test.tsx(209,5): error TS2304: Cannot find name 'expect'.
src/contexts/focus/__tests__/mouseNavigation.test.tsx(216,7): error TS2304: Cannot find name 'expect'.
src/contexts/focus/__tests__/mouseNavigation.test.tsx(220,5): error TS2304: Cannot find name 'expect'.
src/contexts/focus/__tests__/mouseNavigation.test.tsx(225,7): error TS2304: Cannot find name 'expect'.
src/contexts/focus/__tests__/mouseNavigation.test.tsx(230,7): error TS2304: Cannot find name 'expect'.
src/contexts/focus/__tests__/mouseNavigation.test.tsx(235,7): error TS2304: Cannot find name 'expect'.
src/contexts/focus/__tests__/mouseNavigation.test.tsx(239,3): error TS2593: Cannot find name 'it'. Do you need to install type definitions for a test runner? Try `npm i --save-dev @types/jest` or `npm i --save-dev @types/mocha` and then add 'jest' or 'mocha' to the types field in your tsconfig.
src/contexts/focus/__tests__/mouseNavigation.test.tsx(251,7): error TS2304: Cannot find name 'expect'.
src/contexts/focus/__tests__/mouseNavigation.test.tsx(256,7): error TS2304: Cannot find name 'expect'.
src/contexts/focus/__tests__/mouseNavigation.test.tsx(260,3): error TS2593: Cannot find name 'it'. Do you need to install type definitions for a test runner? Try `npm i --save-dev @types/jest` or `npm i --save-dev @types/mocha` and then add 'jest' or 'mocha' to the types field in your tsconfig.
src/contexts/focus/__tests__/mouseNavigation.test.tsx(270,7): error TS2304: Cannot find name 'expect'.
src/contexts/focus/__tests__/mouseNavigation.test.tsx(278,7): error TS2304: Cannot find name 'expect'.
src/contexts/focus/__tests__/mouseNavigation.test.tsx(283,7): error TS2304: Cannot find name 'expect'.
src/contexts/focus/__tests__/mouseNavigation.test.tsx(287,3): error TS2593: Cannot find name 'it'. Do you need to install type definitions for a test runner? Try `npm i --save-dev @types/jest` or `npm i --save-dev @types/mocha` and then add 'jest' or 'mocha' to the types field in your tsconfig.
src/contexts/focus/__tests__/mouseNavigation.test.tsx(297,5): error TS2304: Cannot find name 'expect'.
src/contexts/focus/__tests__/mouseNavigation.test.tsx(298,5): error TS2304: Cannot find name 'expect'.
src/contexts/focus/__tests__/mouseNavigation.test.tsx(299,5): error TS2304: Cannot find name 'expect'.
src/contexts/focus/__tests__/mouseNavigation.test.tsx(300,5): error TS2304: Cannot find name 'expect'.
src/contexts/focus/__tests__/mouseNavigation.test.tsx(306,7): error TS2304: Cannot find name 'expect'.
src/contexts/focus/__tests__/mouseNavigation.test.tsx(313,7): error TS2304: Cannot find name 'expect'.
src/contexts/focus/__tests__/mouseNavigation.test.tsx(314,7): error TS2304: Cannot find name 'expect'.
src/contexts/focus/__tests__/mouseNavigation.test.tsx(315,7): error TS2304: Cannot find name 'expect'.
src/contexts/focus/__tests__/mouseNavigation.test.tsx(319,3): error TS2593: Cannot find name 'it'. Do you need to install type definitions for a test runner? Try `npm i --save-dev @types/jest` or `npm i --save-dev @types/mocha` and then add 'jest' or 'mocha' to the types field in your tsconfig.
src/contexts/focus/__tests__/mouseNavigation.test.tsx(332,5): error TS2304: Cannot find name 'expect'.
src/contexts/focus/__tests__/mouseNavigation.test.tsx(336,7): error TS2304: Cannot find name 'expect'.
src/contexts/focus/__tests__/mouseNavigation.test.tsx(340,3): error TS2593: Cannot find name 'it'. Do you need to install type definitions for a test runner? Try `npm i --save-dev @types/jest` or `npm i --save-dev @types/mocha` and then add 'jest' or 'mocha' to the types field in your tsconfig.
src/contexts/focus/__tests__/mouseNavigation.test.tsx(341,32): error TS2708: Cannot use namespace 'jest' as a value.
src/contexts/focus/__tests__/mouseNavigation.test.tsx(354,7): error TS2304: Cannot find name 'expect'.
src/contexts/focus/__tests__/mouseNavigation.test.tsx(355,7): error TS2304: Cannot find name 'expect'.
src/contexts/focus/__tests__/mouseNavigation.test.tsx(364,3): error TS2593: Cannot find name 'it'. Do you need to install type definitions for a test runner? Try `npm i --save-dev @types/jest` or `npm i --save-dev @types/mocha` and then add 'jest' or 'mocha' to the types field in your tsconfig.
src/contexts/focus/__tests__/mouseNavigation.test.tsx(378,7): error TS2304: Cannot find name 'expect'.
src/contexts/focus/__tests__/mouseNavigation.test.tsx(384,7): error TS2304: Cannot find name 'expect'.
src/contexts/focus/__tests__/mouseNavigation.test.tsx(390,7): error TS2304: Cannot find name 'expect'.
src/contexts/focus/__tests__/mouseNavigation.test.tsx(394,3): error TS2593: Cannot find name 'it'. Do you need to install type definitions for a test runner? Try `npm i --save-dev @types/jest` or `npm i --save-dev @types/mocha` and then add 'jest' or 'mocha' to the types field in your tsconfig.
src/contexts/focus/__tests__/mouseNavigation.test.tsx(395,5): error TS2708: Cannot use namespace 'jest' as a value.
src/contexts/focus/__tests__/mouseNavigation.test.tsx(404,5): error TS2304: Cannot find name 'expect'.
src/contexts/focus/__tests__/mouseNavigation.test.tsx(411,7): error TS2304: Cannot find name 'expect'.
src/contexts/focus/__tests__/mouseNavigation.test.tsx(415,5): error TS2708: Cannot use namespace 'jest' as a value.
src/contexts/focus/__tests__/mouseNavigation.test.tsx(419,7): error TS2304: Cannot find name 'expect'.
src/contexts/focus/__tests__/mouseNavigation.test.tsx(427,7): error TS2304: Cannot find name 'expect'.
src/contexts/focus/__tests__/mouseNavigation.test.tsx(431,5): error TS2708: Cannot use namespace 'jest' as a value.
src/contexts/focus/__tests__/mouseNavigation.test.tsx(435,7): error TS2304: Cannot find name 'expect'.
src/contexts/focus/__tests__/mouseNavigation.test.tsx(438,5): error TS2708: Cannot use namespace 'jest' as a value.
src/contexts/focus/demo/MouseNavigationDemo.tsx(7,33): error TS2307: Cannot find module '../hooks' or its corresponding type declarations.
src/contexts/focus/demo/MouseNavigationDemo.tsx(166,21): error TS7006: Parameter 'step' implicitly has an 'any' type.
src/contexts/focus/demo/MouseNavigationDemo.tsx(166,27): error TS7006: Parameter 'index' implicitly has an 'any' type.
src/contexts/focus/useFocusManager.ts(58,7): error TS2322: Type 'RefObject<HTMLElement | null>' is not assignable to type 'RefObject<HTMLElement>'.
  Type 'HTMLElement | null' is not assignable to type 'HTMLElement'.
    Type 'null' is not assignable to type 'HTMLElement'.
src/views/medication/__tests__/MedicationSearch.focusableField.test.tsx(22,5): error TS2739: Type '{ isPsychotropic: false; isControlled: false; }' is missing the following properties from type 'MedicationFlags': isNarcotic, requiresMonitoring
src/views/medication/__tests__/MedicationSearch.focusableField.test.tsx(28,5): error TS2739: Type '{ isPsychotropic: false; isControlled: false; }' is missing the following properties from type 'MedicationFlags': isNarcotic, requiresMonitoring
src/views/medication/__tests__/MedicationSearch.focusableField.test.tsx(34,5): error TS2739: Type '{ isPsychotropic: true; isControlled: true; }' is missing the following properties from type 'MedicationFlags': isNarcotic, requiresMonitoring
src/views/medication/__tests__/MedicationSearch.focusableField.test.tsx(62,13): error TS2708: Cannot use namespace 'jest' as a value.
src/views/medication/__tests__/MedicationSearch.focusableField.test.tsx(63,13): error TS2708: Cannot use namespace 'jest' as a value.
src/views/medication/__tests__/MedicationSearch.focusableField.test.tsx(64,12): error TS2708: Cannot use namespace 'jest' as a value.
src/views/medication/__tests__/MedicationSearch.focusableField.test.tsx(65,20): error TS2708: Cannot use namespace 'jest' as a value.
src/views/medication/__tests__/MedicationSearch.focusableField.test.tsx(66,19): error TS2708: Cannot use namespace 'jest' as a value.
src/views/medication/__tests__/MedicationSearch.focusableField.test.tsx(69,1): error TS2593: Cannot find name 'describe'. Do you need to install type definitions for a test runner? Try `npm i --save-dev @types/jest` or `npm i --save-dev @types/mocha` and then add 'jest' or 'mocha' to the types field in your tsconfig.
src/views/medication/__tests__/MedicationSearch.focusableField.test.tsx(70,3): error TS2304: Cannot find name 'beforeEach'.
src/views/medication/__tests__/MedicationSearch.focusableField.test.tsx(71,5): error TS2708: Cannot use namespace 'jest' as a value.
src/views/medication/__tests__/MedicationSearch.focusableField.test.tsx(74,3): error TS2593: Cannot find name 'describe'. Do you need to install type definitions for a test runner? Try `npm i --save-dev @types/jest` or `npm i --save-dev @types/mocha` and then add 'jest' or 'mocha' to the types field in your tsconfig.
src/views/medication/__tests__/MedicationSearch.focusableField.test.tsx(75,5): error TS2593: Cannot find name 'it'. Do you need to install type definitions for a test runner? Try `npm i --save-dev @types/jest` or `npm i --save-dev @types/mocha` and then add 'jest' or 'mocha' to the types field in your tsconfig.
src/views/medication/__tests__/MedicationSearch.focusableField.test.tsx(85,7): error TS2304: Cannot find name 'expect'.
src/views/medication/__tests__/MedicationSearch.focusableField.test.tsx(86,7): error TS2304: Cannot find name 'expect'.
src/views/medication/__tests__/MedicationSearch.focusableField.test.tsx(87,7): error TS2304: Cannot find name 'expect'.
src/views/medication/__tests__/MedicationSearch.focusableField.test.tsx(90,5): error TS2593: Cannot find name 'it'. Do you need to install type definitions for a test runner? Try `npm i --save-dev @types/jest` or `npm i --save-dev @types/mocha` and then add 'jest' or 'mocha' to the types field in your tsconfig.
src/views/medication/__tests__/MedicationSearch.focusableField.test.tsx(98,7): error TS2304: Cannot find name 'expect'.
src/views/medication/__tests__/MedicationSearch.focusableField.test.tsx(101,5): error TS2593: Cannot find name 'it'. Do you need to install type definitions for a test runner? Try `npm i --save-dev @types/jest` or `npm i --save-dev @types/mocha` and then add 'jest' or 'mocha' to the types field in your tsconfig.
src/views/medication/__tests__/MedicationSearch.focusableField.test.tsx(111,7): error TS2304: Cannot find name 'expect'.
src/views/medication/__tests__/MedicationSearch.focusableField.test.tsx(115,3): error TS2593: Cannot find name 'describe'. Do you need to install type definitions for a test runner? Try `npm i --save-dev @types/jest` or `npm i --save-dev @types/mocha` and then add 'jest' or 'mocha' to the types field in your tsconfig.
src/views/medication/__tests__/MedicationSearch.focusableField.test.tsx(116,5): error TS2593: Cannot find name 'it'. Do you need to install type definitions for a test runner? Try `npm i --save-dev @types/jest` or `npm i --save-dev @types/mocha` and then add 'jest' or 'mocha' to the types field in your tsconfig.
src/views/medication/__tests__/MedicationSearch.focusableField.test.tsx(117,31): error TS2708: Cannot use namespace 'jest' as a value.
src/views/medication/__tests__/MedicationSearch.focusableField.test.tsx(138,7): error TS2304: Cannot find name 'expect'.
src/views/medication/__tests__/MedicationSearch.focusableField.test.tsx(141,5): error TS2593: Cannot find name 'it'. Do you need to install type definitions for a test runner? Try `npm i --save-dev @types/jest` or `npm i --save-dev @types/mocha` and then add 'jest' or 'mocha' to the types field in your tsconfig.
src/views/medication/__tests__/MedicationSearch.focusableField.test.tsx(143,29): error TS2708: Cannot use namespace 'jest' as a value.
src/views/medication/__tests__/MedicationSearch.focusableField.test.tsx(166,7): error TS2304: Cannot find name 'expect'.
src/views/medication/__tests__/MedicationSearch.focusableField.test.tsx(169,5): error TS2593: Cannot find name 'it'. Do you need to install type definitions for a test runner? Try `npm i --save-dev @types/jest` or `npm i --save-dev @types/mocha` and then add 'jest' or 'mocha' to the types field in your tsconfig.
src/views/medication/__tests__/MedicationSearch.focusableField.test.tsx(171,29): error TS2708: Cannot use namespace 'jest' as a value.
src/views/medication/__tests__/MedicationSearch.focusableField.test.tsx(191,7): error TS2304: Cannot find name 'expect'.
src/views/medication/__tests__/MedicationSearch.focusableField.test.tsx(197,7): error TS2304: Cannot find name 'expect'.
src/views/medication/__tests__/MedicationSearch.focusableField.test.tsx(198,7): error TS2304: Cannot find name 'expect'.
src/views/medication/__tests__/MedicationSearch.focusableField.test.tsx(202,3): error TS2593: Cannot find name 'describe'. Do you need to install type definitions for a test runner? Try `npm i --save-dev @types/jest` or `npm i --save-dev @types/mocha` and then add 'jest' or 'mocha' to the types field in your tsconfig.
src/views/medication/__tests__/MedicationSearch.focusableField.test.tsx(203,5): error TS2593: Cannot find name 'it'. Do you need to install type definitions for a test runner? Try `npm i --save-dev @types/jest` or `npm i --save-dev @types/mocha` and then add 'jest' or 'mocha' to the types field in your tsconfig.
src/views/medication/__tests__/MedicationSearch.focusableField.test.tsx(205,26): error TS2708: Cannot use namespace 'jest' as a value.
src/views/medication/__tests__/MedicationSearch.focusableField.test.tsx(206,24): error TS2708: Cannot use namespace 'jest' as a value.
src/views/medication/__tests__/MedicationSearch.focusableField.test.tsx(232,7): error TS2304: Cannot find name 'expect'.
src/views/medication/__tests__/MedicationSearch.focusableField.test.tsx(235,5): error TS2593: Cannot find name 'it'. Do you need to install type definitions for a test runner? Try `npm i --save-dev @types/jest` or `npm i --save-dev @types/mocha` and then add 'jest' or 'mocha' to the types field in your tsconfig.
src/views/medication/__tests__/MedicationSearch.focusableField.test.tsx(237,26): error TS2708: Cannot use namespace 'jest' as a value.
src/views/medication/__tests__/MedicationSearch.focusableField.test.tsx(263,9): error TS2304: Cannot find name 'expect'.
src/views/medication/__tests__/MedicationSearch.focusableField.test.tsx(267,5): error TS2593: Cannot find name 'it'. Do you need to install type definitions for a test runner? Try `npm i --save-dev @types/jest` or `npm i --save-dev @types/mocha` and then add 'jest' or 'mocha' to the types field in your tsconfig.
src/views/medication/__tests__/MedicationSearch.focusableField.test.tsx(269,26): error TS2708: Cannot use namespace 'jest' as a value.
src/views/medication/__tests__/MedicationSearch.focusableField.test.tsx(294,7): error TS2304: Cannot find name 'expect'.
src/views/medication/__tests__/MedicationSearch.focusableField.test.tsx(295,7): error TS2304: Cannot find name 'expect'.
src/views/medication/__tests__/MedicationSearch.focusableField.test.tsx(299,3): error TS2593: Cannot find name 'describe'. Do you need to install type definitions for a test runner? Try `npm i --save-dev @types/jest` or `npm i --save-dev @types/mocha` and then add 'jest' or 'mocha' to the types field in your tsconfig.
src/views/medication/__tests__/MedicationSearch.focusableField.test.tsx(300,5): error TS2593: Cannot find name 'it'. Do you need to install type definitions for a test runner? Try `npm i --save-dev @types/jest` or `npm i --save-dev @types/mocha` and then add 'jest' or 'mocha' to the types field in your tsconfig.
src/views/medication/__tests__/MedicationSearch.focusableField.test.tsx(318,7): error TS2304: Cannot find name 'expect'.
src/views/medication/__tests__/MedicationSearch.focusableField.test.tsx(321,5): error TS2593: Cannot find name 'it'. Do you need to install type definitions for a test runner? Try `npm i --save-dev @types/jest` or `npm i --save-dev @types/mocha` and then add 'jest' or 'mocha' to the types field in your tsconfig.
src/views/medication/__tests__/MedicationSearch.focusableField.test.tsx(323,26): error TS2708: Cannot use namespace 'jest' as a value.
src/views/medication/__tests__/MedicationSearch.focusableField.test.tsx(348,9): error TS2304: Cannot find name 'expect'.
src/views/medication/__tests__/MedicationSearch.focusableField.test.tsx(353,3): error TS2593: Cannot find name 'describe'. Do you need to install type definitions for a test runner? Try `npm i --save-dev @types/jest` or `npm i --save-dev @types/mocha` and then add 'jest' or 'mocha' to the types field in your tsconfig.
src/views/medication/__tests__/MedicationSearch.focusableField.test.tsx(354,5): error TS2593: Cannot find name 'it'. Do you need to install type definitions for a test runner? Try `npm i --save-dev @types/jest` or `npm i --save-dev @types/mocha` and then add 'jest' or 'mocha' to the types field in your tsconfig.
src/views/medication/__tests__/MedicationSearch.focusableField.test.tsx(372,7): error TS2304: Cannot find name 'expect'.
src/views/medication/__tests__/MedicationSearch.focusableField.test.tsx(376,3): error TS2593: Cannot find name 'describe'. Do you need to install type definitions for a test runner? Try `npm i --save-dev @types/jest` or `npm i --save-dev @types/mocha` and then add 'jest' or 'mocha' to the types field in your tsconfig.
src/views/medication/__tests__/MedicationSearch.focusableField.test.tsx(377,5): error TS2593: Cannot find name 'it'. Do you need to install type definitions for a test runner? Try `npm i --save-dev @types/jest` or `npm i --save-dev @types/mocha` and then add 'jest' or 'mocha' to the types field in your tsconfig.
src/views/medication/__tests__/MedicationSearch.focusableField.test.tsx(389,9): error TS2304: Cannot find name 'expect'.
src/views/medication/__tests__/MedicationSearch.focusableField.test.tsx(393,5): error TS2593: Cannot find name 'it'. Do you need to install type definitions for a test runner? Try `npm i --save-dev @types/jest` or `npm i --save-dev @types/mocha` and then add 'jest' or 'mocha' to the types field in your tsconfig.
src/views/medication/__tests__/MedicationSearch.focusableField.test.tsx(395,30): error TS2708: Cannot use namespace 'jest' as a value.
src/views/medication/__tests__/MedicationSearch.focusableField.test.tsx(413,7): error TS2304: Cannot find name 'expect'.
src/views/medication/__tests__/MedicationSearch.focusableField.test.tsx(416,5): error TS2593: Cannot find name 'it'. Do you need to install type definitions for a test runner? Try `npm i --save-dev @types/jest` or `npm i --save-dev @types/mocha` and then add 'jest' or 'mocha' to the types field in your tsconfig.
src/views/medication/__tests__/MedicationSearch.focusableField.test.tsx(418,24): error TS2708: Cannot use namespace 'jest' as a value.
src/views/medication/__tests__/MedicationSearch.focusableField.test.tsx(439,7): error TS2304: Cannot find name 'expect'.
src/views/medication/__tests__/MedicationSearch.focusableField.test.tsx(442,5): error TS2593: Cannot find name 'it'. Do you need to install type definitions for a test runner? Try `npm i --save-dev @types/jest` or `npm i --save-dev @types/mocha` and then add 'jest' or 'mocha' to the types field in your tsconfig.
src/views/medication/__tests__/MedicationSearch.focusableField.test.tsx(444,24): error TS2708: Cannot use namespace 'jest' as a value.
src/views/medication/__tests__/MedicationSearch.focusableField.test.tsx(465,7): error TS2304: Cannot find name 'expect'.
src/views/medication/__tests__/MedicationSearch.focusableField.test.tsx(468,5): error TS2593: Cannot find name 'it'. Do you need to install type definitions for a test runner? Try `npm i --save-dev @types/jest` or `npm i --save-dev @types/mocha` and then add 'jest' or 'mocha' to the types field in your tsconfig.
src/views/medication/__tests__/MedicationSearch.focusableField.test.tsx(469,31): error TS2708: Cannot use namespace 'jest' as a value.
src/views/medication/__tests__/MedicationSearch.focusableField.test.tsx(470,24): error TS2708: Cannot use namespace 'jest' as a value.
src/views/medication/__tests__/MedicationSearch.focusableField.test.tsx(470,33): error TS7006: Parameter 'medication' implicitly has an 'any' type.
src/views/medication/__tests__/MedicationSearch.focusableField.test.tsx(494,7): error TS2304: Cannot find name 'expect'.
src/views/medication/__tests__/MedicationSearch.focusableField.test.tsx(498,9): error TS2304: Cannot find name 'expect'.
src/views/medication/__tests__/MedicationSearch.focusableField.test.tsx(503,3): error TS2593: Cannot find name 'describe'. Do you need to install type definitions for a test runner? Try `npm i --save-dev @types/jest` or `npm i --save-dev @types/mocha` and then add 'jest' or 'mocha' to the types field in your tsconfig.
src/views/medication/__tests__/MedicationSearch.focusableField.test.tsx(504,5): error TS2593: Cannot find name 'it'. Do you need to install type definitions for a test runner? Try `npm i --save-dev @types/jest` or `npm i --save-dev @types/mocha` and then add 'jest' or 'mocha' to the types field in your tsconfig.
src/views/medication/__tests__/MedicationSearch.focusableField.test.tsx(516,7): error TS2304: Cannot find name 'expect'.
src/views/medication/__tests__/MedicationSearch.focusableField.test.tsx(517,7): error TS2304: Cannot find name 'expect'.
src/views/medication/__tests__/MedicationSearch.focusableField.test.tsx(520,5): error TS2593: Cannot find name 'it'. Do you need to install type definitions for a test runner? Try `npm i --save-dev @types/jest` or `npm i --save-dev @types/mocha` and then add 'jest' or 'mocha' to the types field in your tsconfig.
src/views/medication/__tests__/MedicationSearch.focusableField.test.tsx(532,7): error TS2304: Cannot find name 'expect'.
src/views/medication/__tests__/MedicationSearch.focusableField.test.tsx(533,7): error TS2304: Cannot find name 'expect'.
src/views/medication/__tests__/MedicationSearch.focusableField.test.tsx(537,3): error TS2593: Cannot find name 'describe'. Do you need to install type definitions for a test runner? Try `npm i --save-dev @types/jest` or `npm i --save-dev @types/mocha` and then add 'jest' or 'mocha' to the types field in your tsconfig.
src/views/medication/__tests__/MedicationSearch.focusableField.test.tsx(538,5): error TS2593: Cannot find name 'it'. Do you need to install type definitions for a test runner? Try `npm i --save-dev @types/jest` or `npm i --save-dev @types/mocha` and then add 'jest' or 'mocha' to the types field in your tsconfig.
src/views/medication/__tests__/MedicationSearch.focusableField.test.tsx(552,7): error TS2304: Cannot find name 'expect'.
src/views/medication/__tests__/MedicationSearch.focusableField.test.tsx(553,7): error TS2304: Cannot find name 'expect'.
src/views/medication/__tests__/MedicationSearch.focusableField.test.tsx(554,7): error TS2304: Cannot find name 'expect'.
src/views/medication/__tests__/MedicationSearch.focusableField.test.tsx(555,7): error TS2304: Cannot find name 'expect'.
src/views/medication/__tests__/MedicationSearch.focusableField.test.tsx(558,5): error TS2593: Cannot find name 'it'. Do you need to install type definitions for a test runner? Try `npm i --save-dev @types/jest` or `npm i --save-dev @types/mocha` and then add 'jest' or 'mocha' to the types field in your tsconfig.
src/views/medication/__tests__/MedicationSearch.focusableField.test.tsx(568,7): error TS2304: Cannot find name 'expect'.
src/views/medication/__tests__/MedicationSearch.focusableField.test.tsx(573,1): error TS2593: Cannot find name 'describe'. Do you need to install type definitions for a test runner? Try `npm i --save-dev @types/jest` or `npm i --save-dev @types/mocha` and then add 'jest' or 'mocha' to the types field in your tsconfig.
src/views/medication/__tests__/MedicationSearch.focusableField.test.tsx(574,3): error TS2593: Cannot find name 'it'. Do you need to install type definitions for a test runner? Try `npm i --save-dev @types/jest` or `npm i --save-dev @types/mocha` and then add 'jest' or 'mocha' to the types field in your tsconfig.
src/views/medication/__tests__/MedicationSearch.focusableField.test.tsx(597,7): error TS2304: Cannot find name 'expect'.
src/views/medication/__tests__/MedicationSearch.focusableField.test.tsx(604,7): error TS2304: Cannot find name 'expect'.
src/views/medication/__tests__/MedicationSearch.focusableField.test.tsx(611,7): error TS2304: Cannot find name 'expect'.
src/views/medication/__tests__/MedicationSearch.focusableField.test.tsx(618,7): error TS2304: Cannot find name 'expect'.
src/views/medication/__tests__/MedicationSearch.focusableField.test.tsx(622,3): error TS2593: Cannot find name 'it'. Do you need to install type definitions for a test runner? Try `npm i --save-dev @types/jest` or `npm i --save-dev @types/mocha` and then add 'jest' or 'mocha' to the types field in your tsconfig.
src/views/medication/__tests__/MedicationSearch.focusableField.test.tsx(624,34): error TS2708: Cannot use namespace 'jest' as a value.
src/views/medication/__tests__/MedicationSearch.focusableField.test.tsx(652,7): error TS2304: Cannot find name 'expect'.
